{"/app/stigmergy.config.js": {"path":"/app/stigmergy.config.js","statementMap":{"0":{"start":{"line":4,"column":15},"end":{"line":35,"column":1}}},"fnMap":{},"branchMap":{},"s":{"0":19},"f":{},"b":{},"_coverageSchema":"1a1c01bbd47fc00a2c39e90264f33305004495a9","hash":"ac654d4c2d9da916fd236433af689edf303c499c"}
,"/app/ai/providers.js": {"path":"/app/ai/providers.js","statementMap":{"0":{"start":{"line":6,"column":24},"end":{"line":6,"column":26}},"1":{"start":{"line":10,"column":4},"end":{"line":10,"column":27}},"2":{"start":{"line":14,"column":23},"end":{"line":14,"column":47}},"3":{"start":{"line":15,"column":4},"end":{"line":17,"column":5}},"4":{"start":{"line":16,"column":8},"end":{"line":16,"column":87}},"5":{"start":{"line":19,"column":54},"end":{"line":19,"column":64}},"6":{"start":{"line":21,"column":4},"end":{"line":23,"column":5}},"7":{"start":{"line":22,"column":8},"end":{"line":22,"column":94}},"8":{"start":{"line":25,"column":19},"end":{"line":25,"column":43}},"9":{"start":{"line":26,"column":20},"end":{"line":26,"column":45}},"10":{"start":{"line":28,"column":4},"end":{"line":30,"column":5}},"11":{"start":{"line":29,"column":8},"end":{"line":29,"column":122}},"12":{"start":{"line":33,"column":21},"end":{"line":33,"column":53}},"13":{"start":{"line":35,"column":4},"end":{"line":46,"column":5}},"14":{"start":{"line":36,"column":8},"end":{"line":36,"column":97}},"15":{"start":{"line":38,"column":32},"end":{"line":38,"column":42}},"16":{"start":{"line":39,"column":8},"end":{"line":41,"column":9}},"17":{"start":{"line":40,"column":12},"end":{"line":40,"column":46}},"18":{"start":{"line":45,"column":8},"end":{"line":45,"column":68}},"19":{"start":{"line":48,"column":29},"end":{"line":48,"column":56}},"20":{"start":{"line":50,"column":4},"end":{"line":50,"column":76}},"21":{"start":{"line":51,"column":4},"end":{"line":51,"column":40}}},"fnMap":{"0":{"name":"_resetProviderInstances","decl":{"start":{"line":9,"column":16},"end":{"line":9,"column":39}},"loc":{"start":{"line":9,"column":42},"end":{"line":11,"column":1}},"line":9},"1":{"name":"getModelForTier","decl":{"start":{"line":13,"column":16},"end":{"line":13,"column":31}},"loc":{"start":{"line":13,"column":49},"end":{"line":52,"column":1}},"line":13}},"branchMap":{"0":{"loc":{"start":{"line":13,"column":32},"end":{"line":13,"column":47}},"type":"default-arg","locations":[{"start":{"line":13,"column":39},"end":{"line":13,"column":47}}],"line":13},"1":{"loc":{"start":{"line":15,"column":4},"end":{"line":17,"column":5}},"type":"if","locations":[{"start":{"line":15,"column":4},"end":{"line":17,"column":5}},{"start":{},"end":{}}],"line":15},"2":{"loc":{"start":{"line":21,"column":4},"end":{"line":23,"column":5}},"type":"if","locations":[{"start":{"line":21,"column":4},"end":{"line":23,"column":5}},{"start":{},"end":{}}],"line":21},"3":{"loc":{"start":{"line":21,"column":8},"end":{"line":21,"column":35}},"type":"binary-expr","locations":[{"start":{"line":21,"column":8},"end":{"line":21,"column":20}},{"start":{"line":21,"column":24},"end":{"line":21,"column":35}}],"line":21},"4":{"loc":{"start":{"line":28,"column":4},"end":{"line":30,"column":5}},"type":"if","locations":[{"start":{"line":28,"column":4},"end":{"line":30,"column":5}},{"start":{},"end":{}}],"line":28},"5":{"loc":{"start":{"line":35,"column":4},"end":{"line":46,"column":5}},"type":"if","locations":[{"start":{"line":35,"column":4},"end":{"line":46,"column":5}},{"start":{},"end":{}}],"line":35},"6":{"loc":{"start":{"line":39,"column":8},"end":{"line":41,"column":9}},"type":"if","locations":[{"start":{"line":39,"column":8},"end":{"line":41,"column":9}},{"start":{},"end":{}}],"line":39}},"s":{"0":14,"1":5,"2":16,"3":16,"4":0,"5":16,"6":16,"7":0,"8":16,"9":16,"10":16,"11":0,"12":16,"13":16,"14":7,"15":7,"16":7,"17":7,"18":7,"19":16,"20":16,"21":16},"f":{"0":5,"1":16},"b":{"0":[0],"1":[0,16],"2":[0,16],"3":[16,16],"4":[0,16],"5":[7,9],"6":[7,0]},"_coverageSchema":"1a1c01bbd47fc00a2c39e90264f33305004495a9","hash":"ba130d59702649afd6db657ee91224dffab918df"}
,"/app/cli/commands/install.js": {"path":"/app/cli/commands/install.js","statementMap":{"0":{"start":{"line":8,"column":21},"end":{"line":8,"column":29}},"1":{"start":{"line":9,"column":4},"end":{"line":15,"column":5}},"2":{"start":{"line":10,"column":32},"end":{"line":10,"column":69}},"3":{"start":{"line":11,"column":8},"end":{"line":13,"column":9}},"4":{"start":{"line":12,"column":12},"end":{"line":12,"column":30}},"5":{"start":{"line":14,"column":8},"end":{"line":14,"column":46}},"6":{"start":{"line":16,"column":4},"end":{"line":16,"column":16}},"7":{"start":{"line":20,"column":20},"end":{"line":20,"column":33}},"8":{"start":{"line":21,"column":2},"end":{"line":21,"column":62}},"9":{"start":{"line":24,"column":24},"end":{"line":24,"column":146}},"10":{"start":{"line":26,"column":2},"end":{"line":29,"column":3}},"11":{"start":{"line":27,"column":6},"end":{"line":27,"column":93}},"12":{"start":{"line":28,"column":6},"end":{"line":28,"column":19}},"13":{"start":{"line":31,"column":24},"end":{"line":31,"column":63}},"14":{"start":{"line":33,"column":2},"end":{"line":36,"column":3}},"15":{"start":{"line":34,"column":6},"end":{"line":34,"column":94}},"16":{"start":{"line":35,"column":6},"end":{"line":35,"column":37}},"17":{"start":{"line":38,"column":2},"end":{"line":38,"column":46}},"18":{"start":{"line":39,"column":2},"end":{"line":39,"column":59}},"19":{"start":{"line":41,"column":2},"end":{"line":41,"column":32}},"20":{"start":{"line":43,"column":22},"end":{"line":43,"column":74}},"21":{"start":{"line":44,"column":2},"end":{"line":51,"column":3}},"22":{"start":{"line":45,"column":24},"end":{"line":45,"column":65}},"23":{"start":{"line":46,"column":24},"end":{"line":46,"column":60}},"24":{"start":{"line":47,"column":6},"end":{"line":50,"column":7}},"25":{"start":{"line":48,"column":8},"end":{"line":48,"column":66}},"26":{"start":{"line":49,"column":8},"end":{"line":49,"column":47}},"27":{"start":{"line":53,"column":2},"end":{"line":53,"column":32}},"28":{"start":{"line":54,"column":2},"end":{"line":54,"column":55}},"29":{"start":{"line":56,"column":2},"end":{"line":56,"column":55}},"30":{"start":{"line":57,"column":2},"end":{"line":57,"column":29}},"31":{"start":{"line":58,"column":2},"end":{"line":58,"column":75}},"32":{"start":{"line":59,"column":2},"end":{"line":59,"column":64}},"33":{"start":{"line":60,"column":2},"end":{"line":60,"column":14}}},"fnMap":{"0":{"name":"findProjectRoot","decl":{"start":{"line":7,"column":15},"end":{"line":7,"column":30}},"loc":{"start":{"line":7,"column":41},"end":{"line":17,"column":1}},"line":7},"1":{"name":"install","decl":{"start":{"line":19,"column":22},"end":{"line":19,"column":29}},"loc":{"start":{"line":19,"column":32},"end":{"line":61,"column":1}},"line":19}},"branchMap":{"0":{"loc":{"start":{"line":11,"column":8},"end":{"line":13,"column":9}},"type":"if","locations":[{"start":{"line":11,"column":8},"end":{"line":13,"column":9}},{"start":{},"end":{}}],"line":11},"1":{"loc":{"start":{"line":24,"column":24},"end":{"line":24,"column":146}},"type":"binary-expr","locations":[{"start":{"line":24,"column":24},"end":{"line":24,"column":57}},{"start":{"line":24,"column":61},"end":{"line":24,"column":146}}],"line":24},"2":{"loc":{"start":{"line":26,"column":2},"end":{"line":29,"column":3}},"type":"if","locations":[{"start":{"line":26,"column":2},"end":{"line":29,"column":3}},{"start":{},"end":{}}],"line":26},"3":{"loc":{"start":{"line":26,"column":6},"end":{"line":26,"column":61}},"type":"binary-expr","locations":[{"start":{"line":26,"column":6},"end":{"line":26,"column":20}},{"start":{"line":26,"column":24},"end":{"line":26,"column":61}}],"line":26},"4":{"loc":{"start":{"line":33,"column":2},"end":{"line":36,"column":3}},"type":"if","locations":[{"start":{"line":33,"column":2},"end":{"line":36,"column":3}},{"start":{},"end":{}}],"line":33},"5":{"loc":{"start":{"line":44,"column":2},"end":{"line":51,"column":3}},"type":"if","locations":[{"start":{"line":44,"column":2},"end":{"line":51,"column":3}},{"start":{},"end":{}}],"line":44},"6":{"loc":{"start":{"line":47,"column":6},"end":{"line":50,"column":7}},"type":"if","locations":[{"start":{"line":47,"column":6},"end":{"line":50,"column":7}},{"start":{},"end":{}}],"line":47}},"s":{"0":1,"1":1,"2":5,"3":5,"4":1,"5":4,"6":0,"7":1,"8":1,"9":1,"10":1,"11":0,"12":0,"13":1,"14":1,"15":1,"16":1,"17":1,"18":1,"19":1,"20":1,"21":1,"22":1,"23":1,"24":1,"25":0,"26":0,"27":1,"28":1,"29":1,"30":1,"31":1,"32":1,"33":1},"f":{"0":1,"1":1},"b":{"0":[1,4],"1":[1,0],"2":[0,1],"3":[1,1],"4":[1,0],"5":[1,0],"6":[0,1]},"_coverageSchema":"1a1c01bbd47fc00a2c39e90264f33305004495a9","hash":"f2fa4fd2b91eb2c752a72dcadf283677e9af6ff5"}
,"/app/cli/commands/install_helpers.js": {"path":"/app/cli/commands/install_helpers.js","statementMap":{"0":{"start":{"line":5,"column":23},"end":{"line":5,"column":56}},"1":{"start":{"line":6,"column":18},"end":{"line":8,"column":1}},"2":{"start":{"line":9,"column":2},"end":{"line":9,"column":44}},"3":{"start":{"line":10,"column":2},"end":{"line":10,"column":66}}},"fnMap":{"0":{"name":"configureIde","decl":{"start":{"line":4,"column":22},"end":{"line":4,"column":34}},"loc":{"start":{"line":4,"column":46},"end":{"line":11,"column":1}},"line":4}},"branchMap":{},"s":{"0":1,"1":1,"2":1,"3":1},"f":{"0":1},"b":{},"_coverageSchema":"1a1c01bbd47fc00a2c39e90264f33305004495a9","hash":"505ab88a1886251495463c1e9d3d41565547697e"}
,"/app/cli/commands/validate.js": {"path":"/app/cli/commands/validate.js","statementMap":{"0":{"start":{"line":8,"column":2},"end":{"line":8,"column":40}},"1":{"start":{"line":8,"column":20},"end":{"line":8,"column":40}},"2":{"start":{"line":9,"column":2},"end":{"line":11,"column":3}},"3":{"start":{"line":10,"column":4},"end":{"line":10,"column":44}},"4":{"start":{"line":12,"column":2},"end":{"line":12,"column":53}},"5":{"start":{"line":15,"column":20},"end":{"line":33,"column":16}},"6":{"start":{"line":36,"column":2},"end":{"line":36,"column":49}},"7":{"start":{"line":38,"column":19},"end":{"line":38,"column":48}},"8":{"start":{"line":39,"column":20},"end":{"line":39,"column":49}},"9":{"start":{"line":41,"column":2},"end":{"line":52,"column":3}},"10":{"start":{"line":43,"column":25},"end":{"line":43,"column":83}},"11":{"start":{"line":44,"column":4},"end":{"line":47,"column":5}},"12":{"start":{"line":45,"column":6},"end":{"line":45,"column":73}},"13":{"start":{"line":46,"column":6},"end":{"line":46,"column":42}},"14":{"start":{"line":48,"column":4},"end":{"line":51,"column":6}},"15":{"start":{"line":54,"column":21},"end":{"line":54,"column":48}},"16":{"start":{"line":55,"column":22},"end":{"line":55,"column":23}},"17":{"start":{"line":56,"column":18},"end":{"line":56,"column":27}},"18":{"start":{"line":58,"column":2},"end":{"line":99,"column":3}},"19":{"start":{"line":59,"column":4},"end":{"line":61,"column":5}},"20":{"start":{"line":60,"column":6},"end":{"line":60,"column":15}},"21":{"start":{"line":63,"column":20},"end":{"line":63,"column":73}},"22":{"start":{"line":64,"column":22},"end":{"line":64,"column":70}},"23":{"start":{"line":66,"column":4},"end":{"line":70,"column":5}},"24":{"start":{"line":67,"column":6},"end":{"line":67,"column":58}},"25":{"start":{"line":68,"column":6},"end":{"line":68,"column":22}},"26":{"start":{"line":69,"column":6},"end":{"line":69,"column":15}},"27":{"start":{"line":72,"column":4},"end":{"line":74,"column":5}},"28":{"start":{"line":73,"column":6},"end":{"line":73,"column":73}},"29":{"start":{"line":76,"column":4},"end":{"line":98,"column":5}},"30":{"start":{"line":77,"column":24},"end":{"line":77,"column":47}},"31":{"start":{"line":78,"column":6},"end":{"line":78,"column":35}},"32":{"start":{"line":81,"column":6},"end":{"line":90,"column":7}},"33":{"start":{"line":82,"column":8},"end":{"line":89,"column":9}},"34":{"start":{"line":83,"column":10},"end":{"line":85,"column":12}},"35":{"start":{"line":86,"column":10},"end":{"line":86,"column":26}},"36":{"start":{"line":88,"column":10},"end":{"line":88,"column":51}},"37":{"start":{"line":92,"column":6},"end":{"line":96,"column":7}},"38":{"start":{"line":93,"column":8},"end":{"line":93,"column":84}},"39":{"start":{"line":95,"column":8},"end":{"line":95,"column":64}},"40":{"start":{"line":97,"column":6},"end":{"line":97,"column":22}},"41":{"start":{"line":101,"column":2},"end":{"line":106,"column":3}},"42":{"start":{"line":102,"column":4},"end":{"line":105,"column":6}},"43":{"start":{"line":108,"column":2},"end":{"line":108,"column":66}},"44":{"start":{"line":109,"column":2},"end":{"line":109,"column":27}},"45":{"start":{"line":113,"column":17},"end":{"line":113,"column":39}},"46":{"start":{"line":114,"column":2},"end":{"line":117,"column":3}},"47":{"start":{"line":115,"column":4},"end":{"line":115,"column":56}},"48":{"start":{"line":116,"column":4},"end":{"line":116,"column":20}},"49":{"start":{"line":121,"column":0},"end":{"line":123,"column":1}},"50":{"start":{"line":122,"column":2},"end":{"line":122,"column":9}}},"fnMap":{"0":{"name":"getCorePath","decl":{"start":{"line":7,"column":9},"end":{"line":7,"column":20}},"loc":{"start":{"line":7,"column":35},"end":{"line":13,"column":1}},"line":7},"1":{"name":"validateAgents","decl":{"start":{"line":35,"column":22},"end":{"line":35,"column":36}},"loc":{"start":{"line":35,"column":55},"end":{"line":110,"column":1}},"line":35},"2":{"name":"main","decl":{"start":{"line":112,"column":15},"end":{"line":112,"column":19}},"loc":{"start":{"line":112,"column":22},"end":{"line":118,"column":1}},"line":112}},"branchMap":{"0":{"loc":{"start":{"line":8,"column":2},"end":{"line":8,"column":40}},"type":"if","locations":[{"start":{"line":8,"column":2},"end":{"line":8,"column":40}},{"start":{},"end":{}}],"line":8},"1":{"loc":{"start":{"line":9,"column":2},"end":{"line":11,"column":3}},"type":"if","locations":[{"start":{"line":9,"column":2},"end":{"line":11,"column":3}},{"start":{},"end":{}}],"line":9},"2":{"loc":{"start":{"line":9,"column":6},"end":{"line":9,"column":64}},"type":"binary-expr","locations":[{"start":{"line":9,"column":6},"end":{"line":9,"column":28}},{"start":{"line":9,"column":32},"end":{"line":9,"column":64}}],"line":9},"3":{"loc":{"start":{"line":41,"column":2},"end":{"line":52,"column":3}},"type":"if","locations":[{"start":{"line":41,"column":2},"end":{"line":52,"column":3}},{"start":{},"end":{}}],"line":41},"4":{"loc":{"start":{"line":44,"column":4},"end":{"line":47,"column":5}},"type":"if","locations":[{"start":{"line":44,"column":4},"end":{"line":47,"column":5}},{"start":{},"end":{}}],"line":44},"5":{"loc":{"start":{"line":59,"column":4},"end":{"line":61,"column":5}},"type":"if","locations":[{"start":{"line":59,"column":4},"end":{"line":61,"column":5}},{"start":{},"end":{}}],"line":59},"6":{"loc":{"start":{"line":59,"column":8},"end":{"line":59,"column":82}},"type":"binary-expr","locations":[{"start":{"line":59,"column":8},"end":{"line":59,"column":29}},{"start":{"line":59,"column":33},"end":{"line":59,"column":55}},{"start":{"line":59,"column":59},"end":{"line":59,"column":82}}],"line":59},"7":{"loc":{"start":{"line":66,"column":4},"end":{"line":70,"column":5}},"type":"if","locations":[{"start":{"line":66,"column":4},"end":{"line":70,"column":5}},{"start":{},"end":{}}],"line":66},"8":{"loc":{"start":{"line":72,"column":4},"end":{"line":74,"column":5}},"type":"if","locations":[{"start":{"line":72,"column":4},"end":{"line":74,"column":5}},{"start":{},"end":{}}],"line":72},"9":{"loc":{"start":{"line":72,"column":8},"end":{"line":72,"column":66}},"type":"binary-expr","locations":[{"start":{"line":72,"column":8},"end":{"line":72,"column":34}},{"start":{"line":72,"column":38},"end":{"line":72,"column":66}}],"line":72},"10":{"loc":{"start":{"line":81,"column":6},"end":{"line":90,"column":7}},"type":"if","locations":[{"start":{"line":81,"column":6},"end":{"line":90,"column":7}},{"start":{},"end":{}}],"line":81},"11":{"loc":{"start":{"line":82,"column":8},"end":{"line":89,"column":9}},"type":"if","locations":[{"start":{"line":82,"column":8},"end":{"line":89,"column":9}},{"start":{"line":87,"column":15},"end":{"line":89,"column":9}}],"line":82},"12":{"loc":{"start":{"line":92,"column":6},"end":{"line":96,"column":7}},"type":"if","locations":[{"start":{"line":92,"column":6},"end":{"line":96,"column":7}},{"start":{"line":94,"column":13},"end":{"line":96,"column":7}}],"line":92},"13":{"loc":{"start":{"line":101,"column":2},"end":{"line":106,"column":3}},"type":"if","locations":[{"start":{"line":101,"column":2},"end":{"line":106,"column":3}},{"start":{},"end":{}}],"line":101},"14":{"loc":{"start":{"line":114,"column":2},"end":{"line":117,"column":3}},"type":"if","locations":[{"start":{"line":114,"column":2},"end":{"line":117,"column":3}},{"start":{},"end":{}}],"line":114},"15":{"loc":{"start":{"line":121,"column":0},"end":{"line":123,"column":1}},"type":"if","locations":[{"start":{"line":121,"column":0},"end":{"line":123,"column":1}},{"start":{},"end":{}}],"line":121}},"s":{"0":6,"1":0,"2":6,"3":0,"4":6,"5":4,"6":6,"7":6,"8":6,"9":6,"10":1,"11":1,"12":0,"13":0,"14":1,"15":5,"16":5,"17":5,"18":5,"19":6,"20":0,"21":6,"22":6,"23":6,"24":1,"25":1,"26":1,"27":5,"28":0,"29":5,"30":5,"31":4,"32":3,"33":3,"34":1,"35":1,"36":2,"37":2,"38":1,"39":1,"40":2,"41":5,"42":4,"43":1,"44":1,"45":0,"46":0,"47":0,"48":0,"49":4,"50":0},"f":{"0":6,"1":6,"2":0},"b":{"0":[0,6],"1":[0,6],"2":[6,0],"3":[1,5],"4":[0,1],"5":[0,6],"6":[6,0,0],"7":[1,5],"8":[0,5],"9":[5,0],"10":[3,0],"11":[1,2],"12":[1,1],"13":[4,1],"14":[0,0],"15":[0,4]},"_coverageSchema":"1a1c01bbd47fc00a2c39e90264f33305004495a9","hash":"c111ce443a87b468d98f5dc7172dd6c7d41282c0"}
,"/app/engine/agent_performance.js": {"path":"/app/engine/agent_performance.js","statementMap":{"0":{"start":{"line":11,"column":4},"end":{"line":11,"column":72}},"1":{"start":{"line":12,"column":4},"end":{"line":12,"column":22}},"2":{"start":{"line":16,"column":4},"end":{"line":16,"column":41}},"3":{"start":{"line":19,"column":22},"end":{"line":19,"column":63}},"4":{"start":{"line":20,"column":4},"end":{"line":26,"column":5}},"5":{"start":{"line":21,"column":6},"end":{"line":25,"column":9}},"6":{"start":{"line":33,"column":27},"end":{"line":33,"column":60}},"7":{"start":{"line":34,"column":25},"end":{"line":34,"column":58}},"8":{"start":{"line":36,"column":20},"end":{"line":49,"column":5}},"9":{"start":{"line":52,"column":24},"end":{"line":52,"column":70}},"10":{"start":{"line":53,"column":4},"end":{"line":53,"column":45}},"11":{"start":{"line":56,"column":4},"end":{"line":56,"column":37}},"12":{"start":{"line":58,"column":4},"end":{"line":58,"column":19}},"13":{"start":{"line":65,"column":22},"end":{"line":65,"column":63}},"14":{"start":{"line":66,"column":18},"end":{"line":66,"column":46}},"15":{"start":{"line":69,"column":4},"end":{"line":77,"column":5}},"16":{"start":{"line":70,"column":6},"end":{"line":76,"column":8}},"17":{"start":{"line":79,"column":18},"end":{"line":79,"column":47}},"18":{"start":{"line":80,"column":4},"end":{"line":80,"column":23}},"19":{"start":{"line":81,"column":4},"end":{"line":81,"column":49}},"20":{"start":{"line":81,"column":25},"end":{"line":81,"column":49}},"21":{"start":{"line":84,"column":24},"end":{"line":84,"column":64}},"22":{"start":{"line":86,"column":6},"end":{"line":86,"column":92}},"23":{"start":{"line":88,"column":6},"end":{"line":88,"column":95}},"24":{"start":{"line":90,"column":4},"end":{"line":90,"column":40}},"25":{"start":{"line":91,"column":4},"end":{"line":91,"column":38}},"26":{"start":{"line":92,"column":4},"end":{"line":92,"column":36}},"27":{"start":{"line":95,"column":4},"end":{"line":102,"column":5}},"28":{"start":{"line":96,"column":6},"end":{"line":101,"column":8}},"29":{"start":{"line":104,"column":21},"end":{"line":104,"column":54}},"30":{"start":{"line":105,"column":4},"end":{"line":105,"column":21}},"31":{"start":{"line":106,"column":4},"end":{"line":106,"column":49}},"32":{"start":{"line":106,"column":25},"end":{"line":106,"column":49}},"33":{"start":{"line":108,"column":4},"end":{"line":109,"column":92}},"34":{"start":{"line":110,"column":4},"end":{"line":111,"column":95}},"35":{"start":{"line":112,"column":4},"end":{"line":112,"column":66}},"36":{"start":{"line":115,"column":4},"end":{"line":122,"column":5}},"37":{"start":{"line":116,"column":6},"end":{"line":121,"column":8}},"38":{"start":{"line":124,"column":23},"end":{"line":124,"column":56}},"39":{"start":{"line":125,"column":4},"end":{"line":125,"column":65}},"40":{"start":{"line":128,"column":23},"end":{"line":128,"column":24}},"41":{"start":{"line":129,"column":21},"end":{"line":129,"column":22}},"42":{"start":{"line":131,"column":4},"end":{"line":137,"column":7}},"43":{"start":{"line":132,"column":6},"end":{"line":136,"column":7}},"44":{"start":{"line":133,"column":28},"end":{"line":133,"column":68}},"45":{"start":{"line":134,"column":8},"end":{"line":134,"column":49}},"46":{"start":{"line":135,"column":8},"end":{"line":135,"column":40}},"47":{"start":{"line":139,"column":4},"end":{"line":139,"column":83}},"48":{"start":{"line":142,"column":19},"end":{"line":142,"column":20}},"49":{"start":{"line":143,"column":20},"end":{"line":143,"column":24}},"50":{"start":{"line":145,"column":4},"end":{"line":153,"column":7}},"51":{"start":{"line":146,"column":6},"end":{"line":152,"column":7}},"52":{"start":{"line":147,"column":21},"end":{"line":147,"column":73}},"53":{"start":{"line":148,"column":8},"end":{"line":151,"column":9}},"54":{"start":{"line":149,"column":10},"end":{"line":149,"column":26}},"55":{"start":{"line":150,"column":10},"end":{"line":150,"column":30}},"56":{"start":{"line":155,"column":4},"end":{"line":155,"column":37}},"57":{"start":{"line":156,"column":4},"end":{"line":156,"column":40}},"58":{"start":{"line":158,"column":4},"end":{"line":158,"column":56}},"59":{"start":{"line":165,"column":16},"end":{"line":165,"column":19}},"60":{"start":{"line":168,"column":4},"end":{"line":176,"column":5}},"61":{"start":{"line":169,"column":6},"end":{"line":171,"column":7}},"62":{"start":{"line":170,"column":8},"end":{"line":170,"column":66}},"63":{"start":{"line":173,"column":6},"end":{"line":175,"column":7}},"64":{"start":{"line":174,"column":8},"end":{"line":174,"column":66}},"65":{"start":{"line":179,"column":4},"end":{"line":181,"column":5}},"66":{"start":{"line":180,"column":6},"end":{"line":180,"column":57}},"67":{"start":{"line":183,"column":4},"end":{"line":183,"column":47}},"68":{"start":{"line":190,"column":22},"end":{"line":190,"column":63}},"69":{"start":{"line":191,"column":18},"end":{"line":191,"column":46}},"70":{"start":{"line":193,"column":4},"end":{"line":193,"column":41}},"71":{"start":{"line":200,"column":22},"end":{"line":200,"column":63}},"72":{"start":{"line":201,"column":18},"end":{"line":201,"column":46}},"73":{"start":{"line":203,"column":24},"end":{"line":203,"column":49}},"74":{"start":{"line":204,"column":4},"end":{"line":204,"column":54}},"75":{"start":{"line":211,"column":22},"end":{"line":211,"column":63}},"76":{"start":{"line":212,"column":18},"end":{"line":212,"column":46}},"77":{"start":{"line":214,"column":21},"end":{"line":214,"column":23}},"78":{"start":{"line":217,"column":4},"end":{"line":227,"column":7}},"79":{"start":{"line":218,"column":6},"end":{"line":226,"column":7}},"80":{"start":{"line":219,"column":8},"end":{"line":225,"column":11}},"81":{"start":{"line":230,"column":4},"end":{"line":240,"column":7}},"82":{"start":{"line":231,"column":6},"end":{"line":239,"column":7}},"83":{"start":{"line":232,"column":8},"end":{"line":238,"column":11}},"84":{"start":{"line":242,"column":4},"end":{"line":242,"column":60}},"85":{"start":{"line":242,"column":35},"end":{"line":242,"column":58}}},"fnMap":{"0":{"name":"(anonymous_0)","decl":{"start":{"line":10,"column":2},"end":{"line":10,"column":3}},"loc":{"start":{"line":10,"column":16},"end":{"line":13,"column":3}},"line":10},"1":{"name":"(anonymous_1)","decl":{"start":{"line":15,"column":2},"end":{"line":15,"column":3}},"loc":{"start":{"line":15,"column":21},"end":{"line":27,"column":3}},"line":15},"2":{"name":"(anonymous_2)","decl":{"start":{"line":32,"column":2},"end":{"line":32,"column":3}},"loc":{"start":{"line":32,"column":35},"end":{"line":59,"column":3}},"line":32},"3":{"name":"(anonymous_3)","decl":{"start":{"line":64,"column":2},"end":{"line":64,"column":3}},"loc":{"start":{"line":64,"column":30},"end":{"line":159,"column":3}},"line":64},"4":{"name":"(anonymous_4)","decl":{"start":{"line":131,"column":40},"end":{"line":131,"column":41}},"loc":{"start":{"line":131,"column":58},"end":{"line":137,"column":5}},"line":131},"5":{"name":"(anonymous_5)","decl":{"start":{"line":145,"column":41},"end":{"line":145,"column":42}},"loc":{"start":{"line":145,"column":70},"end":{"line":153,"column":5}},"line":145},"6":{"name":"(anonymous_6)","decl":{"start":{"line":164,"column":2},"end":{"line":164,"column":3}},"loc":{"start":{"line":164,"column":31},"end":{"line":184,"column":3}},"line":164},"7":{"name":"(anonymous_7)","decl":{"start":{"line":189,"column":2},"end":{"line":189,"column":3}},"loc":{"start":{"line":189,"column":33},"end":{"line":194,"column":3}},"line":189},"8":{"name":"(anonymous_8)","decl":{"start":{"line":199,"column":2},"end":{"line":199,"column":3}},"loc":{"start":{"line":199,"column":38},"end":{"line":205,"column":3}},"line":199},"9":{"name":"(anonymous_9)","decl":{"start":{"line":210,"column":2},"end":{"line":210,"column":3}},"loc":{"start":{"line":210,"column":33},"end":{"line":243,"column":3}},"line":210},"10":{"name":"(anonymous_10)","decl":{"start":{"line":217,"column":41},"end":{"line":217,"column":42}},"loc":{"start":{"line":217,"column":65},"end":{"line":227,"column":5}},"line":217},"11":{"name":"(anonymous_11)","decl":{"start":{"line":230,"column":44},"end":{"line":230,"column":45}},"loc":{"start":{"line":230,"column":69},"end":{"line":240,"column":5}},"line":230},"12":{"name":"(anonymous_12)","decl":{"start":{"line":242,"column":25},"end":{"line":242,"column":26}},"loc":{"start":{"line":242,"column":35},"end":{"line":242,"column":58}},"line":242}},"branchMap":{"0":{"loc":{"start":{"line":20,"column":4},"end":{"line":26,"column":5}},"type":"if","locations":[{"start":{"line":20,"column":4},"end":{"line":26,"column":5}},{"start":{},"end":{}}],"line":20},"1":{"loc":{"start":{"line":69,"column":4},"end":{"line":77,"column":5}},"type":"if","locations":[{"start":{"line":69,"column":4},"end":{"line":77,"column":5}},{"start":{},"end":{}}],"line":69},"2":{"loc":{"start":{"line":81,"column":4},"end":{"line":81,"column":49}},"type":"if","locations":[{"start":{"line":81,"column":4},"end":{"line":81,"column":49}},{"start":{},"end":{}}],"line":81},"3":{"loc":{"start":{"line":95,"column":4},"end":{"line":102,"column":5}},"type":"if","locations":[{"start":{"line":95,"column":4},"end":{"line":102,"column":5}},{"start":{},"end":{}}],"line":95},"4":{"loc":{"start":{"line":106,"column":4},"end":{"line":106,"column":49}},"type":"if","locations":[{"start":{"line":106,"column":4},"end":{"line":106,"column":49}},{"start":{},"end":{}}],"line":106},"5":{"loc":{"start":{"line":115,"column":4},"end":{"line":122,"column":5}},"type":"if","locations":[{"start":{"line":115,"column":4},"end":{"line":122,"column":5}},{"start":{},"end":{}}],"line":115},"6":{"loc":{"start":{"line":132,"column":6},"end":{"line":136,"column":7}},"type":"if","locations":[{"start":{"line":132,"column":6},"end":{"line":136,"column":7}},{"start":{},"end":{}}],"line":132},"7":{"loc":{"start":{"line":139,"column":36},"end":{"line":139,"column":82}},"type":"cond-expr","locations":[{"start":{"line":139,"column":53},"end":{"line":139,"column":78}},{"start":{"line":139,"column":81},"end":{"line":139,"column":82}}],"line":139},"8":{"loc":{"start":{"line":146,"column":6},"end":{"line":152,"column":7}},"type":"if","locations":[{"start":{"line":146,"column":6},"end":{"line":152,"column":7}},{"start":{},"end":{}}],"line":146},"9":{"loc":{"start":{"line":148,"column":8},"end":{"line":151,"column":9}},"type":"if","locations":[{"start":{"line":148,"column":8},"end":{"line":151,"column":9}},{"start":{},"end":{}}],"line":148},"10":{"loc":{"start":{"line":168,"column":4},"end":{"line":176,"column":5}},"type":"if","locations":[{"start":{"line":168,"column":4},"end":{"line":176,"column":5}},{"start":{},"end":{}}],"line":168},"11":{"loc":{"start":{"line":169,"column":6},"end":{"line":171,"column":7}},"type":"if","locations":[{"start":{"line":169,"column":6},"end":{"line":171,"column":7}},{"start":{},"end":{}}],"line":169},"12":{"loc":{"start":{"line":169,"column":10},"end":{"line":169,"column":84}},"type":"binary-expr","locations":[{"start":{"line":169,"column":10},"end":{"line":169,"column":37}},{"start":{"line":169,"column":41},"end":{"line":169,"column":84}}],"line":169},"13":{"loc":{"start":{"line":173,"column":6},"end":{"line":175,"column":7}},"type":"if","locations":[{"start":{"line":173,"column":6},"end":{"line":175,"column":7}},{"start":{},"end":{}}],"line":173},"14":{"loc":{"start":{"line":173,"column":10},"end":{"line":173,"column":82}},"type":"binary-expr","locations":[{"start":{"line":173,"column":10},"end":{"line":173,"column":36}},{"start":{"line":173,"column":40},"end":{"line":173,"column":82}}],"line":173},"15":{"loc":{"start":{"line":179,"column":4},"end":{"line":181,"column":5}},"type":"if","locations":[{"start":{"line":179,"column":4},"end":{"line":181,"column":5}},{"start":{},"end":{}}],"line":179},"16":{"loc":{"start":{"line":193,"column":11},"end":{"line":193,"column":40}},"type":"binary-expr","locations":[{"start":{"line":193,"column":11},"end":{"line":193,"column":32}},{"start":{"line":193,"column":36},"end":{"line":193,"column":40}}],"line":193},"17":{"loc":{"start":{"line":204,"column":11},"end":{"line":204,"column":53}},"type":"cond-expr","locations":[{"start":{"line":204,"column":25},"end":{"line":204,"column":46}},{"start":{"line":204,"column":49},"end":{"line":204,"column":53}}],"line":204},"18":{"loc":{"start":{"line":218,"column":6},"end":{"line":226,"column":7}},"type":"if","locations":[{"start":{"line":218,"column":6},"end":{"line":226,"column":7}},{"start":{},"end":{}}],"line":218},"19":{"loc":{"start":{"line":218,"column":10},"end":{"line":218,"column":62}},"type":"binary-expr","locations":[{"start":{"line":218,"column":10},"end":{"line":218,"column":33}},{"start":{"line":218,"column":37},"end":{"line":218,"column":62}}],"line":218},"20":{"loc":{"start":{"line":231,"column":6},"end":{"line":239,"column":7}},"type":"if","locations":[{"start":{"line":231,"column":6},"end":{"line":239,"column":7}},{"start":{},"end":{}}],"line":231}},"s":{"0":2,"1":2,"2":2,"3":2,"4":2,"5":0,"6":0,"7":0,"8":0,"9":0,"10":0,"11":0,"12":0,"13":0,"14":0,"15":0,"16":0,"17":0,"18":0,"19":0,"20":0,"21":0,"22":0,"23":0,"24":0,"25":0,"26":0,"27":0,"28":0,"29":0,"30":0,"31":0,"32":0,"33":0,"34":0,"35":0,"36":0,"37":0,"38":0,"39":0,"40":0,"41":0,"42":0,"43":0,"44":0,"45":0,"46":0,"47":0,"48":0,"49":0,"50":0,"51":0,"52":0,"53":0,"54":0,"55":0,"56":0,"57":0,"58":0,"59":0,"60":0,"61":0,"62":0,"63":0,"64":0,"65":0,"66":0,"67":0,"68":0,"69":0,"70":0,"71":0,"72":0,"73":0,"74":0,"75":0,"76":0,"77":0,"78":0,"79":0,"80":0,"81":0,"82":0,"83":0,"84":0,"85":0},"f":{"0":2,"1":2,"2":0,"3":0,"4":0,"5":0,"6":0,"7":0,"8":0,"9":0,"10":0,"11":0,"12":0},"b":{"0":[0,2],"1":[0,0],"2":[0,0],"3":[0,0],"4":[0,0],"5":[0,0],"6":[0,0],"7":[0,0],"8":[0,0],"9":[0,0],"10":[0,0],"11":[0,0],"12":[0,0],"13":[0,0],"14":[0,0],"15":[0,0],"16":[0,0],"17":[0,0],"18":[0,0],"19":[0,0],"20":[0,0]},"_coverageSchema":"1a1c01bbd47fc00a2c39e90264f33305004495a9","hash":"d6fc927ea19110d7de7c6b7e3eb35a7b580dbbd2"}
,"/app/engine/context_enhancer.js": {"path":"/app/engine/context_enhancer.js","statementMap":{"0":{"start":{"line":3,"column":31},"end":{"line":3,"column":244}},"1":{"start":{"line":6,"column":24},"end":{"line":6,"column":142}},"2":{"start":{"line":7,"column":20},"end":{"line":7,"column":29}},"3":{"start":{"line":9,"column":4},"end":{"line":14,"column":5}},"4":{"start":{"line":10,"column":23},"end":{"line":10,"column":67}},"5":{"start":{"line":11,"column":8},"end":{"line":13,"column":9}},"6":{"start":{"line":12,"column":12},"end":{"line":12,"column":32}},"7":{"start":{"line":15,"column":4},"end":{"line":15,"column":31}},"8":{"start":{"line":19,"column":2},"end":{"line":21,"column":3}},"9":{"start":{"line":20,"column":4},"end":{"line":20,"column":67}},"10":{"start":{"line":22,"column":26},"end":{"line":45,"column":4}},"11":{"start":{"line":23,"column":4},"end":{"line":44,"column":5}},"12":{"start":{"line":24,"column":25},"end":{"line":24,"column":85}},"13":{"start":{"line":25,"column":21},"end":{"line":25,"column":78}},"14":{"start":{"line":26,"column":20},"end":{"line":26,"column":65}},"15":{"start":{"line":27,"column":6},"end":{"line":31,"column":7}},"16":{"start":{"line":28,"column":8},"end":{"line":28,"column":143}},"17":{"start":{"line":30,"column":8},"end":{"line":30,"column":59}},"18":{"start":{"line":32,"column":6},"end":{"line":39,"column":7}},"19":{"start":{"line":33,"column":8},"end":{"line":33,"column":56}},"20":{"start":{"line":34,"column":8},"end":{"line":36,"column":11}},"21":{"start":{"line":35,"column":10},"end":{"line":35,"column":97}},"22":{"start":{"line":38,"column":8},"end":{"line":38,"column":58}},"23":{"start":{"line":40,"column":6},"end":{"line":40,"column":21}},"24":{"start":{"line":42,"column":6},"end":{"line":42,"column":93}},"25":{"start":{"line":43,"column":6},"end":{"line":43,"column":76}},"26":{"start":{"line":46,"column":19},"end":{"line":46,"column":53}},"27":{"start":{"line":47,"column":2},"end":{"line":47,"column":29}},"28":{"start":{"line":51,"column":2},"end":{"line":51,"column":70}},"29":{"start":{"line":52,"column":18},"end":{"line":52,"column":53}},"30":{"start":{"line":53,"column":2},"end":{"line":65,"column":3}},"31":{"start":{"line":54,"column":4},"end":{"line":54,"column":74}},"32":{"start":{"line":55,"column":4},"end":{"line":55,"column":75}},"33":{"start":{"line":56,"column":27},"end":{"line":56,"column":62}},"34":{"start":{"line":57,"column":4},"end":{"line":57,"column":65}},"35":{"start":{"line":58,"column":4},"end":{"line":64,"column":6}},"36":{"start":{"line":66,"column":2},"end":{"line":66,"column":12}},"37":{"start":{"line":70,"column":24},"end":{"line":73,"column":1}}},"fnMap":{"0":{"name":"extractSymbolsFromTask","decl":{"start":{"line":5,"column":9},"end":{"line":5,"column":31}},"loc":{"start":{"line":5,"column":45},"end":{"line":16,"column":1}},"line":5},"1":{"name":"getContextForSymbols","decl":{"start":{"line":18,"column":15},"end":{"line":18,"column":35}},"loc":{"start":{"line":18,"column":45},"end":{"line":48,"column":1}},"line":18},"2":{"name":"(anonymous_2)","decl":{"start":{"line":22,"column":38},"end":{"line":22,"column":39}},"loc":{"start":{"line":22,"column":56},"end":{"line":45,"column":3}},"line":22},"3":{"name":"(anonymous_3)","decl":{"start":{"line":34,"column":35},"end":{"line":34,"column":36}},"loc":{"start":{"line":34,"column":46},"end":{"line":36,"column":9}},"line":34},"4":{"name":"enhance","decl":{"start":{"line":50,"column":22},"end":{"line":50,"column":29}},"loc":{"start":{"line":50,"column":43},"end":{"line":67,"column":1}},"line":50}},"branchMap":{"0":{"loc":{"start":{"line":10,"column":23},"end":{"line":10,"column":67}},"type":"binary-expr","locations":[{"start":{"line":10,"column":23},"end":{"line":10,"column":31}},{"start":{"line":10,"column":35},"end":{"line":10,"column":43}},{"start":{"line":10,"column":47},"end":{"line":10,"column":55}},{"start":{"line":10,"column":59},"end":{"line":10,"column":67}}],"line":10},"1":{"loc":{"start":{"line":11,"column":8},"end":{"line":13,"column":9}},"type":"if","locations":[{"start":{"line":11,"column":8},"end":{"line":13,"column":9}},{"start":{},"end":{}}],"line":11},"2":{"loc":{"start":{"line":11,"column":12},"end":{"line":11,"column":71}},"type":"binary-expr","locations":[{"start":{"line":11,"column":12},"end":{"line":11,"column":18}},{"start":{"line":11,"column":22},"end":{"line":11,"column":71}}],"line":11},"3":{"loc":{"start":{"line":19,"column":2},"end":{"line":21,"column":3}},"type":"if","locations":[{"start":{"line":19,"column":2},"end":{"line":21,"column":3}},{"start":{},"end":{}}],"line":19},"4":{"loc":{"start":{"line":27,"column":6},"end":{"line":31,"column":7}},"type":"if","locations":[{"start":{"line":27,"column":6},"end":{"line":31,"column":7}},{"start":{"line":29,"column":13},"end":{"line":31,"column":7}}],"line":27},"5":{"loc":{"start":{"line":27,"column":10},"end":{"line":27,"column":45}},"type":"binary-expr","locations":[{"start":{"line":27,"column":10},"end":{"line":27,"column":20}},{"start":{"line":27,"column":24},"end":{"line":27,"column":45}}],"line":27},"6":{"loc":{"start":{"line":28,"column":69},"end":{"line":28,"column":104}},"type":"binary-expr","locations":[{"start":{"line":28,"column":69},"end":{"line":28,"column":88}},{"start":{"line":28,"column":92},"end":{"line":28,"column":104}}],"line":28},"7":{"loc":{"start":{"line":32,"column":6},"end":{"line":39,"column":7}},"type":"if","locations":[{"start":{"line":32,"column":6},"end":{"line":39,"column":7}},{"start":{"line":37,"column":13},"end":{"line":39,"column":7}}],"line":32},"8":{"loc":{"start":{"line":32,"column":10},"end":{"line":32,"column":37}},"type":"binary-expr","locations":[{"start":{"line":32,"column":10},"end":{"line":32,"column":16}},{"start":{"line":32,"column":20},"end":{"line":32,"column":37}}],"line":32},"9":{"loc":{"start":{"line":53,"column":2},"end":{"line":65,"column":3}},"type":"if","locations":[{"start":{"line":53,"column":2},"end":{"line":65,"column":3}},{"start":{},"end":{}}],"line":53}},"s":{"0":5,"1":4,"2":4,"3":4,"4":7,"5":7,"6":4,"7":4,"8":5,"9":1,"10":4,"11":4,"12":4,"13":3,"14":3,"15":3,"16":2,"17":1,"18":3,"19":1,"20":1,"21":1,"22":2,"23":3,"24":1,"25":1,"26":4,"27":4,"28":2,"29":2,"30":2,"31":1,"32":1,"33":1,"34":1,"35":1,"36":1,"37":5},"f":{"0":4,"1":5,"2":4,"3":1,"4":2},"b":{"0":[7,3,0,0],"1":[4,3],"2":[7,7],"3":[1,4],"4":[2,1],"5":[3,3],"6":[2,1],"7":[1,2],"8":[3,3],"9":[1,1]},"_coverageSchema":"1a1c01bbd47fc00a2c39e90264f33305004495a9","hash":"195adbe1b3ce0b71b3e93af2f9a97629613aa78c"}
,"/app/engine/dashboard.js": {"path":"/app/engine/dashboard.js","statementMap":{"0":{"start":{"line":6,"column":15},"end":{"line":6,"column":31}},"1":{"start":{"line":8,"column":0},"end":{"line":16,"column":3}},"2":{"start":{"line":9,"column":2},"end":{"line":15,"column":3}},"3":{"start":{"line":10,"column":18},"end":{"line":10,"column":47}},"4":{"start":{"line":11,"column":24},"end":{"line":11,"column":71}},"5":{"start":{"line":12,"column":4},"end":{"line":12,"column":40}},"6":{"start":{"line":14,"column":4},"end":{"line":14,"column":51}},"7":{"start":{"line":18,"column":0},"end":{"line":18,"column":73}}},"fnMap":{"0":{"name":"(anonymous_0)","decl":{"start":{"line":8,"column":21},"end":{"line":8,"column":22}},"loc":{"start":{"line":8,"column":41},"end":{"line":16,"column":1}},"line":8}},"branchMap":{},"s":{"0":2,"1":2,"2":0,"3":0,"4":0,"5":0,"6":0,"7":2},"f":{"0":0},"b":{},"_coverageSchema":"1a1c01bbd47fc00a2c39e90264f33305004495a9","hash":"dd7bf0e397666bf4575a2836ff9fbd0fcf4ab554"}
,"/app/engine/error_handling.js": {"path":"/app/engine/error_handling.js","statementMap":{"0":{"start":{"line":6,"column":27},"end":{"line":14,"column":1}},"1":{"start":{"line":21,"column":4},"end":{"line":21,"column":19}},"2":{"start":{"line":22,"column":4},"end":{"line":22,"column":35}},"3":{"start":{"line":23,"column":4},"end":{"line":23,"column":21}},"4":{"start":{"line":24,"column":4},"end":{"line":24,"column":45}},"5":{"start":{"line":25,"column":4},"end":{"line":25,"column":30}},"6":{"start":{"line":40,"column":4},"end":{"line":42,"column":5}},"7":{"start":{"line":41,"column":6},"end":{"line":41,"column":19}},"8":{"start":{"line":45,"column":15},"end":{"line":45,"column":40}},"9":{"start":{"line":46,"column":18},"end":{"line":46,"column":31}},"10":{"start":{"line":47,"column":22},"end":{"line":47,"column":24}},"11":{"start":{"line":49,"column":4},"end":{"line":58,"column":5}},"12":{"start":{"line":50,"column":6},"end":{"line":50,"column":39}},"13":{"start":{"line":51,"column":6},"end":{"line":51,"column":168}},"14":{"start":{"line":52,"column":11},"end":{"line":58,"column":5}},"15":{"start":{"line":53,"column":6},"end":{"line":53,"column":40}},"16":{"start":{"line":54,"column":6},"end":{"line":54,"column":137}},"17":{"start":{"line":55,"column":11},"end":{"line":58,"column":5}},"18":{"start":{"line":56,"column":8},"end":{"line":56,"column":45}},"19":{"start":{"line":57,"column":8},"end":{"line":57,"column":104}},"20":{"start":{"line":60,"column":4},"end":{"line":60,"column":117}},"21":{"start":{"line":61,"column":4},"end":{"line":61,"column":66}},"22":{"start":{"line":63,"column":4},"end":{"line":63,"column":60}}},"fnMap":{"0":{"name":"(anonymous_0)","decl":{"start":{"line":20,"column":2},"end":{"line":20,"column":3}},"loc":{"start":{"line":20,"column":52},"end":{"line":26,"column":3}},"line":20},"1":{"name":"(anonymous_1)","decl":{"start":{"line":39,"column":2},"end":{"line":39,"column":3}},"loc":{"start":{"line":39,"column":31},"end":{"line":64,"column":3}},"line":39}},"branchMap":{"0":{"loc":{"start":{"line":20,"column":29},"end":{"line":20,"column":50}},"type":"default-arg","locations":[{"start":{"line":20,"column":48},"end":{"line":20,"column":50}}],"line":20},"1":{"loc":{"start":{"line":39,"column":17},"end":{"line":39,"column":29}},"type":"default-arg","locations":[{"start":{"line":39,"column":27},"end":{"line":39,"column":29}}],"line":39},"2":{"loc":{"start":{"line":40,"column":4},"end":{"line":42,"column":5}},"type":"if","locations":[{"start":{"line":40,"column":4},"end":{"line":42,"column":5}},{"start":{},"end":{}}],"line":40},"3":{"loc":{"start":{"line":49,"column":4},"end":{"line":58,"column":5}},"type":"if","locations":[{"start":{"line":49,"column":4},"end":{"line":58,"column":5}},{"start":{"line":52,"column":11},"end":{"line":58,"column":5}}],"line":49},"4":{"loc":{"start":{"line":49,"column":8},"end":{"line":49,"column":79}},"type":"binary-expr","locations":[{"start":{"line":49,"column":8},"end":{"line":49,"column":43}},{"start":{"line":49,"column":47},"end":{"line":49,"column":79}}],"line":49},"5":{"loc":{"start":{"line":52,"column":11},"end":{"line":58,"column":5}},"type":"if","locations":[{"start":{"line":52,"column":11},"end":{"line":58,"column":5}},{"start":{"line":55,"column":11},"end":{"line":58,"column":5}}],"line":52},"6":{"loc":{"start":{"line":55,"column":11},"end":{"line":58,"column":5}},"type":"if","locations":[{"start":{"line":55,"column":11},"end":{"line":58,"column":5}},{"start":{},"end":{}}],"line":55},"7":{"loc":{"start":{"line":60,"column":83},"end":{"line":60,"column":111}},"type":"binary-expr","locations":[{"start":{"line":60,"column":83},"end":{"line":60,"column":98}},{"start":{"line":60,"column":102},"end":{"line":60,"column":111}}],"line":60}},"s":{"0":1,"1":2,"2":2,"3":2,"4":2,"5":2,"6":2,"7":0,"8":2,"9":2,"10":2,"11":2,"12":1,"13":1,"14":1,"15":0,"16":0,"17":1,"18":0,"19":0,"20":2,"21":2,"22":2},"f":{"0":2,"1":2},"b":{"0":[0],"1":[2],"2":[0,2],"3":[1,1],"4":[2,1],"5":[0,1],"6":[0,1],"7":[2,2]},"_coverageSchema":"1a1c01bbd47fc00a2c39e90264f33305004495a9","hash":"c2fcfffd05ae9fe30c8ccb246ed73efdce71d465"}
,"/app/engine/execution_graph.js": {"path":"/app/engine/execution_graph.js","statementMap":{"0":{"start":{"line":4,"column":30},"end":{"line":12,"column":1}},"1":{"start":{"line":9,"column":30},"end":{"line":9,"column":49}},"2":{"start":{"line":15,"column":32},"end":{"line":15,"column":76}},"3":{"start":{"line":18,"column":25},"end":{"line":23,"column":3}},"4":{"start":{"line":19,"column":4},"end":{"line":19,"column":59}},"5":{"start":{"line":20,"column":19},"end":{"line":20,"column":216}},"6":{"start":{"line":21,"column":21},"end":{"line":21,"column":61}},"7":{"start":{"line":22,"column":4},"end":{"line":22,"column":97}},"8":{"start":{"line":25,"column":23},"end":{"line":29,"column":3}},"9":{"start":{"line":26,"column":4},"end":{"line":26,"column":56}},"10":{"start":{"line":27,"column":17},"end":{"line":27,"column":54}},"11":{"start":{"line":28,"column":4},"end":{"line":28,"column":20}},"12":{"start":{"line":31,"column":29},"end":{"line":35,"column":3}},"13":{"start":{"line":32,"column":4},"end":{"line":32,"column":68}},"14":{"start":{"line":33,"column":17},"end":{"line":33,"column":66}},"15":{"start":{"line":34,"column":4},"end":{"line":34,"column":20}},"16":{"start":{"line":37,"column":22},"end":{"line":47,"column":3}},"17":{"start":{"line":38,"column":4},"end":{"line":38,"column":62}},"18":{"start":{"line":39,"column":33},"end":{"line":41,"column":10}},"19":{"start":{"line":43,"column":19},"end":{"line":43,"column":225}},"20":{"start":{"line":44,"column":21},"end":{"line":44,"column":53}},"21":{"start":{"line":45,"column":21},"end":{"line":45,"column":81}},"22":{"start":{"line":46,"column":4},"end":{"line":46,"column":60}},"23":{"start":{"line":49,"column":23},"end":{"line":55,"column":3}},"24":{"start":{"line":50,"column":4},"end":{"line":50,"column":72}},"25":{"start":{"line":51,"column":19},"end":{"line":51,"column":204}},"26":{"start":{"line":53,"column":20},"end":{"line":53,"column":58}},"27":{"start":{"line":54,"column":4},"end":{"line":54,"column":41}},"28":{"start":{"line":57,"column":2},"end":{"line":57,"column":62}},"29":{"start":{"line":58,"column":2},"end":{"line":58,"column":59}},"30":{"start":{"line":59,"column":2},"end":{"line":59,"column":77}},"31":{"start":{"line":60,"column":2},"end":{"line":60,"column":57}},"32":{"start":{"line":61,"column":2},"end":{"line":61,"column":64}},"33":{"start":{"line":64,"column":2},"end":{"line":64,"column":52}},"34":{"start":{"line":66,"column":2},"end":{"line":71,"column":5}},"35":{"start":{"line":67,"column":4},"end":{"line":69,"column":5}},"36":{"start":{"line":68,"column":6},"end":{"line":68,"column":37}},"37":{"start":{"line":70,"column":4},"end":{"line":70,"column":23}},"38":{"start":{"line":73,"column":2},"end":{"line":73,"column":57}},"39":{"start":{"line":74,"column":2},"end":{"line":74,"column":69}},"40":{"start":{"line":76,"column":2},"end":{"line":81,"column":5}},"41":{"start":{"line":77,"column":4},"end":{"line":79,"column":5}},"42":{"start":{"line":78,"column":6},"end":{"line":78,"column":17}},"43":{"start":{"line":80,"column":4},"end":{"line":80,"column":28}},"44":{"start":{"line":83,"column":2},"end":{"line":83,"column":64}},"45":{"start":{"line":86,"column":2},"end":{"line":86,"column":41}}},"fnMap":{"0":{"name":"(anonymous_0)","decl":{"start":{"line":9,"column":20},"end":{"line":9,"column":21}},"loc":{"start":{"line":9,"column":30},"end":{"line":9,"column":49}},"line":9},"1":{"name":"createExecutionGraph","decl":{"start":{"line":14,"column":16},"end":{"line":14,"column":36}},"loc":{"start":{"line":14,"column":51},"end":{"line":87,"column":1}},"line":14},"2":{"name":"(anonymous_2)","decl":{"start":{"line":18,"column":25},"end":{"line":18,"column":26}},"loc":{"start":{"line":18,"column":42},"end":{"line":23,"column":3}},"line":18},"3":{"name":"(anonymous_3)","decl":{"start":{"line":25,"column":23},"end":{"line":25,"column":24}},"loc":{"start":{"line":25,"column":40},"end":{"line":29,"column":3}},"line":25},"4":{"name":"(anonymous_4)","decl":{"start":{"line":31,"column":29},"end":{"line":31,"column":30}},"loc":{"start":{"line":31,"column":46},"end":{"line":35,"column":3}},"line":31},"5":{"name":"(anonymous_5)","decl":{"start":{"line":37,"column":22},"end":{"line":37,"column":23}},"loc":{"start":{"line":37,"column":39},"end":{"line":47,"column":3}},"line":37},"6":{"name":"(anonymous_6)","decl":{"start":{"line":49,"column":23},"end":{"line":49,"column":24}},"loc":{"start":{"line":49,"column":40},"end":{"line":55,"column":3}},"line":49},"7":{"name":"(anonymous_7)","decl":{"start":{"line":66,"column":58},"end":{"line":66,"column":59}},"loc":{"start":{"line":66,"column":69},"end":{"line":71,"column":3}},"line":66},"8":{"name":"(anonymous_8)","decl":{"start":{"line":76,"column":56},"end":{"line":76,"column":57}},"loc":{"start":{"line":76,"column":67},"end":{"line":81,"column":3}},"line":76}},"branchMap":{"0":{"loc":{"start":{"line":9,"column":31},"end":{"line":9,"column":37}},"type":"binary-expr","locations":[{"start":{"line":9,"column":31},"end":{"line":9,"column":32}},{"start":{"line":9,"column":36},"end":{"line":9,"column":37}}],"line":9},"1":{"loc":{"start":{"line":9,"column":42},"end":{"line":9,"column":48}},"type":"binary-expr","locations":[{"start":{"line":9,"column":42},"end":{"line":9,"column":43}},{"start":{"line":9,"column":47},"end":{"line":9,"column":48}}],"line":9},"2":{"loc":{"start":{"line":22,"column":34},"end":{"line":22,"column":94}},"type":"cond-expr","locations":[{"start":{"line":22,"column":78},"end":{"line":22,"column":86}},{"start":{"line":22,"column":89},"end":{"line":22,"column":94}}],"line":22},"3":{"loc":{"start":{"line":39,"column":33},"end":{"line":41,"column":10}},"type":"cond-expr","locations":[{"start":{"line":40,"column":8},"end":{"line":40,"column":111}},{"start":{"line":41,"column":8},"end":{"line":41,"column":10}}],"line":39},"4":{"loc":{"start":{"line":45,"column":21},"end":{"line":45,"column":81}},"type":"cond-expr","locations":[{"start":{"line":45,"column":63},"end":{"line":45,"column":68}},{"start":{"line":45,"column":71},"end":{"line":45,"column":81}}],"line":45},"5":{"loc":{"start":{"line":67,"column":4},"end":{"line":69,"column":5}},"type":"if","locations":[{"start":{"line":67,"column":4},"end":{"line":69,"column":5}},{"start":{},"end":{}}],"line":67},"6":{"loc":{"start":{"line":77,"column":4},"end":{"line":79,"column":5}},"type":"if","locations":[{"start":{"line":77,"column":4},"end":{"line":79,"column":5}},{"start":{},"end":{}}],"line":77}},"s":{"0":1,"1":0,"2":3,"3":3,"4":4,"5":4,"6":4,"7":4,"8":3,"9":3,"10":3,"11":3,"12":3,"13":1,"14":1,"15":1,"16":3,"17":4,"18":4,"19":4,"20":4,"21":4,"22":4,"23":3,"24":1,"25":1,"26":1,"27":1,"28":3,"29":3,"30":3,"31":3,"32":3,"33":3,"34":3,"35":4,"36":1,"37":3,"38":3,"39":3,"40":3,"41":4,"42":3,"43":1,"44":3,"45":3},"f":{"0":0,"1":3,"2":4,"3":3,"4":1,"5":4,"6":1,"7":4,"8":4},"b":{"0":[0,0],"1":[0,0],"2":[1,3],"3":[1,3],"4":[3,1],"5":[1,3],"6":[3,1]},"_coverageSchema":"1a1c01bbd47fc00a2c39e90264f33305004495a9","hash":"1c0f2c426e31ccfdfc1cdb3f2d9bc2fe103217d4"}
,"/app/engine/llm_adapter.js": {"path":"/app/engine/llm_adapter.js","statementMap":{"0":{"start":{"line":10,"column":25},"end":{"line":15,"column":1}},"1":{"start":{"line":17,"column":18},"end":{"line":17,"column":27}},"2":{"start":{"line":20,"column":2},"end":{"line":22,"column":3}},"3":{"start":{"line":21,"column":4},"end":{"line":21,"column":35}},"4":{"start":{"line":23,"column":2},"end":{"line":27,"column":3}},"5":{"start":{"line":24,"column":20},"end":{"line":24,"column":55}},"6":{"start":{"line":25,"column":4},"end":{"line":25,"column":37}},"7":{"start":{"line":26,"column":4},"end":{"line":26,"column":19}},"8":{"start":{"line":28,"column":2},"end":{"line":28,"column":14}},"9":{"start":{"line":32,"column":15},"end":{"line":42,"column":3}},"10":{"start":{"line":43,"column":16},"end":{"line":43,"column":18}},"11":{"start":{"line":44,"column":2},"end":{"line":50,"column":3}},"12":{"start":{"line":45,"column":21},"end":{"line":45,"column":54}},"13":{"start":{"line":46,"column":20},"end":{"line":46,"column":49}},"14":{"start":{"line":47,"column":4},"end":{"line":49,"column":5}},"15":{"start":{"line":48,"column":6},"end":{"line":48,"column":84}},"16":{"start":{"line":51,"column":2},"end":{"line":51,"column":17}},"17":{"start":{"line":55,"column":20},"end":{"line":55,"column":90}},"18":{"start":{"line":56,"column":19},"end":{"line":56,"column":56}},"19":{"start":{"line":57,"column":22},"end":{"line":57,"column":84}},"20":{"start":{"line":59,"column":20},"end":{"line":59,"column":54}},"21":{"start":{"line":60,"column":14},"end":{"line":60,"column":40}},"22":{"start":{"line":62,"column":23},"end":{"line":62,"column":86}},"23":{"start":{"line":64,"column":2},"end":{"line":98,"column":3}},"24":{"start":{"line":65,"column":21},"end":{"line":68,"column":6}},"25":{"start":{"line":70,"column":18},"end":{"line":70,"column":31}},"26":{"start":{"line":71,"column":4},"end":{"line":73,"column":5}},"27":{"start":{"line":72,"column":6},"end":{"line":72,"column":52}},"28":{"start":{"line":75,"column":4},"end":{"line":78,"column":5}},"29":{"start":{"line":76,"column":6},"end":{"line":76,"column":94}},"30":{"start":{"line":77,"column":6},"end":{"line":77,"column":90}},"31":{"start":{"line":80,"column":4},"end":{"line":91,"column":5}},"32":{"start":{"line":81,"column":24},"end":{"line":81,"column":71}},"33":{"start":{"line":82,"column":6},"end":{"line":84,"column":7}},"34":{"start":{"line":83,"column":8},"end":{"line":83,"column":40}},"35":{"start":{"line":85,"column":6},"end":{"line":85,"column":33}},"36":{"start":{"line":87,"column":6},"end":{"line":90,"column":8}},"37":{"start":{"line":93,"column":4},"end":{"line":93,"column":64}},"38":{"start":{"line":94,"column":4},"end":{"line":97,"column":6}},"39":{"start":{"line":102,"column":2},"end":{"line":111,"column":29}},"40":{"start":{"line":115,"column":2},"end":{"line":115,"column":20}},"41":{"start":{"line":116,"column":2},"end":{"line":116,"column":51}},"42":{"start":{"line":128,"column":2},"end":{"line":128,"column":43}},"43":{"start":{"line":129,"column":2},"end":{"line":132,"column":4}}},"fnMap":{"0":{"name":"getCachedFile","decl":{"start":{"line":19,"column":15},"end":{"line":19,"column":28}},"loc":{"start":{"line":19,"column":39},"end":{"line":29,"column":1}},"line":19},"1":{"name":"getSharedContext","decl":{"start":{"line":31,"column":15},"end":{"line":31,"column":31}},"loc":{"start":{"line":31,"column":34},"end":{"line":52,"column":1}},"line":31},"2":{"name":"getCompletion","decl":{"start":{"line":54,"column":22},"end":{"line":54,"column":35}},"loc":{"start":{"line":54,"column":53},"end":{"line":99,"column":1}},"line":54},"3":{"name":"getSystemPrompt","decl":{"start":{"line":101,"column":22},"end":{"line":101,"column":37}},"loc":{"start":{"line":101,"column":40},"end":{"line":112,"column":1}},"line":101},"4":{"name":"clearFileCache","decl":{"start":{"line":114,"column":16},"end":{"line":114,"column":30}},"loc":{"start":{"line":114,"column":33},"end":{"line":117,"column":1}},"line":114},"5":{"name":"decomposeGoal","decl":{"start":{"line":124,"column":22},"end":{"line":124,"column":35}},"loc":{"start":{"line":124,"column":42},"end":{"line":133,"column":1}},"line":124}},"branchMap":{"0":{"loc":{"start":{"line":20,"column":2},"end":{"line":22,"column":3}},"type":"if","locations":[{"start":{"line":20,"column":2},"end":{"line":22,"column":3}},{"start":{},"end":{}}],"line":20},"1":{"loc":{"start":{"line":23,"column":2},"end":{"line":27,"column":3}},"type":"if","locations":[{"start":{"line":23,"column":2},"end":{"line":27,"column":3}},{"start":{},"end":{}}],"line":23},"2":{"loc":{"start":{"line":47,"column":4},"end":{"line":49,"column":5}},"type":"if","locations":[{"start":{"line":47,"column":4},"end":{"line":49,"column":5}},{"start":{},"end":{}}],"line":47},"3":{"loc":{"start":{"line":59,"column":20},"end":{"line":59,"column":54}},"type":"binary-expr","locations":[{"start":{"line":59,"column":20},"end":{"line":59,"column":42}},{"start":{"line":59,"column":46},"end":{"line":59,"column":54}}],"line":59},"4":{"loc":{"start":{"line":71,"column":4},"end":{"line":73,"column":5}},"type":"if","locations":[{"start":{"line":71,"column":4},"end":{"line":73,"column":5}},{"start":{},"end":{}}],"line":71},"5":{"loc":{"start":{"line":71,"column":8},"end":{"line":71,"column":67}},"type":"binary-expr","locations":[{"start":{"line":71,"column":8},"end":{"line":71,"column":16}},{"start":{"line":71,"column":20},"end":{"line":71,"column":36}},{"start":{"line":71,"column":40},"end":{"line":71,"column":67}}],"line":71},"6":{"loc":{"start":{"line":75,"column":4},"end":{"line":78,"column":5}},"type":"if","locations":[{"start":{"line":75,"column":4},"end":{"line":78,"column":5}},{"start":{},"end":{}}],"line":75},"7":{"loc":{"start":{"line":82,"column":6},"end":{"line":84,"column":7}},"type":"if","locations":[{"start":{"line":82,"column":6},"end":{"line":84,"column":7}},{"start":{},"end":{}}],"line":82}},"s":{"0":4,"1":4,"2":0,"3":0,"4":0,"5":0,"6":0,"7":0,"8":0,"9":0,"10":0,"11":0,"12":0,"13":0,"14":0,"15":0,"16":0,"17":6,"18":6,"19":6,"20":6,"21":6,"22":6,"23":6,"24":6,"25":5,"26":5,"27":0,"28":5,"29":1,"30":1,"31":4,"32":4,"33":4,"34":1,"35":3,"36":1,"37":1,"38":1,"39":1,"40":1,"41":1,"42":1,"43":1},"f":{"0":0,"1":0,"2":6,"3":1,"4":1,"5":1},"b":{"0":[0,0],"1":[0,0],"2":[0,0],"3":[6,0],"4":[0,5],"5":[5,1,1],"6":[1,4],"7":[1,3]},"_coverageSchema":"1a1c01bbd47fc00a2c39e90264f33305004495a9","hash":"d898ffe4381ea3f5bf0d5bbeab8b211fdb8cb040"}
,"/app/engine/neo4j_validator.js": {"path":"/app/engine/neo4j_validator.js","statementMap":{"0":{"start":{"line":5,"column":4},"end":{"line":5,"column":48}},"1":{"start":{"line":7,"column":4},"end":{"line":27,"column":5}},"2":{"start":{"line":8,"column":21},"end":{"line":11,"column":7}},"3":{"start":{"line":13,"column":22},"end":{"line":13,"column":38}},"4":{"start":{"line":14,"column":6},"end":{"line":14,"column":44}},"5":{"start":{"line":15,"column":6},"end":{"line":15,"column":28}},"6":{"start":{"line":16,"column":6},"end":{"line":16,"column":27}},"7":{"start":{"line":18,"column":6},"end":{"line":18,"column":51}},"8":{"start":{"line":19,"column":6},"end":{"line":19,"column":31}},"9":{"start":{"line":21,"column":6},"end":{"line":26,"column":8}}},"fnMap":{"0":{"name":"(anonymous_0)","decl":{"start":{"line":4,"column":2},"end":{"line":4,"column":3}},"loc":{"start":{"line":4,"column":26},"end":{"line":28,"column":3}},"line":4}},"branchMap":{"0":{"loc":{"start":{"line":9,"column":8},"end":{"line":9,"column":56}},"type":"binary-expr","locations":[{"start":{"line":9,"column":8},"end":{"line":9,"column":29}},{"start":{"line":9,"column":33},"end":{"line":9,"column":56}}],"line":9},"1":{"loc":{"start":{"line":10,"column":25},"end":{"line":10,"column":58}},"type":"binary-expr","locations":[{"start":{"line":10,"column":25},"end":{"line":10,"column":47}},{"start":{"line":10,"column":51},"end":{"line":10,"column":58}}],"line":10}},"s":{"0":0,"1":0,"2":0,"3":0,"4":0,"5":0,"6":0,"7":0,"8":0,"9":0},"f":{"0":0},"b":{"0":[0,0],"1":[0,0]},"_coverageSchema":"1a1c01bbd47fc00a2c39e90264f33305004495a9","hash":"05417b6f1001a391c0524b3e0358b520c390f652"}
,"/app/engine/planning_graph.js": {"path":"/app/engine/planning_graph.js","statementMap":{"0":{"start":{"line":5,"column":29},"end":{"line":10,"column":1}},"1":{"start":{"line":14,"column":31},"end":{"line":14,"column":74}},"2":{"start":{"line":17,"column":23},"end":{"line":22,"column":3}},"3":{"start":{"line":18,"column":4},"end":{"line":18,"column":56}},"4":{"start":{"line":20,"column":27},"end":{"line":20,"column":91}},"5":{"start":{"line":21,"column":4},"end":{"line":21,"column":60}},"6":{"start":{"line":24,"column":24},"end":{"line":29,"column":3}},"7":{"start":{"line":25,"column":4},"end":{"line":25,"column":64}},"8":{"start":{"line":26,"column":19},"end":{"line":26,"column":143}},"9":{"start":{"line":27,"column":17},"end":{"line":27,"column":63}},"10":{"start":{"line":28,"column":4},"end":{"line":28,"column":39}},"11":{"start":{"line":31,"column":25},"end":{"line":36,"column":3}},"12":{"start":{"line":32,"column":4},"end":{"line":32,"column":58}},"13":{"start":{"line":33,"column":19},"end":{"line":33,"column":151}},"14":{"start":{"line":34,"column":20},"end":{"line":34,"column":59}},"15":{"start":{"line":35,"column":4},"end":{"line":35,"column":35}},"16":{"start":{"line":38,"column":2},"end":{"line":38,"column":62}},"17":{"start":{"line":39,"column":2},"end":{"line":39,"column":65}},"18":{"start":{"line":40,"column":2},"end":{"line":40,"column":68}},"19":{"start":{"line":43,"column":2},"end":{"line":43,"column":54}},"20":{"start":{"line":44,"column":2},"end":{"line":44,"column":67}},"21":{"start":{"line":45,"column":2},"end":{"line":45,"column":71}},"22":{"start":{"line":46,"column":2},"end":{"line":46,"column":57}},"23":{"start":{"line":49,"column":2},"end":{"line":49,"column":40}}},"fnMap":{"0":{"name":"createPlanningGraph","decl":{"start":{"line":13,"column":16},"end":{"line":13,"column":35}},"loc":{"start":{"line":13,"column":50},"end":{"line":50,"column":1}},"line":13},"1":{"name":"(anonymous_1)","decl":{"start":{"line":17,"column":23},"end":{"line":17,"column":24}},"loc":{"start":{"line":17,"column":40},"end":{"line":22,"column":3}},"line":17},"2":{"name":"(anonymous_2)","decl":{"start":{"line":24,"column":24},"end":{"line":24,"column":25}},"loc":{"start":{"line":24,"column":41},"end":{"line":29,"column":3}},"line":24},"3":{"name":"(anonymous_3)","decl":{"start":{"line":31,"column":25},"end":{"line":31,"column":26}},"loc":{"start":{"line":31,"column":42},"end":{"line":36,"column":3}},"line":31}},"branchMap":{},"s":{"0":1,"1":1,"2":1,"3":1,"4":1,"5":1,"6":1,"7":1,"8":1,"9":1,"10":1,"11":1,"12":1,"13":1,"14":1,"15":1,"16":1,"17":1,"18":1,"19":1,"20":1,"21":1,"22":1,"23":1},"f":{"0":1,"1":1,"2":1,"3":1},"b":{},"_coverageSchema":"1a1c01bbd47fc00a2c39e90264f33305004495a9","hash":"87bb4099864ca342d4383d83d468c3c16cf6bd61"}
,"/app/engine/research_graph.js": {"path":"/app/engine/research_graph.js","statementMap":{"0":{"start":{"line":9,"column":22},"end":{"line":16,"column":1}},"1":{"start":{"line":10,"column":28},"end":{"line":10,"column":29}},"2":{"start":{"line":10,"column":46},"end":{"line":10,"column":48}},"3":{"start":{"line":11,"column":35},"end":{"line":11,"column":36}},"4":{"start":{"line":11,"column":53},"end":{"line":11,"column":57}},"5":{"start":{"line":12,"column":37},"end":{"line":12,"column":38}},"6":{"start":{"line":12,"column":55},"end":{"line":12,"column":59}},"7":{"start":{"line":13,"column":32},"end":{"line":13,"column":33}},"8":{"start":{"line":13,"column":50},"end":{"line":13,"column":52}},"9":{"start":{"line":14,"column":37},"end":{"line":14,"column":48}},"10":{"start":{"line":14,"column":65},"end":{"line":14,"column":67}},"11":{"start":{"line":15,"column":30},"end":{"line":15,"column":31}},"12":{"start":{"line":15,"column":48},"end":{"line":15,"column":53}},"13":{"start":{"line":20,"column":2},"end":{"line":25,"column":3}},"14":{"start":{"line":21,"column":4},"end":{"line":23,"column":5}},"15":{"start":{"line":22,"column":6},"end":{"line":22,"column":72}},"16":{"start":{"line":24,"column":4},"end":{"line":24,"column":72}},"17":{"start":{"line":26,"column":2},"end":{"line":26,"column":19}},"18":{"start":{"line":30,"column":57},"end":{"line":30,"column":62}},"19":{"start":{"line":31,"column":17},"end":{"line":31,"column":42}},"20":{"start":{"line":34,"column":2},"end":{"line":43,"column":3}},"21":{"start":{"line":35,"column":19},"end":{"line":35,"column":231}},"22":{"start":{"line":36,"column":23},"end":{"line":40,"column":6}},"23":{"start":{"line":41,"column":4},"end":{"line":41,"column":91}},"24":{"start":{"line":42,"column":4},"end":{"line":42,"column":46}},"25":{"start":{"line":47,"column":2},"end":{"line":47,"column":80}},"26":{"start":{"line":48,"column":2},"end":{"line":48,"column":12}},"27":{"start":{"line":52,"column":29},"end":{"line":52,"column":34}},"28":{"start":{"line":53,"column":17},"end":{"line":53,"column":37}},"29":{"start":{"line":54,"column":16},"end":{"line":54,"column":57}},"30":{"start":{"line":55,"column":2},"end":{"line":55,"column":79}},"31":{"start":{"line":56,"column":24},"end":{"line":56,"column":95}},"32":{"start":{"line":57,"column":21},"end":{"line":59,"column":24}},"33":{"start":{"line":58,"column":19},"end":{"line":58,"column":60}},"34":{"start":{"line":60,"column":2},"end":{"line":60,"column":40}},"35":{"start":{"line":64,"column":47},"end":{"line":64,"column":52}},"36":{"start":{"line":65,"column":17},"end":{"line":65,"column":42}},"37":{"start":{"line":66,"column":17},"end":{"line":66,"column":121}},"38":{"start":{"line":67,"column":21},"end":{"line":71,"column":4}},"39":{"start":{"line":72,"column":2},"end":{"line":72,"column":76}},"40":{"start":{"line":74,"column":2},"end":{"line":74,"column":62}},"41":{"start":{"line":78,"column":31},"end":{"line":78,"column":36}},"42":{"start":{"line":79,"column":17},"end":{"line":79,"column":42}},"43":{"start":{"line":80,"column":17},"end":{"line":80,"column":262}},"44":{"start":{"line":82,"column":21},"end":{"line":90,"column":4}},"45":{"start":{"line":92,"column":2},"end":{"line":101,"column":3}},"46":{"start":{"line":93,"column":4},"end":{"line":93,"column":94}},"47":{"start":{"line":94,"column":4},"end":{"line":94,"column":29}},"48":{"start":{"line":96,"column":4},"end":{"line":99,"column":6}},"49":{"start":{"line":100,"column":4},"end":{"line":100,"column":63}},"50":{"start":{"line":105,"column":2},"end":{"line":105,"column":56}},"51":{"start":{"line":109,"column":31},"end":{"line":109,"column":36}},"52":{"start":{"line":110,"column":2},"end":{"line":110,"column":72}},"53":{"start":{"line":111,"column":2},"end":{"line":111,"column":86}},"54":{"start":{"line":114,"column":29},"end":{"line":114,"column":72}},"55":{"start":{"line":115,"column":0},"end":{"line":115,"column":75}},"56":{"start":{"line":116,"column":0},"end":{"line":116,"column":62}},"57":{"start":{"line":117,"column":0},"end":{"line":117,"column":70}},"58":{"start":{"line":118,"column":0},"end":{"line":118,"column":65}},"59":{"start":{"line":119,"column":0},"end":{"line":119,"column":64}},"60":{"start":{"line":121,"column":0},"end":{"line":121,"column":60}},"61":{"start":{"line":122,"column":0},"end":{"line":122,"column":72}},"62":{"start":{"line":123,"column":0},"end":{"line":123,"column":69}},"63":{"start":{"line":124,"column":0},"end":{"line":124,"column":70}},"64":{"start":{"line":126,"column":0},"end":{"line":129,"column":3}},"65":{"start":{"line":131,"column":0},"end":{"line":131,"column":53}},"66":{"start":{"line":132,"column":29},"end":{"line":132,"column":59}}},"fnMap":{"0":{"name":"(anonymous_0)","decl":{"start":{"line":10,"column":18},"end":{"line":10,"column":19}},"loc":{"start":{"line":10,"column":28},"end":{"line":10,"column":29}},"line":10},"1":{"name":"(anonymous_1)","decl":{"start":{"line":10,"column":40},"end":{"line":10,"column":41}},"loc":{"start":{"line":10,"column":46},"end":{"line":10,"column":48}},"line":10},"2":{"name":"(anonymous_2)","decl":{"start":{"line":11,"column":25},"end":{"line":11,"column":26}},"loc":{"start":{"line":11,"column":35},"end":{"line":11,"column":36}},"line":11},"3":{"name":"(anonymous_3)","decl":{"start":{"line":11,"column":47},"end":{"line":11,"column":48}},"loc":{"start":{"line":11,"column":53},"end":{"line":11,"column":57}},"line":11},"4":{"name":"(anonymous_4)","decl":{"start":{"line":12,"column":27},"end":{"line":12,"column":28}},"loc":{"start":{"line":12,"column":37},"end":{"line":12,"column":38}},"line":12},"5":{"name":"(anonymous_5)","decl":{"start":{"line":12,"column":49},"end":{"line":12,"column":50}},"loc":{"start":{"line":12,"column":55},"end":{"line":12,"column":59}},"line":12},"6":{"name":"(anonymous_6)","decl":{"start":{"line":13,"column":22},"end":{"line":13,"column":23}},"loc":{"start":{"line":13,"column":32},"end":{"line":13,"column":33}},"line":13},"7":{"name":"(anonymous_7)","decl":{"start":{"line":13,"column":44},"end":{"line":13,"column":45}},"loc":{"start":{"line":13,"column":50},"end":{"line":13,"column":52}},"line":13},"8":{"name":"(anonymous_8)","decl":{"start":{"line":14,"column":27},"end":{"line":14,"column":28}},"loc":{"start":{"line":14,"column":37},"end":{"line":14,"column":48}},"line":14},"9":{"name":"(anonymous_9)","decl":{"start":{"line":14,"column":59},"end":{"line":14,"column":60}},"loc":{"start":{"line":14,"column":65},"end":{"line":14,"column":67}},"line":14},"10":{"name":"(anonymous_10)","decl":{"start":{"line":15,"column":20},"end":{"line":15,"column":21}},"loc":{"start":{"line":15,"column":30},"end":{"line":15,"column":31}},"line":15},"11":{"name":"(anonymous_11)","decl":{"start":{"line":15,"column":42},"end":{"line":15,"column":43}},"loc":{"start":{"line":15,"column":48},"end":{"line":15,"column":53}},"line":15},"12":{"name":"getFirecrawlClient","decl":{"start":{"line":19,"column":9},"end":{"line":19,"column":27}},"loc":{"start":{"line":19,"column":30},"end":{"line":27,"column":1}},"line":19},"13":{"name":"generateSearchQuery","decl":{"start":{"line":29,"column":15},"end":{"line":29,"column":34}},"loc":{"start":{"line":29,"column":42},"end":{"line":49,"column":1}},"line":29},"14":{"name":"executeSearch","decl":{"start":{"line":51,"column":15},"end":{"line":51,"column":28}},"loc":{"start":{"line":51,"column":36},"end":{"line":61,"column":1}},"line":51},"15":{"name":"(anonymous_15)","decl":{"start":{"line":58,"column":9},"end":{"line":58,"column":10}},"loc":{"start":{"line":58,"column":19},"end":{"line":58,"column":60}},"line":58},"16":{"name":"synthesizeResults","decl":{"start":{"line":63,"column":15},"end":{"line":63,"column":32}},"loc":{"start":{"line":63,"column":40},"end":{"line":75,"column":1}},"line":63},"17":{"name":"reflection_node","decl":{"start":{"line":77,"column":15},"end":{"line":77,"column":30}},"loc":{"start":{"line":77,"column":38},"end":{"line":102,"column":1}},"line":77},"18":{"name":"shouldContinue","decl":{"start":{"line":104,"column":9},"end":{"line":104,"column":23}},"loc":{"start":{"line":104,"column":31},"end":{"line":106,"column":1}},"line":104},"19":{"name":"generateReport","decl":{"start":{"line":108,"column":15},"end":{"line":108,"column":29}},"loc":{"start":{"line":108,"column":37},"end":{"line":112,"column":1}},"line":108}},"branchMap":{"0":{"loc":{"start":{"line":20,"column":2},"end":{"line":25,"column":3}},"type":"if","locations":[{"start":{"line":20,"column":2},"end":{"line":25,"column":3}},{"start":{},"end":{}}],"line":20},"1":{"loc":{"start":{"line":21,"column":4},"end":{"line":23,"column":5}},"type":"if","locations":[{"start":{"line":21,"column":4},"end":{"line":23,"column":5}},{"start":{},"end":{}}],"line":21},"2":{"loc":{"start":{"line":30,"column":17},"end":{"line":30,"column":31}},"type":"default-arg","locations":[{"start":{"line":30,"column":29},"end":{"line":30,"column":31}}],"line":30},"3":{"loc":{"start":{"line":30,"column":33},"end":{"line":30,"column":52}},"type":"default-arg","locations":[{"start":{"line":30,"column":50},"end":{"line":30,"column":52}}],"line":30},"4":{"loc":{"start":{"line":34,"column":2},"end":{"line":43,"column":3}},"type":"if","locations":[{"start":{"line":34,"column":2},"end":{"line":43,"column":3}},{"start":{},"end":{}}],"line":34},"5":{"loc":{"start":{"line":35,"column":181},"end":{"line":35,"column":216}},"type":"binary-expr","locations":[{"start":{"line":35,"column":181},"end":{"line":35,"column":201}},{"start":{"line":35,"column":205},"end":{"line":35,"column":216}}],"line":35},"6":{"loc":{"start":{"line":92,"column":2},"end":{"line":101,"column":3}},"type":"if","locations":[{"start":{"line":92,"column":2},"end":{"line":101,"column":3}},{"start":{"line":95,"column":9},"end":{"line":101,"column":3}}],"line":92},"7":{"loc":{"start":{"line":105,"column":9},"end":{"line":105,"column":55}},"type":"cond-expr","locations":[{"start":{"line":105,"column":25},"end":{"line":105,"column":42}},{"start":{"line":105,"column":45},"end":{"line":105,"column":55}}],"line":105}},"s":{"0":1,"1":2,"2":3,"3":2,"4":3,"5":3,"6":3,"7":3,"8":3,"9":3,"10":3,"11":3,"12":3,"13":3,"14":1,"15":0,"16":1,"17":3,"18":3,"19":3,"20":3,"21":2,"22":2,"23":2,"24":2,"25":1,"26":1,"27":3,"28":3,"29":3,"30":3,"31":3,"32":3,"33":3,"34":3,"35":3,"36":3,"37":3,"38":3,"39":3,"40":3,"41":3,"42":3,"43":3,"44":3,"45":3,"46":2,"47":2,"48":1,"49":1,"50":3,"51":2,"52":2,"53":2,"54":1,"55":1,"56":1,"57":1,"58":1,"59":1,"60":1,"61":1,"62":1,"63":1,"64":1,"65":1,"66":1},"f":{"0":2,"1":3,"2":2,"3":3,"4":3,"5":3,"6":3,"7":3,"8":3,"9":3,"10":3,"11":3,"12":3,"13":3,"14":3,"15":3,"16":3,"17":3,"18":3,"19":2},"b":{"0":[1,2],"1":[0,1],"2":[0],"3":[0],"4":[2,1],"5":[2,2],"6":[2,1],"7":[2,1]},"_coverageSchema":"1a1c01bbd47fc00a2c39e90264f33305004495a9","hash":"c83efa46c4c559e76ad16bb81732f022f7f0b679"}
,"/app/engine/server.js": {"path":"/app/engine/server.js","statementMap":{"0":{"start":{"line":18,"column":20},"end":{"line":18,"column":35}},"1":{"start":{"line":21,"column":4},"end":{"line":26,"column":5}},"2":{"start":{"line":22,"column":8},"end":{"line":22,"column":46}},"3":{"start":{"line":23,"column":8},"end":{"line":23,"column":84}},"4":{"start":{"line":25,"column":8},"end":{"line":25,"column":107}},"5":{"start":{"line":29,"column":31},"end":{"line":29,"column":33}},"6":{"start":{"line":33,"column":4},"end":{"line":33,"column":25}},"7":{"start":{"line":34,"column":4},"end":{"line":34,"column":46}},"8":{"start":{"line":35,"column":4},"end":{"line":35,"column":60}},"9":{"start":{"line":37,"column":4},"end":{"line":37,"column":35}},"10":{"start":{"line":38,"column":4},"end":{"line":38,"column":37}},"11":{"start":{"line":39,"column":4},"end":{"line":39,"column":58}},"12":{"start":{"line":40,"column":4},"end":{"line":40,"column":44}},"13":{"start":{"line":42,"column":4},"end":{"line":42,"column":33}},"14":{"start":{"line":43,"column":4},"end":{"line":43,"column":25}},"15":{"start":{"line":45,"column":4},"end":{"line":45,"column":27}},"16":{"start":{"line":46,"column":4},"end":{"line":46,"column":23}},"17":{"start":{"line":50,"column":4},"end":{"line":50,"column":33}},"18":{"start":{"line":51,"column":4},"end":{"line":57,"column":7}},"19":{"start":{"line":52,"column":6},"end":{"line":55,"column":8}},"20":{"start":{"line":56,"column":6},"end":{"line":56,"column":13}},"21":{"start":{"line":61,"column":4},"end":{"line":61,"column":39}},"22":{"start":{"line":62,"column":4},"end":{"line":72,"column":7}},"23":{"start":{"line":63,"column":8},"end":{"line":71,"column":9}},"24":{"start":{"line":64,"column":40},"end":{"line":64,"column":48}},"25":{"start":{"line":65,"column":12},"end":{"line":65,"column":92}},"26":{"start":{"line":66,"column":27},"end":{"line":66,"column":67}},"27":{"start":{"line":67,"column":12},"end":{"line":67,"column":43}},"28":{"start":{"line":69,"column":12},"end":{"line":69,"column":69}},"29":{"start":{"line":70,"column":12},"end":{"line":70,"column":59}},"30":{"start":{"line":76,"column":4},"end":{"line":76,"column":89}},"31":{"start":{"line":78,"column":19},"end":{"line":78,"column":44}},"32":{"start":{"line":79,"column":4},"end":{"line":83,"column":5}},"33":{"start":{"line":80,"column":8},"end":{"line":80,"column":77}},"34":{"start":{"line":82,"column":8},"end":{"line":82,"column":114}},"35":{"start":{"line":85,"column":18},"end":{"line":85,"column":62}},"36":{"start":{"line":86,"column":4},"end":{"line":93,"column":5}},"37":{"start":{"line":87,"column":8},"end":{"line":87,"column":64}},"38":{"start":{"line":89,"column":8},"end":{"line":89,"column":62}},"39":{"start":{"line":90,"column":8},"end":{"line":92,"column":9}},"40":{"start":{"line":91,"column":12},"end":{"line":91,"column":25}},"41":{"start":{"line":95,"column":19},"end":{"line":95,"column":44}},"42":{"start":{"line":96,"column":4},"end":{"line":100,"column":5}},"43":{"start":{"line":97,"column":8},"end":{"line":97,"column":70}},"44":{"start":{"line":99,"column":8},"end":{"line":99,"column":71}},"45":{"start":{"line":102,"column":4},"end":{"line":102,"column":16}},"46":{"start":{"line":106,"column":18},"end":{"line":106,"column":52}},"47":{"start":{"line":108,"column":4},"end":{"line":120,"column":5}},"48":{"start":{"line":109,"column":21},"end":{"line":109,"column":43}},"49":{"start":{"line":112,"column":8},"end":{"line":112,"column":52}},"50":{"start":{"line":113,"column":8},"end":{"line":113,"column":77}},"51":{"start":{"line":115,"column":8},"end":{"line":115,"column":27}},"52":{"start":{"line":116,"column":8},"end":{"line":119,"column":9}},"53":{"start":{"line":117,"column":12},"end":{"line":117,"column":85}},"54":{"start":{"line":118,"column":12},"end":{"line":118,"column":33}},"55":{"start":{"line":124,"column":17},"end":{"line":124,"column":41}},"56":{"start":{"line":125,"column":4},"end":{"line":129,"column":7}},"57":{"start":{"line":126,"column":8},"end":{"line":126,"column":106}},"58":{"start":{"line":127,"column":8},"end":{"line":127,"column":76}},"59":{"start":{"line":128,"column":8},"end":{"line":128,"column":98}},"60":{"start":{"line":130,"column":4},"end":{"line":130,"column":70}},"61":{"start":{"line":130,"column":46},"end":{"line":130,"column":64}},"62":{"start":{"line":134,"column":4},"end":{"line":134,"column":58}},"63":{"start":{"line":135,"column":4},"end":{"line":135,"column":48}},"64":{"start":{"line":139,"column":4},"end":{"line":147,"column":7}},"65":{"start":{"line":140,"column":6},"end":{"line":142,"column":7}},"66":{"start":{"line":141,"column":8},"end":{"line":141,"column":45}},"67":{"start":{"line":143,"column":6},"end":{"line":146,"column":9}},"68":{"start":{"line":144,"column":8},"end":{"line":144,"column":56}},"69":{"start":{"line":145,"column":8},"end":{"line":145,"column":18}},"70":{"start":{"line":151,"column":0},"end":{"line":161,"column":1}},"71":{"start":{"line":152,"column":19},"end":{"line":152,"column":31}},"72":{"start":{"line":153,"column":4},"end":{"line":160,"column":7}},"73":{"start":{"line":154,"column":8},"end":{"line":159,"column":9}},"74":{"start":{"line":155,"column":12},"end":{"line":155,"column":27}},"75":{"start":{"line":157,"column":12},"end":{"line":157,"column":96}},"76":{"start":{"line":158,"column":12},"end":{"line":158,"column":28}}},"fnMap":{"0":{"name":"geminiHealthCheck","decl":{"start":{"line":20,"column":15},"end":{"line":20,"column":32}},"loc":{"start":{"line":20,"column":35},"end":{"line":27,"column":1}},"line":20},"1":{"name":"(anonymous_1)","decl":{"start":{"line":32,"column":2},"end":{"line":32,"column":3}},"loc":{"start":{"line":32,"column":44},"end":{"line":47,"column":3}},"line":32},"2":{"name":"(anonymous_2)","decl":{"start":{"line":49,"column":2},"end":{"line":49,"column":3}},"loc":{"start":{"line":49,"column":20},"end":{"line":58,"column":3}},"line":49},"3":{"name":"(anonymous_3)","decl":{"start":{"line":51,"column":17},"end":{"line":51,"column":18}},"loc":{"start":{"line":51,"column":37},"end":{"line":57,"column":5}},"line":51},"4":{"name":"(anonymous_4)","decl":{"start":{"line":60,"column":2},"end":{"line":60,"column":3}},"loc":{"start":{"line":60,"column":16},"end":{"line":73,"column":3}},"line":60},"5":{"name":"(anonymous_5)","decl":{"start":{"line":62,"column":31},"end":{"line":62,"column":32}},"loc":{"start":{"line":62,"column":51},"end":{"line":72,"column":5}},"line":62},"6":{"name":"(anonymous_6)","decl":{"start":{"line":75,"column":2},"end":{"line":75,"column":3}},"loc":{"start":{"line":75,"column":21},"end":{"line":103,"column":3}},"line":75},"7":{"name":"(anonymous_7)","decl":{"start":{"line":105,"column":2},"end":{"line":105,"column":3}},"loc":{"start":{"line":105,"column":22},"end":{"line":121,"column":3}},"line":105},"8":{"name":"(anonymous_8)","decl":{"start":{"line":123,"column":2},"end":{"line":123,"column":3}},"loc":{"start":{"line":123,"column":16},"end":{"line":131,"column":3}},"line":123},"9":{"name":"(anonymous_9)","decl":{"start":{"line":125,"column":29},"end":{"line":125,"column":30}},"loc":{"start":{"line":125,"column":35},"end":{"line":129,"column":5}},"line":125},"10":{"name":"(anonymous_10)","decl":{"start":{"line":130,"column":40},"end":{"line":130,"column":41}},"loc":{"start":{"line":130,"column":46},"end":{"line":130,"column":64}},"line":130},"11":{"name":"(anonymous_11)","decl":{"start":{"line":133,"column":2},"end":{"line":133,"column":3}},"loc":{"start":{"line":133,"column":38},"end":{"line":136,"column":3}},"line":133},"12":{"name":"(anonymous_12)","decl":{"start":{"line":138,"column":2},"end":{"line":138,"column":3}},"loc":{"start":{"line":138,"column":9},"end":{"line":148,"column":3}},"line":138},"13":{"name":"(anonymous_13)","decl":{"start":{"line":139,"column":23},"end":{"line":139,"column":24}},"loc":{"start":{"line":139,"column":36},"end":{"line":147,"column":5}},"line":139},"1
[...]
"10":{"start":{"line":32,"column":20},"end":{"line":32,"column":43}},"11":{"start":{"line":33,"column":25},"end":{"line":33,"column":50}},"12":{"start":{"line":35,"column":14},"end":{"line":35,"column":38}},"13":{"start":{"line":36,"column":2},"end":{"line":36,"column":46}},"14":{"start":{"line":40,"column":2},"end":{"line":45,"column":3}},"15":{"start":{"line":41,"column":4},"end":{"line":43,"column":5}},"16":{"start":{"line":42,"column":6},"end":{"line":42,"column":72}},"17":{"start":{"line":44,"column":4},"end":{"line":44,"column":72}},"18":{"start":{"line":46,"column":2},"end":{"line":46,"column":19}},"19":{"start":{"line":50,"column":26},"end":{"line":50,"column":45}},"20":{"start":{"line":52,"column":2},"end":{"line":92,"column":3}},"21":{"start":{"line":53,"column":4},"end":{"line":53,"column":92}},"22":{"start":{"line":54,"column":4},"end":{"line":91,"column":5}},"23":{"start":{"line":55,"column":23},"end":{"line":55,"column":98}},"24":{"start":{"line":57,"column":25},"end":{"line":59,"column":28}},"25":{"start":{"line":58,"column":23},"end":{"line":58,"column":80}},"26":{"start":{"line":61,"column":24},"end":{"line":76,"column":8}},"27":{"start":{"line":78,"column":26},"end":{"line":78,"column":71}},"28":{"start":{"line":78,"column":62},"end":{"line":78,"column":70}},"29":{"start":{"line":80,"column":6},"end":{"line":84,"column":8}},"30":{"start":{"line":86,"column":6},"end":{"line":89,"column":8}},"31":{"start":{"line":95,"column":2},"end":{"line":97,"column":4}},"32":{"start":{"line":98,"column":2},"end":{"line":160,"column":3}},"33":{"start":{"line":99,"column":19},"end":{"line":99,"column":39}},"34":{"start":{"line":100,"column":20},"end":{"line":114,"column":6}},"35":{"start":{"line":116,"column":24},"end":{"line":116,"column":44}},"36":{"start":{"line":117,"column":4},"end":{"line":117,"column":65}},"37":{"start":{"line":119,"column":26},"end":{"line":121,"column":6}},"38":{"start":{"line":123,"column":23},"end":{"line":125,"column":26}},"39":{"start":{"line":124,"column":21},"end":{"line":124,"column":62}},"40":{"start":{"line":127,"column":22},"end":{"line":140,"column":6}},"41":{"start":{"line":142,"column":24},"end":{"line":142,"column":66}},"42":{"start":{"line":142,"column":57},"end":{"line":142,"column":65}},"43":{"start":{"line":144,"column":4},"end":{"line":148,"column":6}},"44":{"start":{"line":150,"column":4},"end":{"line":153,"column":6}},"45":{"start":{"line":154,"column":4},"end":{"line":159,"column":6}},"46":{"start":{"line":170,"column":2},"end":{"line":170,"column":91}},"47":{"start":{"line":171,"column":21},"end":{"line":193,"column":4}},"48":{"start":{"line":194,"column":2},"end":{"line":194,"column":16}},"49":{"start":{"line":198,"column":4},"end":{"line":198,"column":26}}},"fnMap":{"0":{"name":"healthCheck","decl":{"start":{"line":16,"column":15},"end":{"line":16,"column":26}},"loc":{"start":{"line":16,"column":29},"end":{"line":23,"column":1}},"line":16},"1":{"name":"getResearchPrompt","decl":{"start":{"line":25,"column":15},"end":{"line":25,"column":32}},"loc":{"start":{"line":25,"column":35},"end":{"line":37,"column":1}},"line":25},"2":{"name":"getFirecrawlClient","decl":{"start":{"line":39,"column":9},"end":{"line":39,"column":27}},"loc":{"start":{"line":39,"column":30},"end":{"line":47,"column":1}},"line":39},"3":{"name":"deep_dive","decl":{"start":{"line":49,"column":22},"end":{"line":49,"column":31}},"loc":{"start":{"line":49,"column":59},"end":{"line":161,"column":1}},"line":49},"4":{"name":"(anonymous_4)","decl":{"start":{"line":58,"column":13},"end":{"line":58,"column":14}},"loc":{"start":{"line":58,"column":23},"end":{"line":58,"column":80}},"line":58},"5":{"name":"(anonymous_5)","decl":{"start":{"line":78,"column":52},"end":{"line":78,"column":53}},"loc":{"start":{"line":78,"column":62},"end":{"line":78,"column":70}},"line":78},"6":{"name":"(anonymous_6)","decl":{"start":{"line":124,"column":11},"end":{"line":124,"column":12}},"loc":{"start":{"line":124,"column":21},"end":{"line":124,"column":62}},"line":124},"7":{"name":"(anonymous_7)","decl":{"start":{"line":142,"column":47},"end":{"line":142,"column":48}},"loc":{"start":{"line":142,"column":57},"end":{"line":142,"column":65}},"line":142},"8":{"name":"analyze_user_feedback","decl":{"start":{"line":169,"column":22},"end":{"line":169,"column":43}},"loc":{"start":{"line":169,"column":63},"end":{"line":195,"column":1}},"line":169},"9":{"name":"_resetCache","decl":{"start":{"line":197,"column":16},"end":{"line":197,"column":27}},"loc":{"start":{"line":197,"column":30},"end":{"line":199,"column":1}},"line":197}},"branchMap":{"0":{"loc":{"start":{"line":19,"column":11},"end":{"line":19,"column":72}},"type":"binary-expr","locations":[{"start":{"line":19,"column":11},"end":{"line":19,"column":34}},{"start":{"line":19,"column":38},"end":{"line":19,"column":72}}],"line":19},"1":{"loc":{"start":{"line":29,"column":2},"end":{"line":31,"column":3}},"type":"if","locations":[{"start":{"line":29,"column":2},"end":{"line":31,"column":3}},{"start":{},"end":{}}],"line":29},"2":{"loc":{"start":{"line":40,"column":2},"end":{"line":45,"column":3}},"type":"if","locations":[{"start":{"line":40,"column":2},"end":{"line":45,"column":3}},{"start":{},"end":{}}],"line":40},"3":{"loc":{"start":{"line":41,"column":4},"end":{"line":43,"column":5}},"type":"if","locations":[{"start":{"line":41,"column":4},"end":{"line":43,"column":5}},{"start":{},"end":{}}],"line":41},"4":{"loc":{"start":{"line":49,"column":41},"end":{"line":49,"column":55}},"type":"default-arg","locations":[{"start":{"line":49,"column":53},"end":{"line":49,"column":55}}],"line":49},"5":{"loc":{"start":{"line":52,"column":2},"end":{"line":92,"column":3}},"type":"if","locations":[{"start":{"line":52,"column":2},"end":{"line":92,"column":3}},{"start":{},"end":{}}],"line":52},"6":{"loc":{"start":{"line":58,"column":49},"end":{"line":58,"column":78}},"type":"binary-expr","locations":[{"start":{"line":58,"column":49},"end":{"line":58,"column":62}},{"start":{"line":58,"column":66},"end":{"line":58,"column":78}}],"line":58},"7":{"loc":{"start":{"line":108,"column":6},"end":{"line":108,"column":49}},"type":"binary-expr","locations":[{"start":{"line":108,"column":6},"end":{"line":108,"column":26}},{"start":{"line":108,"column":30},"end":{"line":108,"column":49}}],"line":108}},"s":{"0":6,"1":3,"2":3,"3":1,"4":2,"5":3,"6":3,"7":3,"8":3,"9":0,"10":3,"11":3,"12":3,"13":3,"14":2,"15":2,"16":0,"17":2,"18":1,"19":3,"20":3,"21":1,"22":1,"23":1,"24":1,"25":1,"26":1,"27":1,"28":1,"29":1,"30":0,"31":2,"32":2,"33":2,"34":1,"35":1,"36":1,"37":1,"38":1,"39":1,"40":1,"41":1,"42":1,"43":1,"44":1,"45":1,"46":1,"47":1,"48":1,"49":4},"f":{"0":3,"1":3,"2":2,"3":3,"4":1,"5":1,"6":1,"7":1,"8":1,"9":4},"b":{"0":[1,1],"1":[0,3],"2":[2,0],"3":[0,2],"4":[3],"5":[1,2],"6":[1,1],"7":[1,1]},"_coverageSchema":"1a1c01bbd47fc00a2c39e90264f33305004495a9","hash":"e03c77b8c15d4ecff6944caccf30c1bffe6ccf8a"}
,"/app/tools/shell.js": {"path":"/app/tools/shell.js","statementMap":{"0":{"start":{"line":4,"column":20},"end":{"line":4,"column":35}},"1":{"start":{"line":6,"column":2},"end":{"line":6,"column":56}},"2":{"start":{"line":6,"column":16},"end":{"line":6,"column":56}},"3":{"start":{"line":7,"column":20},"end":{"line":9,"column":3}},"4":{"start":{"line":8,"column":4},"end":{"line":8,"column":64}},"5":{"start":{"line":10,"column":2},"end":{"line":13,"column":6}},"6":{"start":{"line":11,"column":4},"end":{"line":13,"column":6}},"7":{"start":{"line":14,"column":2},"end":{"line":19,"column":3}},"8":{"start":{"line":15,"column":31},"end":{"line":15,"column":81}},"9":{"start":{"line":16,"column":4},"end":{"line":16,"column":54}},"10":{"start":{"line":18,"column":4},"end":{"line":18,"column":48}}},"fnMap":{"0":{"name":"execute","decl":{"start":{"line":5,"column":22},"end":{"line":5,"column":29}},"loc":{"start":{"line":5,"column":56},"end":{"line":20,"column":1}},"line":5},"1":{"name":"(anonymous_1)","decl":{"start":{"line":7,"column":70},"end":{"line":7,"column":71}},"loc":{"start":{"line":8,"column":4},"end":{"line":8,"column":64}},"line":8}},"branchMap":{"0":{"loc":{"start":{"line":6,"column":2},"end":{"line":6,"column":56}},"type":"if","locations":[{"start":{"line":6,"column":2},"end":{"line":6,"column":56}},{"start":{},"end":{}}],"line":6},"1":{"loc":{"start":{"line":7,"column":21},"end":{"line":7,"column":63}},"type":"binary-expr","locations":[{"start":{"line":7,"column":21},"end":{"line":7,"column":57}},{"start":{"line":7,"column":61},"end":{"line":7,"column":63}}],"line":7},"2":{"loc":{"start":{"line":10,"column":2},"end":{"line":13,"column":6}},"type":"if","locations":[{"start":{"line":10,"column":2},"end":{"line":13,"column":6}},{"start":{},"end":{}}],"line":10}},"s":{"0":4,"1":5,"2":1,"3":4,"4":6,"5":4,"6":1,"7":3,"8":3,"9":2,"10":1},"f":{"0":5,"1":6},"b":{"0":[1,4],"1":[4,0],"2":[1,3]},"_coverageSchema":"1a1c01bbd47fc00a2c39e90264f33305004495a9","hash":"578edf1cffbe0ebec2959d5548c118a3297796a4"}
,"/app/tools/swarm_intelligence_tools.js": {"path":"/app/tools/swarm_intelligence_tools.js","statementMap":{"0":{"start":{"line":5,"column":19},"end":{"line":5,"column":91}},"1":{"start":{"line":6,"column":2},"end":{"line":21,"column":3}},"2":{"start":{"line":7,"column":17},"end":{"line":7,"column":52}},"3":{"start":{"line":8,"column":4},"end":{"line":8,"column":62}},"4":{"start":{"line":8,"column":22},"end":{"line":8,"column":62}},"5":{"start":{"line":9,"column":21},"end":{"line":9,"column":74}},"6":{"start":{"line":9,"column":57},"end":{"line":9,"column":73}},"7":{"start":{"line":10,"column":4},"end":{"line":10,"column":71}},"8":{"start":{"line":10,"column":31},"end":{"line":10,"column":71}},"9":{"start":{"line":11,"column":22},"end":{"line":14,"column":10}},"10":{"start":{"line":12,"column":6},"end":{"line":12,"column":73}},"11":{"start":{"line":12,"column":38},"end":{"line":12,"column":69}},"12":{"start":{"line":13,"column":6},"end":{"line":13,"column":17}},"13":{"start":{"line":15,"column":4},"end":{"line":15,"column":112}},"14":{"start":{"line":15,"column":45},"end":{"line":15,"column":112}},"15":{"start":{"line":16,"column":25},"end":{"line":16,"column":88}},"16":{"start":{"line":16,"column":68},"end":{"line":16,"column":87}},"17":{"start":{"line":17,"column":4},"end":{"line":17,"column":106}},"18":{"start":{"line":19,"column":4},"end":{"line":19,"column":73}},"19":{"start":{"line":19,"column":33},"end":{"line":19,"column":73}},"20":{"start":{"line":20,"column":4},"end":{"line":20,"column":56}},"21":{"start":{"line":26,"column":4},"end":{"line":26,"column":85}},"22":{"start":{"line":27,"column":4},"end":{"line":27,"column":62}}},"fnMap":{"0":{"name":"get_failure_patterns","decl":{"start":{"line":4,"column":22},"end":{"line":4,"column":42}},"loc":{"start":{"line":4,"column":45},"end":{"line":22,"column":1}},"line":4},"1":{"name":"(anonymous_1)","decl":{"start":{"line":9,"column":49},"end":{"line":9,"column":50}},"loc":{"start":{"line":9,"column":57},"end":{"line":9,"column":73}},"line":9},"2":{"name":"(anonymous_2)","decl":{"start":{"line":11,"column":38},"end":{"line":11,"column":39}},"loc":{"start":{"line":11,"column":50},"end":{"line":14,"column":5}},"line":11},"3":{"name":"(anonymous_3)","decl":{"start":{"line":12,"column":29},"end":{"line":12,"column":30}},"loc":{"start":{"line":12,"column":36},"end":{"line":12,"column":71}},"line":12},"4":{"name":"(anonymous_4)","decl":{"start":{"line":16,"column":58},"end":{"line":16,"column":59}},"loc":{"start":{"line":16,"column":68},"end":{"line":16,"column":87}},"line":16},"5":{"name":"getBestAgentForTask","decl":{"start":{"line":25,"column":22},"end":{"line":25,"column":41}},"loc":{"start":{"line":25,"column":57},"end":{"line":28,"column":1}},"line":25}},"branchMap":{"0":{"loc":{"start":{"line":8,"column":4},"end":{"line":8,"column":62}},"type":"if","locations":[{"start":{"line":8,"column":4},"end":{"line":8,"column":62}},{"start":{},"end":{}}],"line":8},"1":{"loc":{"start":{"line":10,"column":4},"end":{"line":10,"column":71}},"type":"if","locations":[{"start":{"line":10,"column":4},"end":{"line":10,"column":71}},{"start":{},"end":{}}],"line":10},"2":{"loc":{"start":{"line":12,"column":7},"end":{"line":12,"column":19}},"type":"binary-expr","locations":[{"start":{"line":12,"column":7},"end":{"line":12,"column":13}},{"start":{"line":12,"column":17},"end":{"line":12,"column":19}}],"line":12},"3":{"loc":{"start":{"line":12,"column":50},"end":{"line":12,"column":63}},"type":"binary-expr","locations":[{"start":{"line":12,"column":50},"end":{"line":12,"column":58}},{"start":{"line":12,"column":62},"end":{"line":12,"column":63}}],"line":12},"4":{"loc":{"start":{"line":15,"column":4},"end":{"line":15,"column":112}},"type":"if","locations":[{"start":{"line":15,"column":4},"end":{"line":15,"column":112}},{"start":{},"end":{}}],"line":15},"5":{"loc":{"start":{"line":16,"column":68},"end":{"line":16,"column":87}},"type":"cond-expr","locations":[{"start":{"line":16,"column":82},"end":{"line":16,"column":83}},{"start":{"line":16,"column":86},"end":{"line":16,"column":87}}],"line":16},"6":{"loc":{"start":{"line":19,"column":4},"end":{"line":19,"column":73}},"type":"if","locations":[{"start":{"line":19,"column":4},"end":{"line":19,"column":73}},{"start":{},"end":{}}],"line":19}},"s":{"0":3,"1":3,"2":3,"3":3,"4":1,"5":2,"6":6,"7":2,"8":0,"9":2,"10":6,"11":8,"12":6,"13":2,"14":0,"15":2,"16":4,"17":2,"18":0,"19":0,"20":0,"21":0,"22":0},"f":{"0":3,"1":6,"2":6,"3":8,"4":4,"5":0},"b":{"0":[1,2],"1":[0,2],"2":[6,0],"3":[8,6],"4":[0,2],"5":[4,0],"6":[0,0]},"_coverageSchema":"1a1c01bbd47fc00a2c39e90264f33305004495a9","hash":"bbc770deb88d23017c842ede904edc1af118c086"}
,"/app/utils/errorHandler.js": {"path":"/app/utils/errorHandler.js","statementMap":{"0":{"start":{"line":3,"column":27},"end":{"line":8,"column":1}},"1":{"start":{"line":12,"column":4},"end":{"line":12,"column":19}},"2":{"start":{"line":13,"column":4},"end":{"line":13,"column":35}},"3":{"start":{"line":14,"column":4},"end":{"line":14,"column":21}},"4":{"start":{"line":15,"column":4},"end":{"line":15,"column":45}},"5":{"start":{"line":16,"column":4},"end":{"line":16,"column":30}},"6":{"start":{"line":22,"column":4},"end":{"line":22,"column":56}},"7":{"start":{"line":22,"column":43},"end":{"line":22,"column":56}},"8":{"start":{"line":23,"column":15},"end":{"line":23,"column":40}},"9":{"start":{"line":24,"column":4},"end":{"line":24,"column":84}},"10":{"start":{"line":24,"column":51},"end":{"line":24,"column":84}},"11":{"start":{"line":25,"column":4},"end":{"line":25,"column":71}},"12":{"start":{"line":26,"column":4},"end":{"line":26,"column":53}}},"fnMap":{"0":{"name":"(anonymous_0)","decl":{"start":{"line":11,"column":2},"end":{"line":11,"column":3}},"loc":{"start":{"line":11,"column":52},"end":{"line":17,"column":3}},"line":11},"1":{"name":"(anonymous_1)","decl":{"start":{"line":21,"column":2},"end":{"line":21,"column":3}},"loc":{"start":{"line":21,"column":31},"end":{"line":27,"column":3}},"line":21}},"branchMap":{"0":{"loc":{"start":{"line":11,"column":29},"end":{"line":11,"column":50}},"type":"default-arg","locations":[{"start":{"line":11,"column":48},"end":{"line":11,"column":50}}],"line":11},"1":{"loc":{"start":{"line":21,"column":17},"end":{"line":21,"column":29}},"type":"default-arg","locations":[{"start":{"line":21,"column":27},"end":{"line":21,"column":29}}],"line":21},"2":{"loc":{"start":{"line":22,"column":4},"end":{"line":22,"column":56}},"type":"if","locations":[{"start":{"line":22,"column":4},"end":{"line":22,"column":56}},{"start":{},"end":{}}],"line":22},"3":{"loc":{"start":{"line":24,"column":4},"end":{"line":24,"column":84}},"type":"if","locations":[{"start":{"line":24,"column":4},"end":{"line":24,"column":84}},{"start":{},"end":{}}],"line":24}},"s":{"0":3,"1":2,"2":2,"3":2,"4":2,"5":2,"6":2,"7":1,"8":1,"9":1,"10":0,"11":1,"12":1},"f":{"0":2,"1":2},"b":{"0":[2],"1":[0],"2":[1,1],"3":[0,1]},"_coverageSchema":"1a1c01bbd47fc00a2c39e90264f33305004495a9","hash":"8a890a113943fcf563052039d76611dd49363494"}
,"/app/utils/localization.js": {"path":"/app/utils/localization.js","statementMap":{"0":{"start":{"line":1,"column":23},"end":{"line":15,"column":1}},"1":{"start":{"line":18,"column":2},"end":{"line":18,"column":70}},"2":{"start":{"line":23,"column":2},"end":{"line":27,"column":4}}},"fnMap":{"0":{"name":"t","decl":{"start":{"line":17,"column":16},"end":{"line":17,"column":17}},"loc":{"start":{"line":17,"column":36},"end":{"line":19,"column":1}},"line":17},"1":{"name":"localizeError","decl":{"start":{"line":22,"column":16},"end":{"line":22,"column":29}},"loc":{"start":{"line":22,"column":43},"end":{"line":28,"column":1}},"line":22}},"branchMap":{"0":{"loc":{"start":{"line":17,"column":23},"end":{"line":17,"column":34}},"type":"default-arg","locations":[{"start":{"line":17,"column":30},"end":{"line":17,"column":34}}],"line":17},"1":{"loc":{"start":{"line":18,"column":9},"end":{"line":18,"column":69}},"type":"binary-expr","locations":[{"start":{"line":18,"column":9},"end":{"line":18,"column":36}},{"start":{"line":18,"column":40},"end":{"line":18,"column":62}},{"start":{"line":18,"column":66},"end":{"line":18,"column":69}}],"line":18}},"s":{"0":1,"1":0,"2":0},"f":{"0":0,"1":0},"b":{"0":[0],"1":[0,0,0]},"_coverageSchema":"1a1c01bbd47fc00a2c39e90264f33305004495a9","hash":"1f63be90dd72f31912728707165ee053900d7650"}
,"/app/utils/queryCache.js": {"path":"/app/utils/queryCache.js","statementMap":{"0":{"start":{"line":3,"column":14},"end":{"line":6,"column":2}},"1":{"start":{"line":9,"column":2},"end":{"line":17,"column":4}},"2":{"start":{"line":10,"column":21},"end":{"line":10,"column":53}},"3":{"start":{"line":11,"column":19},"end":{"line":11,"column":38}},"4":{"start":{"line":12,"column":4},"end":{"line":12,"column":30}},"5":{"start":{"line":12,"column":16},"end":{"line":12,"column":30}},"6":{"start":{"line":14,"column":19},"end":{"line":14,"column":41}},"7":{"start":{"line":15,"column":4},"end":{"line":15,"column":32}},"8":{"start":{"line":16,"column":4},"end":{"line":16,"column":18}}},"fnMap":{"0":{"name":"cachedQuery","decl":{"start":{"line":8,"column":16},"end":{"line":8,"column":27}},"loc":{"start":{"line":8,"column":42},"end":{"line":18,"column":1}},"line":8},"1":{"name":"(anonymous_1)","decl":{"start":{"line":9,"column":9},"end":{"line":9,"column":10}},"loc":{"start":{"line":9,"column":28},"end":{"line":17,"column":3}},"line":9}},"branchMap":{"0":{"loc":{"start":{"line":12,"column":4},"end":{"line":12,"column":30}},"type":"if","locations":[{"start":{"line":12,"column":4},"end":{"line":12,"column":30}},{"start":{},"end":{}}],"line":12}},"s":{"0":4,"1":4,"2":0,"3":0,"4":0,"5":0,"6":0,"7":0,"8":0},"f":{"0":4,"1":0},"b":{"0":[0,0]},"_coverageSchema":"1a1c01bbd47fc00a2c39e90264f33305004495a9","hash":"582f3cef4c1c3098d5fcbcffb44409fa4d62bb69"}
,"/app/utils/sanitization.js": {"path":"/app/utils/sanitization.js","statementMap":{"0":{"start":{"line":5,"column":20},"end":{"line":20,"column":1}},"1":{"start":{"line":30,"column":21},"end":{"line":30,"column":42}},"2":{"start":{"line":31,"column":2},"end":{"line":33,"column":3}},"3":{"start":{"line":32,"column":4},"end":{"line":32,"column":82}},"4":{"start":{"line":35,"column":17},"end":{"line":35,"column":37}},"5":{"start":{"line":36,"column":2},"end":{"line":41,"column":3}},"6":{"start":{"line":37,"column":4},"end":{"line":37,"column":30}},"7":{"start":{"line":40,"column":4},"end":{"line":40,"column":82}}},"fnMap":{"0":{"name":"sanitizeToolCall","decl":{"start":{"line":29,"column":16},"end":{"line":29,"column":32}},"loc":{"start":{"line":29,"column":49},"end":{"line":42,"column":1}},"line":29}},"branchMap":{"0":{"loc":{"start":{"line":31,"column":2},"end":{"line":33,"column":3}},"type":"if","locations":[{"start":{"line":31,"column":2},"end":{"line":33,"column":3}},{"start":{},"end":{}}],"line":31}},"s":{"0":3,"1":2,"2":2,"3":0,"4":2,"5":2,"6":2,"7":1},"f":{"0":2},"b":{"0":[0,2]},"_coverageSchema":"1a1c01bbd47fc00a2c39e90264f33305004495a9","hash":"b847ea021c380ff78d19f33d560fc922c6ff88eb"}
}
