{"/app/stigmergy.config.js": {"path":"/app/stigmergy.config.js","statementMap":{"0":{"start":{"line":3,"column":15},"end":{"line":79,"column":1}}},"fnMap":{},"branchMap":{},"s":{"0":5},"f":{},"b":{},"_coverageSchema":"1a1c01bbd47fc00a2c39e90264f33305004495a9","hash":"8bcac52682e0f70d2d98dd109484a3bc7231a308"}
,"/app/ai/providers.js": {"path":"/app/ai/providers.js","statementMap":{"0":{"start":{"line":5,"column":52},"end":{"line":5,"column":63}},"1":{"start":{"line":7,"column":2},"end":{"line":11,"column":3}},"2":{"start":{"line":8,"column":4},"end":{"line":10,"column":6}},"3":{"start":{"line":13,"column":25},"end":{"line":15,"column":3}},"4":{"start":{"line":17,"column":2},"end":{"line":19,"column":3}},"5":{"start":{"line":18,"column":4},"end":{"line":18,"column":45}},"6":{"start":{"line":21,"column":2},"end":{"line":24,"column":4}},"7":{"start":{"line":26,"column":19},"end":{"line":26,"column":47}},"8":{"start":{"line":28,"column":2},"end":{"line":28,"column":28}},"9":{"start":{"line":32,"column":14},"end":{"line":32,"column":38}},"10":{"start":{"line":33,"column":2},"end":{"line":44,"column":78}}},"fnMap":{"0":{"name":"getModel","decl":{"start":{"line":4,"column":16},"end":{"line":4,"column":24}},"loc":{"start":{"line":4,"column":27},"end":{"line":29,"column":1}},"line":4},"1":{"name":"systemPrompt","decl":{"start":{"line":31,"column":16},"end":{"line":31,"column":28}},"loc":{"start":{"line":31,"column":31},"end":{"line":45,"column":1}},"line":31}},"branchMap":{"0":{"loc":{"start":{"line":7,"column":2},"end":{"line":11,"column":3}},"type":"if","locations":[{"start":{"line":7,"column":2},"end":{"line":11,"column":3}},{"start":{},"end":{}}],"line":7},"1":{"loc":{"start":{"line":7,"column":6},"end":{"line":7,"column":30}},"type":"binary-expr","locations":[{"start":{"line":7,"column":6},"end":{"line":7,"column":17}},{"start":{"line":7,"column":21},"end":{"line":7,"column":30}}],"line":7},"2":{"loc":{"start":{"line":17,"column":2},"end":{"line":19,"column":3}},"type":"if","locations":[{"start":{"line":17,"column":2},"end":{"line":19,"column":3}},{"start":{},"end":{}}],"line":17},"3":{"loc":{"start":{"line":23,"column":7},"end":{"line":23,"column":54}},"type":"cond-expr","locations":[{"start":{"line":23,"column":25},"end":{"line":23,"column":49}},{"start":{"line":23,"column":52},"end":{"line":23,"column":54}}],"line":23}},"s":{"0":4,"1":4,"2":2,"3":2,"4":2,"5":1,"6":2,"7":2,"8":2,"9":0,"10":0},"f":{"0":4,"1":0},"b":{"0":[2,2],"1":[4,3],"2":[1,1],"3":[1,1]},"_coverageSchema":"1a1c01bbd47fc00a2c39e90264f33305004495a9","hash":"854e1e4d565a1c940617c576d8980d0920f9dc6c"}
,"/app/engine/context_enhancer.js": {"path":"/app/engine/context_enhancer.js","statementMap":{"0":{"start":{"line":4,"column":22},"end":{"line":4,"column":93}},"1":{"start":{"line":5,"column":18},"end":{"line":5,"column":27}},"2":{"start":{"line":7,"column":2},"end":{"line":12,"column":3}},"3":{"start":{"line":8,"column":19},"end":{"line":8,"column":51}},"4":{"start":{"line":9,"column":4},"end":{"line":11,"column":5}},"5":{"start":{"line":10,"column":6},"end":{"line":10,"column":26}},"6":{"start":{"line":13,"column":2},"end":{"line":13,"column":29}},"7":{"start":{"line":17,"column":2},"end":{"line":19,"column":3}},"8":{"start":{"line":18,"column":4},"end":{"line":18,"column":67}},"9":{"start":{"line":20,"column":26},"end":{"line":43,"column":4}},"10":{"start":{"line":21,"column":4},"end":{"line":42,"column":5}},"11":{"start":{"line":22,"column":25},"end":{"line":22,"column":85}},"12":{"start":{"line":23,"column":21},"end":{"line":23,"column":78}},"13":{"start":{"line":24,"column":20},"end":{"line":24,"column":65}},"14":{"start":{"line":25,"column":6},"end":{"line":29,"column":7}},"15":{"start":{"line":26,"column":8},"end":{"line":26,"column":143}},"16":{"start":{"line":28,"column":8},"end":{"line":28,"column":59}},"17":{"start":{"line":30,"column":6},"end":{"line":37,"column":7}},"18":{"start":{"line":31,"column":8},"end":{"line":31,"column":56}},"19":{"start":{"line":32,"column":8},"end":{"line":34,"column":11}},"20":{"start":{"line":33,"column":10},"end":{"line":33,"column":97}},"21":{"start":{"line":36,"column":8},"end":{"line":36,"column":58}},"22":{"start":{"line":38,"column":6},"end":{"line":38,"column":21}},"23":{"start":{"line":40,"column":6},"end":{"line":40,"column":93}},"24":{"start":{"line":41,"column":6},"end":{"line":41,"column":76}},"25":{"start":{"line":44,"column":19},"end":{"line":44,"column":53}},"26":{"start":{"line":45,"column":2},"end":{"line":45,"column":29}},"27":{"start":{"line":49,"column":2},"end":{"line":49,"column":70}},"28":{"start":{"line":50,"column":18},"end":{"line":50,"column":53}},"29":{"start":{"line":51,"column":2},"end":{"line":63,"column":3}},"30":{"start":{"line":52,"column":4},"end":{"line":52,"column":74}},"31":{"start":{"line":53,"column":4},"end":{"line":53,"column":75}},"32":{"start":{"line":54,"column":27},"end":{"line":54,"column":62}},"33":{"start":{"line":55,"column":4},"end":{"line":55,"column":65}},"34":{"start":{"line":56,"column":4},"end":{"line":62,"column":6}},"35":{"start":{"line":64,"column":2},"end":{"line":64,"column":12}}},"fnMap":{"0":{"name":"extractSymbolsFromTask","decl":{"start":{"line":3,"column":9},"end":{"line":3,"column":31}},"loc":{"start":{"line":3,"column":45},"end":{"line":14,"column":1}},"line":3},"1":{"name":"getContextForSymbols","decl":{"start":{"line":16,"column":15},"end":{"line":16,"column":35}},"loc":{"start":{"line":16,"column":45},"end":{"line":46,"column":1}},"line":16},"2":{"name":"(anonymous_2)","decl":{"start":{"line":20,"column":38},"end":{"line":20,"column":39}},"loc":{"start":{"line":20,"column":56},"end":{"line":43,"column":3}},"line":20},"3":{"name":"(anonymous_3)","decl":{"start":{"line":32,"column":35},"end":{"line":32,"column":36}},"loc":{"start":{"line":32,"column":46},"end":{"line":34,"column":9}},"line":32},"4":{"name":"enhance","decl":{"start":{"line":48,"column":22},"end":{"line":48,"column":29}},"loc":{"start":{"line":48,"column":43},"end":{"line":65,"column":1}},"line":48}},"branchMap":{"0":{"loc":{"start":{"line":8,"column":19},"end":{"line":8,"column":51}},"type":"binary-expr","locations":[{"start":{"line":8,"column":19},"end":{"line":8,"column":27}},{"start":{"line":8,"column":31},"end":{"line":8,"column":39}},{"start":{"line":8,"column":43},"end":{"line":8,"column":51}}],"line":8},"1":{"loc":{"start":{"line":9,"column":4},"end":{"line":11,"column":5}},"type":"if","locations":[{"start":{"line":9,"column":4},"end":{"line":11,"column":5}},{"start":{},"end":{}}],"line":9},"2":{"loc":{"start":{"line":17,"column":2},"end":{"line":19,"column":3}},"type":"if","locations":[{"start":{"line":17,"column":2},"end":{"line":19,"column":3}},{"start":{},"end":{}}],"line":17},"3":{"loc":{"start":{"line":25,"column":6},"end":{"line":29,"column":7}},"type":"if","locations":[{"start":{"line":25,"column":6},"end":{"line":29,"column":7}},{"start":{"line":27,"column":13},"end":{"line":29,"column":7}}],"line":25},"4":{"loc":{"start":{"line":25,"column":10},"end":{"line":25,"column":45}},"type":"binary-expr","locations":[{"start":{"line":25,"column":10},"end":{"line":25,"column":20}},{"start":{"line":25,"column":24},"end":{"line":25,"column":45}}],"line":25},"5":{"loc":{"start":{"line":26,"column":69},"end":{"line":26,"column":104}},"type":"binary-expr","locations":[{"start":{"line":26,"column":69},"end":{"line":26,"column":88}},{"start":{"line":26,"column":92},"end":{"line":26,"column":104}}],"line":26},"6":{"loc":{"start":{"line":30,"column":6},"end":{"line":37,"column":7}},"type":"if","locations":[{"start":{"line":30,"column":6},"end":{"line":37,"column":7}},{"start":{"line":35,"column":13},"end":{"line":37,"column":7}}],"line":30},"7":{"loc":{"start":{"line":30,"column":10},"end":{"line":30,"column":37}},"type":"binary-expr","locations":[{"start":{"line":30,"column":10},"end":{"line":30,"column":16}},{"start":{"line":30,"column":20},"end":{"line":30,"column":37}}],"line":30},"8":{"loc":{"start":{"line":51,"column":2},"end":{"line":63,"column":3}},"type":"if","locations":[{"start":{"line":51,"column":2},"end":{"line":63,"column":3}},{"start":{},"end":{}}],"line":51}},"s":{"0":0,"1":0,"2":0,"3":0,"4":0,"5":0,"6":0,"7":0,"8":0,"9":0,"10":0,"11":0,"12":0,"13":0,"14":0,"15":0,"16":0,"17":0,"18":0,"19":0,"20":0,"21":0,"22":0,"23":0,"24":0,"25":0,"26":0,"27":0,"28":0,"29":0,"30":0,"31":0,"32":0,"33":0,"34":0,"35":0},"f":{"0":0,"1":0,"2":0,"3":0,"4":0},"b":{"0":[0,0,0],"1":[0,0],"2":[0,0],"3":[0,0],"4":[0,0],"5":[0,0],"6":[0,0],"7":[0,0],"8":[0,0]},"_coverageSchema":"1a1c01bbd47fc00a2c39e90264f33305004495a9","hash":"e9bec24868b20344fae8539303525c7df4b95ae7"}
,"/app/engine/dashboard.js": {"path":"/app/engine/dashboard.js","statementMap":{"0":{"start":{"line":5,"column":15},"end":{"line":5,"column":31}},"1":{"start":{"line":7,"column":0},"end":{"line":28,"column":3}},"2":{"start":{"line":8,"column":2},"end":{"line":27,"column":3}},"3":{"start":{"line":9,"column":18},"end":{"line":9,"column":47}},"4":{"start":{"line":11,"column":18},"end":{"line":11,"column":53}},"5":{"start":{"line":12,"column":23},"end":{"line":12,"column":35}},"6":{"start":{"line":13,"column":27},"end":{"line":15,"column":12}},"7":{"start":{"line":14,"column":13},"end":{"line":14,"column":60}},"8":{"start":{"line":17,"column":4},"end":{"line":24,"column":7}},"9":{"start":{"line":26,"column":4},"end":{"line":26,"column":51}},"10":{"start":{"line":30,"column":0},"end":{"line":30,"column":73}}},"fnMap":{"0":{"name":"(anonymous_0)","decl":{"start":{"line":7,"column":21},"end":{"line":7,"column":22}},"loc":{"start":{"line":7,"column":41},"end":{"line":28,"column":1}},"line":7},"1":{"name":"(anonymous_1)","decl":{"start":{"line":14,"column":6},"end":{"line":14,"column":7}},"loc":{"start":{"line":14,"column":13},"end":{"line":14,"column":60}},"line":14}},"branchMap":{"0":{"loc":{"start":{"line":11,"column":18},"end":{"line":11,"column":53}},"type":"binary-expr","locations":[{"start":{"line":11,"column":18},"end":{"line":11,"column":47}},{"start":{"line":11,"column":51},"end":{"line":11,"column":53}}],"line":11},"1":{"loc":{"start":{"line":14,"column":13},"end":{"line":14,"column":60}},"type":"binary-expr","locations":[{"start":{"line":14,"column":13},"end":{"line":14,"column":32}},{"start":{"line":14,"column":36},"end":{"line":14,"column":60}}],"line":14},"2":{"loc":{"start":{"line":22,"column":17},"end":{"line":22,"column":43}},"type":"binary-expr","locations":[{"start":{"line":22,"column":17},"end":{"line":22,"column":35}},{"start":{"line":22,"column":39},"end":{"line":22,"column":43}}],"line":22}},"s":{"0":1,"1":1,"2":1,"3":1,"4":1,"5":1,"6":1,"7":2,"8":1,"9":0,"10":1},"f":{"0":1,"1":2},"b":{"0":[1,0],"1":[2,1],"2":[1,0]},"_coverageSchema":"1a1c01bbd47fc00a2c39e90264f33305004495a9","hash":"c7b5eae4d147a35d223fc1f7256a88de0b247be9"}
,"/app/engine/llm_adapter.js": {"path":"/app/engine/llm_adapter.js","statementMap":{"0":{"start":{"line":9,"column":25},"end":{"line":14,"column":1}},"1":{"start":{"line":16,"column":18},"end":{"line":16,"column":27}},"2":{"start":{"line":19,"column":2},"end":{"line":21,"column":3}},"3":{"start":{"line":20,"column":4},"end":{"line":20,"column":35}},"4":{"start":{"line":22,"column":2},"end":{"line":26,"column":3}},"5":{"start":{"line":23,"column":20},"end":{"line":23,"column":55}},"6":{"start":{"line":24,"column":4},"end":{"line":24,"column":37}},"7":{"start":{"line":25,"column":4},"end":{"line":25,"column":19}},"8":{"start":{"line":27,"column":2},"end":{"line":27,"column":14}},"9":{"start":{"line":31,"column":15},"end":{"line":41,"column":3}},"10":{"start":{"line":42,"column":16},"end":{"line":42,"column":18}},"11":{"start":{"line":43,"column":2},"end":{"line":49,"column":3}},"12":{"start":{"line":44,"column":21},"end":{"line":44,"column":54}},"13":{"start":{"line":45,"column":20},"end":{"line":45,"column":49}},"14":{"start":{"line":46,"column":4},"end":{"line":48,"column":5}},"15":{"start":{"line":47,"column":6},"end":{"line":47,"column":84}},"16":{"start":{"line":50,"column":2},"end":{"line":50,"column":17}},"17":{"start":{"line":54,"column":2},"end":{"line":56,"column":3}},"18":{"start":{"line":55,"column":4},"end":{"line":55,"column":21}},"19":{"start":{"line":58,"column":20},"end":{"line":58,"column":90}},"20":{"start":{"line":59,"column":28},"end":{"line":59,"column":58}},"21":{"start":{"line":60,"column":29},"end":{"line":60,"column":66}},"22":{"start":{"line":62,"column":22},"end":{"line":62,"column":46}},"23":{"start":{"line":64,"column":20},"end":{"line":64,"column":65}},"24":{"start":{"line":65,"column":23},"end":{"line":65,"column":53}},"25":{"start":{"line":66,"column":2},"end":{"line":68,"column":3}},"26":{"start":{"line":67,"column":4},"end":{"line":67,"column":115}},"27":{"start":{"line":70,"column":20},"end":{"line":70,"column":22}},"28":{"start":{"line":71,"column":2},"end":{"line":77,"column":3}},"29":{"start":{"line":72,"column":22},"end":{"line":72,"column":80}},"30":{"start":{"line":73,"column":4},"end":{"line":76,"column":5}},"31":{"start":{"line":74,"column":6},"end":{"line":74,"column":57}},"32":{"start":{"line":75,"column":6},"end":{"line":75,"column":80}},"33":{"start":{"line":79,"column":2},"end":{"line":82,"column":3}},"34":{"start":{"line":80,"column":27},"end":{"line":80,"column":60}},"35":{"start":{"line":81,"column":4},"end":{"line":81,"column":45}},"36":{"start":{"line":84,"column":28},"end":{"line":86,"column":49}},"37":{"start":{"line":88,"column":22},"end":{"line":88,"column":69}},"38":{"start":{"line":90,"column":2},"end":{"line":107,"column":3}},"39":{"start":{"line":91,"column":19},"end":{"line":91,"column":62}},"40":{"start":{"line":93,"column":18},"end":{"line":93,"column":29}},"41":{"start":{"line":94,"column":4},"end":{"line":96,"column":5}},"42":{"start":{"line":95,"column":6},"end":{"line":95,"column":50}},"43":{"start":{"line":98,"column":4},"end":{"line":101,"column":5}},"44":{"start":{"line":99,"column":6},"end":{"line":99,"column":92}},"45":{"start":{"line":100,"column":6},"end":{"line":100,"column":90}},"46":{"start":{"line":103,"column":4},"end":{"line":103,"column":31}},"47":{"start":{"line":105,"column":4},"end":{"line":105,"column":81}},"48":{"start":{"line":106,"column":4},"end":{"line":106,"column":79}},"49":{"start":{"line":111,"column":2},"end":{"line":120,"column":29}},"50":{"start":{"line":124,"column":2},"end":{"line":124,"column":20}},"51":{"start":{"line":125,"column":2},"end":{"line":125,"column":51}}},"fnMap":{"0":{"name":"getCachedFile","decl":{"start":{"line":18,"column":15},"end":{"line":18,"column":28}},"loc":{"start":{"line":18,"column":39},"end":{"line":28,"column":1}},"line":18},"1":{"name":"getSharedContext","decl":{"start":{"line":30,"column":15},"end":{"line":30,"column":31}},"loc":{"start":{"line":30,"column":34},"end":{"line":51,"column":1}},"line":30},"2":{"name":"getCompletion","decl":{"start":{"line":53,"column":22},"end":{"line":53,"column":35}},"loc":{"start":{"line":53,"column":61},"end":{"line":108,"column":1}},"line":53},"3":{"name":"getSystemPrompt","decl":{"start":{"line":110,"column":22},"end":{"line":110,"column":37}},"loc":{"start":{"line":110,"column":40},"end":{"line":121,"column":1}},"line":110},"4":{"name":"clearFileCache","decl":{"start":{"line":123,"column":16},"end":{"line":123,"column":30}},"loc":{"start":{"line":123,"column":33},"end":{"line":126,"column":1}},"line":123}},"branchMap":{"0":{"loc":{"start":{"line":19,"column":2},"end":{"line":21,"column":3}},"type":"if","locations":[{"start":{"line":19,"column":2},"end":{"line":21,"column":3}},{"start":{},"end":{}}],"line":19},"1":{"loc":{"start":{"line":22,"column":2},"end":{"line":26,"column":3}},"type":"if","locations":[{"start":{"line":22,"column":2},"end":{"line":26,"column":3}},{"start":{},"end":{}}],"line":22},"2":{"loc":{"start":{"line":46,"column":4},"end":{"line":48,"column":5}},"type":"if","locations":[{"start":{"line":46,"column":4},"end":{"line":48,"column":5}},{"start":{},"end":{}}],"line":46},"3":{"loc":{"start":{"line":54,"column":2},"end":{"line":56,"column":3}},"type":"if","locations":[{"start":{"line":54,"column":2},"end":{"line":56,"column":3}},{"start":{},"end":{}}],"line":54},"4":{"loc":{"start":{"line":66,"column":2},"end":{"line":68,"column":3}},"type":"if","locations":[{"start":{"line":66,"column":2},"end":{"line":68,"column":3}},{"start":{},"end":{}}],"line":66},"5":{"loc":{"start":{"line":71,"column":2},"end":{"line":77,"column":3}},"type":"if","locations":[{"start":{"line":71,"column":2},"end":{"line":77,"column":3}},{"start":{},"end":{}}],"line":71},"6":{"loc":{"start":{"line":73,"column":4},"end":{"line":76,"column":5}},"type":"if","locations":[{"start":{"line":73,"column":4},"end":{"line":76,"column":5}},{"start":{},"end":{}}],"line":73},"7":{"loc":{"start":{"line":79,"column":2},"end":{"line":82,"column":3}},"type":"if","locations":[{"start":{"line":79,"column":2},"end":{"line":82,"column":3}},{"start":{},"end":{}}],"line":79},"8":{"loc":{"start":{"line":94,"column":4},"end":{"line":96,"column":5}},"type":"if","locations":[{"start":{"line":94,"column":4},"end":{"line":96,"column":5}},{"start":{},"end":{}}],"line":94},"9":{"loc":{"start":{"line":94,"column":8},"end":{"line":94,"column":63}},"type":"binary-expr","locations":[{"start":{"line":94,"column":8},"end":{"line":94,"column":16}},{"start":{"line":94,"column":20},"end":{"line":94,"column":34}},{"start":{"line":94,"column":38},"end":{"line":94,"column":63}}],"line":94},"10":{"loc":{"start":{"line":98,"column":4},"end":{"line":101,"column":5}},"type":"if","locations":[{"start":{"line":98,"column":4},"end":{"line":101,"column":5}},{"start":{},"end":{}}],"line":98}},"s":{"0":2,"1":2,"2":0,"3":0,"4":0,"5":0,"6":0,"7":0,"8":0,"9":0,"10":0,"11":0,"12":0,"13":0,"14":0,"15":0,"16":0,"17":0,"18":0,"19":0,"20":0,"21":0,"22":0,"23":0,"24":0,"25":0,"26":0,"27":0,"28":0,"29":0,"30":0,"31":0,"32":0,"33":0,"34":0,"35":0,"36":0,"37":0,"38":0,"39":0,"40":0,"41":0,"42":0,"43":0,"44":0,"45":0,"46":0,"47":0,"48":0,"49":0,"50":0,"51":0},"f":{"0":0,"1":0,"2":0,"3":0,"4":0},"b":{"0":[0,0],"1":[0,0],"2":[0,0],"3":[0,0],"4":[0,0],"5":[0,0],"6":[0,0],"7":[0,0],"8":[0,0],"9":[0,0,0],"10":[0,0]},"_coverageSchema":"1a1c01bbd47fc00a2c39e90264f33305004495a9","hash":"a98b5571acb5bc748709fecd61fd65a427928c82"}
,"/app/engine/server.js": {"path":"/app/engine/server.js","statementMap":{"0":{"start":{"line":18,"column":24},"end":{"line":18,"column":54}},"1":{"start":{"line":19,"column":23},"end":{"line":19,"column":52}},"2":{"start":{"line":20,"column":12},"end":{"line":20,"column":85}},"3":{"start":{"line":24,"column":4},"end":{"line":24,"column":33}},"4":{"start":{"line":25,"column":4},"end":{"line":25,"column":33}},"5":{"start":{"line":26,"column":4},"end":{"line":26,"column":25}},"6":{"start":{"line":27,"column":4},"end":{"line":27,"column":33}},"7":{"start":{"line":28,"column":4},"end":{"line":28,"column":44}},"8":{"start":{"line":29,"column":4},"end":{"line":29,"column":23}},"9":{"start":{"line":33,"column":4},"end":{"line":41,"column":7}},"10":{"start":{"line":34,"column":26},"end":{"line":34,"column":72}},"11":{"start":{"line":35,"column":6},"end":{"line":40,"column":9}},"12":{"start":{"line":43,"column":4},"end":{"line":55,"column":7}},"13":{"start":{"line":44,"column":26},"end":{"line":44,"column":72}},"14":{"start":{"line":45,"column":27},"end":{"line":53,"column":7}},"15":{"start":{"line":54,"column":6},"end":{"line":54,"column":69}},"16":{"start":{"line":57,"column":4},"end":{"line":57,"column":48}},"17":{"start":{"line":59,"column":4},"end":{"line":70,"column":7}},"18":{"start":{"line":60,"column":42},"end":{"line":60,"column":50}},"19":{"start":{"line":61,"column":6},"end":{"line":63,"column":7}},"20":{"start":{"line":62,"column":8},"end":{"line":62,"column":83}},"21":{"start":{"line":64,"column":6},"end":{"line":69,"column":7}},"22":{"start":{"line":65,"column":23},"end":{"line":65,"column":71}},"23":{"start":{"line":66,"column":8},"end":{"line":66,"column":39}},"24":{"start":{"line":68,"column":8},"end":{"line":68,"column":55}},"25":{"start":{"line":74,"column":24},"end":{"line":74,"column":70}},"26":{"start":{"line":75,"column":28},"end":{"line":75,"column":80}},"27":{"start":{"line":76,"column":20},"end":{"line":76,"column":60}},"28":{"start":{"line":78,"column":26},"end":{"line":91,"column":16}},"29":{"start":{"line":93,"column":4},"end":{"line":102,"column":6}},"30":{"start":{"line":104,"column":4},"end":{"line":128,"column":5}},"31":{"start":{"line":105,"column":6},"end":{"line":127,"column":8}},"32":{"start":{"line":132,"column":21},"end":{"line":132,"column":65}},"33":{"start":{"line":134,"column":4},"end":{"line":136,"column":5}},"34":{"start":{"line":135,"column":6},"end":{"line":135,"column":86}},"35":{"start":{"line":138,"column":4},"end":{"line":140,"column":5}},"36":{"start":{"line":139,"column":6},"end":{"line":139,"column":83}},"37":{"start":{"line":141,"column":4},"end":{"line":141,"column":28}},"38":{"start":{"line":145,"column":19},"end":{"line":145,"column":39}},"39":{"start":{"line":146,"column":4},"end":{"line":146,"column":76}},"40":{"start":{"line":148,"column":30},"end":{"line":152,"column":5}},"41":{"start":{"line":154,"column":4},"end":{"line":165,"column":5}},"42":{"start":{"line":155,"column":6},"end":{"line":155,"column":92}},"43":{"start":{"line":156,"column":24},"end":{"line":156,"column":54}},"44":{"start":{"line":157,"column":21},"end":{"line":157,"column":177}},"45":{"start":{"line":158,"column":6},"end":{"line":158,"column":53}},"46":{"start":{"line":160,"column":6},"end":{"line":164,"column":8}},"47":{"start":{"line":169,"column":20},"end":{"line":176,"column":6}},"48":{"start":{"line":173,"column":8},"end":{"line":173,"column":36}},"49":{"start":{"line":174,"column":8},"end":{"line":174,"column":31}},"50":{"start":{"line":178,"column":4},"end":{"line":178,"column":38}},"51":{"start":{"line":179,"column":4},"end":{"line":179,"column":20}},"52":{"start":{"line":181,"column":4},"end":{"line":195,"column":5}},"53":{"start":{"line":182,"column":6},"end":{"line":189,"column":7}},"54":{"start":{"line":183,"column":22},"end":{"line":183,"column":51}},"55":{"start":{"line":184,"column":8},"end":{"line":184,"column":90}},"56":{"start":{"line":186,"column":8},"end":{"line":186,"column":48}},"57":{"start":{"line":188,"column":8},"end":{"line":188,"column":66}},"58":{"start":{"line":188,"column":39},"end":{"line":188,"column":64}},"59":{"start":{"line":191,"column":6},"end":{"line":191,"column":65}},"60":{"start":{"line":192,"column":6},"end":{"line":192,"column":31}},"61":{"start":{"line":194,"column":6},"end":{"line":194,"column":25}},"62":{"start":{"line":199,"column":4},"end":{"line":199,"column":37}},"63":{"start":{"line":199,"column":30},"end":{"line":199,"column":37}},"64":{"start":{"line":200,"column":4},"end":{"line":200,"column":32}},"65":{"start":{"line":201,"column":4},"end":{"line":201,"column":74}},"66":{"start":{"line":202,"column":4},"end":{"line":202,"column":19}},"67":{"start":{"line":206,"column":4},"end":{"line":206,"column":38}},"68":{"start":{"line":206,"column":31},"end":{"line":206,"column":38}},"69":{"start":{"line":207,"column":4},"end":{"line":207,"column":33}},"70":{"start":{"line":208,"column":4},"end":{"line":208,"column":67}},"71":{"start":{"line":208,"column":31},"end":{"line":208,"column":67}},"72":{"start":{"line":209,"column":4},"end":{"line":209,"column":95}},"73":{"start":{"line":214,"column":17},"end":{"line":214,"column":29}},"74":{"start":{"line":215,"column":20},"end":{"line":215,"column":85}},"75":{"start":{"line":218,"column":2},"end":{"line":218,"column":33}},"76":{"start":{"line":221,"column":2},"end":{"line":221,"column":73}},"77":{"start":{"line":223,"column":22},"end":{"line":223,"column":68}},"78":{"start":{"line":224,"column":2},"end":{"line":226,"column":3}},"79":{"start":{"line":225,"column":4},"end":{"line":225,"column":20}},"80":{"start":{"line":229,"column":22},"end":{"line":229,"column":76}},"81":{"start":{"line":230,"column":2},"end":{"line":232,"column":3}},"82":{"start":{"line":231,"column":4},"end":{"line":231,"column":66}},"83":{"start":{"line":234,"column":2},"end":{"line":241,"column":3}},"84":{"start":{"line":235,"column":4},"end":{"line":235,"column":74}},"85":{"start":{"line":236,"column":4},"end":{"line":236,"column":69}},"86":{"start":{"line":237,"column":4},"end":{"line":237,"column":65}},"87":{"start":{"line":239,"column":4},"end":{"line":239,"column":84}},"88":{"start":{"line":240,"column":4},"end":{"line":240,"column":20}},"89":{"start":{"line":243,"column":2},"end":{"line":243,"column":54}},"90":{"start":{"line":244,"column":2},"end":{"line":244,"column":65}},"91":{"start":{"line":246,"column":15},"end":{"line":246,"column":39}},"92":{"start":{"line":248,"column":2},"end":{"line":254,"column":5}},"93":{"start":{"line":249,"column":4},"end":{"line":249,"column":89}},"94":{"start":{"line":250,"column":18},"end":{"line":250,"column":47}},"95":{"start":{"line":251,"column":4},"end":{"line":253,"column":5}},"96":{"start":{"line":252,"column":6},"end":{"line":252,"column":21}},"97":{"start":{"line":258,"column":0},"end":{"line":260,"column":1}},"98":{"start":{"line":259,"column":2},"end":{"line":259,"column":30}}},"fnMap":{"0":{"name":"(anonymous_0)","decl":{"start":{"line":23,"column":2},"end":{"line":23,"column":3}},"loc":{"start":{"line":23,"column":16},"end":{"line":30,"column":3}},"line":23},"1":{"name":"(anonymous_1)","decl":{"start":{"line":32,"column":2},"end":{"line":32,"column":3}},"loc":{"start":{"line":32,"column":16},"end":{"line":71,"column":3}},"line":32},"2":{"name":"(anonymous_2)","decl":{"start":{"line":33,"column":22},"end":{"line":33,"column":23}},"loc":{"start":{"line":33,"column":42},"end":{"line":41,"column":5}},"line":33},"3":{"name":"(anonymous_3)","decl":{"start":{"line":43,"column":39},"end":{"line":43,"column":40}},"loc":{"start":{"line":43,"column":59},"end":{"line":55,"column":5}},"line":43},"4":{"name":"(anonymous_4)","decl":{"start":{"line":59,"column":31},"end":{"line":59,"column":32}},"loc":{"start":{"line":59,"column":51},"end":{"line":70,"column":5}},"line":59},"5":{"name":"(anonymous_5)","decl":{"start":{"line":73,"column":2},"end":{"line":73,"column":3}},"loc":{"start":{"line":73,"column":26},"end":{"line":129,"column":3}},"line":73},"6":{"name":"(anonymous_6)","decl":{"start":{"line":131,"column":2},"end":{"line":131,"column":3}},"loc":{"start":{"line":131,"column":53},"end":{"line":142,"column":3}},"line":131},"7":{"name":"(anonymous_7)","decl":{"start":{"line":144,"column":2},"end":{"line":144,"column":3}},"loc":{"start":{"line":144,"column":37},"end":{"line":166,"column":3}},"line":144},"8":{"name":"(anonymous_8)","decl":{"start":{"line":168,"column":2},"end":{"line":168,"column":3}},"loc":{"start":{"line":168,"column":18},"end":{"line":196,"column":3}},"line":168},"9":{"name":"(anonymous_9)","decl":{"start":{"line":172,"column":14},"end":{"line":172,"column":15}},"loc":{"start":{"line":172,"column":29},"end":{"line":175,"column":7}},"line":172},"10":{"name":"(anonymous_10)","decl":{"start":{"line":188,"column":26},"end":{"line":188,"column":27}},"loc":{"start":{"line":188,"column":39},"end":{"line":188,"column":64}},"line":188},"11":{"name":"(anonymous_11)","decl":{"start":{"line":198,"column":2},"end":{"line":198,"column":3}},"loc":{"start":{"line":198,"column":10},"end":{"line":203,"column":3}},"line":198},"12":{"name":"(anonymous_12)","decl":{"start":{"line":205,"column":2},"end":{"line":205,"column":3}},"loc":{"start":{"line":205,"column":21},"end":{"line":210,"column":3}},"line":205},"13":{"name":"main","decl":{"start":{"line":213,"column":22},"end":{"line":213,"column":26}},"loc":{"start":{"line":213,"column":29},"end":{"line":255,"column":1}},"line":213},"14":{"name":"(anonymous_14)","decl":{"start":{"line":248,"column":26},"end":{"line":248,"column":27}},"loc":{"start":{"line":248,"column":38},"end":{"line":254,"column":3}},"line":248}},"branchMap":{"0":{"loc":{"start":{"line":37,"column":22},"end":{"line":37,"column":63}},"type":"cond-expr","locations":[{"start":{"line":37,"column":45},"end":{"line":37,"column":54}},{"start":{"line":37,"column":57},"end":{"line":37,"column":63}}],"line":37},"1":{"loc":{"start":{"line":50,"column":21},"end":{"line":50,"column":87}},"type":"cond-expr","locations":[{"start":{"line":50,"column":43},"end":{"line":50,"column":67}},{"start":{"line":50,"column":70},"end":{"line":50,"column":87}}],"line":50},"2":{"loc":{"start":{"line":54,"column":17},"end":{"line":54,"column":48}},"type":"cond-expr","locations":[{"start":{"line":54,"column":39},"end":{"line":54,"column":42}},{"start":{"line":54,"column":45},"end":{"line":54,"column":48}}],"line":54},"3":{"loc":{"start":{"line":61,"column":6},"end":{"line":63,"column":7}},"type":"if","locations":[{"start":{"line":61,"column":6},"end":{"line":63,"column":7}},{"start":{},"end":{}}],"line":61},"4":{"loc":{"start":{"line":61,"column":10},"end":{"line":61,"column":29}},"type":"binary-expr","locations":[{"start":{"line":61,"column":10},"end":{"line":61,"column":18}},{"start":{"line":61,"column":22},"end":{"line":61,"column":29}}],"line":61},"5":{"loc":{"start":{"line":75,"column":28},"end":{"line":75,"column":80}},"type":"cond-expr","locations":[{"start":{"line":75,"column":56},"end":{"line":75,"column":65}},{"start":{"line":75,"column":68},"end":{"line":75,"column":80}}],"line":75},"6":{"loc":{"start":{"line":76,"column":20},"end":{"line":76,"column":60}},"type":"binary-expr","locations":[{"start":{"line":76,"column":20},"end":{"line":76,"column":40}},{"start":{"line":76,"column":44},"end":{"line":76,"column":60}}],"line":76},"7":{"loc":{"start":{"line":83,"column":22},"end":{"line":83,"column":59}},"type":"binary-expr","locations":[{"start":{"line":83,"column":22},"end":{"line":83,"column":42}},{"start":{"line":83,"column":46},"end":{"line":83,"column":59}}],"line":83},"8":{"loc":{"start":{"line":86,"column":18},"end":{"line":86,"column":96}},"type":"cond-expr","locations":[{"start":{"line":86,"column":40},"end":{"line":86,"column":66}},{"start":{"line":86,"column":69},"end":{"line":86,"column":96}}],"line":86},"9":{"loc":{"start":{"line":90,"column":37},"end":{"line":90,"column":61}},"type":"binary-expr","locations":[{"start":{"line":90,"column":37},"end":{"line":90,"column":53}},{"start":{"line":90,"column":57},"end":{"line":90,"column":61}}],"line":90},"10":{"loc":{"start":{"line":98,"column":21},"end":{"line":98,"column":58}},"type":"cond-expr","locations":[{"start":{"line":98,"column":43},"end":{"line":98,"column":50}},{"start":{"line":98,"column":53},"end":{"line":98,"column":58}}],"line":98},"11":{"loc":{"start":{"line":104,"column":4},"end":{"line":128,"column":5}},"type":"if","locations":[{"start":{"line":104,"column":4},"end":{"line":128,"column":5}},{"start":{},"end":{}}],"line":104},"12":{"loc":{"start":{"line":131,"column":38},"end":{"line":131,"column":51}},"type":"default-arg","locations":[{"start":{"line":131,"column":47},"end":{"line":131,"column":51}}],"line":131},"13":{"loc":{"start":{"line":134,"column":4},"end":{"line":136,"column":5}},"type":"if","locations":[{"start":{"line":134,"column":4},"end":{"line":136,"column":5}},{"start":{},"end":{}}],"line":134},"14":{"loc":{"start":{"line":134,"column":8},"end":{"line":134,"column":52}},"type":"binary-expr","locations":[{"start":{"line":134,"column":8},"end":{"line":134,"column":32}},{"start":{"line":134,"column":36},"end":{"line":134,"column":52}}],"line":134},"15":{"loc":{"start":{"line":138,"column":4},"end":{"line":140,"column":5}},"type":"if","locations":[{"start":{"line":138,"column":4},"end":{"line":140,"column":5}},{"start":{},"end":{}}],"line":138},"16":{"loc":{"start":{"line":154,"column":4},"end":{"line":165,"column":5}},"type":"if","locations":[{"start":{"line":154,"column":4},"end":{"line":165,"column":5}},{"start":{"line":159,"column":11},"end":{"line":165,"column":5}}],"line":154},"17":{"loc":{"start":{"line":184,"column":52},"end":{"line":184,"column":87}},"type":"binary-expr","locations":[{"start":{"line":184,"column":52},"end":{"line":184,"column":69}},{"start":{"line":184,"column":73},"end":{"line":184,"column":87}}],"line":184},"18":{"loc":{"start":{"line":199,"column":4},"end":{"line":199,"column":37}},"type":"if","locations":[{"start":{"line":199,"column":4},"end":{"line":199,"column":37}},{"start":{},"end":{}}],"line":199},"19":{"loc":{"start":{"line":206,"column":4},"end":{"line":206,"column":38}},"type":"if","locations":[{"start":{"line":206,"column":4},"end":{"line":206,"column":38}},{"start":{},"end":{}}],"line":206},"20":{"loc":{"start":{"line":208,"column":4},"end":{"line":208,"column":67}},"type":"if","locations":[{"start":{"line":208,"column":4},"end":{"line":208,"column":67}},{"start":{},"end":{}}],"line":208},"21":{"loc":{"start":{"line":224,"column":2},"end":{"line":226,"column":3}},"type":"if","locations":[{"start":{"line":224,"column":2},"end":{"line":226,"column":3}},{"start":{},"end":{}}],"line":224},"22":{"loc":{"start":{"line":230,"column":2},"end":{"line":232,"column":3}},"type":"if","locations":[{"start":{"line":230,"column":2},"end":{"line":232,"column":3}},{"start":{},"end":{}}],"line":230},"23":{"loc":{"start":{"line":246,"column":15},"end":{"line":246,"column":39}},"type":"binary-expr","locations":[{"start":{"line":246,"column":15},"end":{"line":246,"column":31}},{"start":{"line":246,"column":35},"end":{"line":246,"column":39}}],"line":246},"24":{"loc":{"start":{"line":251,"column":4},"end":{"line":253,"column":5}},"type":"if","locations":[{"start":{"line":251,"column":4},"end":{"line":253,"column":5}},{"start":{},"end":{}}],"line":251},"25":{"loc":{"start":{"line":258,"column":0},"end":{"line":260,"column":1}},"type":"if","locations":[{"start":{"line":258,"column":0},"end":{"line":260,"column":1}},{"start":{},"end":{}}],"line":258}},"s":{"0":1,"1":1,"2":1,"3":7,"4":7,"5":7,"6":7,"7":7,"8":7,"9":7,"10":1,"11":1,"12":7,"13":1,"14":1,"15":1,"16":7,"17":7,"18":4,"19":4,"20":0,"21":4,"22":4,"23":0,"24":4,"25":0,"26":0,"27":0,"28":0,"29":0,"30":0,"31":0,"32":0,"33":0,"34":0,"35":0,"36":0,"37":0,"38":0,"39":0,"40":0,"41":0,"42":0,"43":0,"44":0,"45":0,"46":0,"47":0,"48":0,"49":0,"50":0,"51":0,"52":0,"53":0,"54":0,"55":0,"56":0,"57":0,"58":0,"59":0,"60":0,"61":0,"62":0,"63":0,"64":0,"65":0,"66":0,"67":0,"68":0,"69":0,"70":0,"71":0,"72":0,"73":0,"74":0,"75":0,"76":0,"77":0,"78":0,"79":0,"80":0,"81":0,"82":0,"83":0,"84":0,"85":0,"86":0,"87":0,"88":0,"89":0,"90":0,"91":0,"92":0,"93":0,"94":0,"95":0,"96":0,"97":1,"98":0},"f":{"0":7,"1":7,"2":1,"3":1,"4":4,"5":0,"6":0,"7":0,"8":0,"9":0,"10":0,"11":0,"12":0,"13":0,"14":0},"b":{"0":[0,1],"1":[1,0],"2":[1,0],"3":[0,4],"4":[4,4],"5":[0,0],"6":[0,0],"7":[0,0],"8":[0,0],"9":[0,0],"10":[0,0],"11":[0,0],"12":[0],"13":[0,0],"14":[0,0],"15":[0,0],"16":[0,0],"17":[0,0],"18":[0,0],"19":[0,0],"20":[0,0],"21":[0,0],"22":[0,0],"23":[0,0],"24":[0,0],"25":[0,1]},"_coverageSchema":"1a1c01bbd47fc00a2c39e90264f33305004495a9","hash":"8ccc89a4c52be991798734d7c4f84a53f5383a94"}
,"/app/engine/state_manager.js": {"path":"/app/engine/state_manager.js","statementMap":{"0":{"start":{"line":8,"column":2},"end":{"line":10,"column":52}},"1":{"start":{"line":13,"column":2},"end":{"line":15,"column":3}},"2":{"start":{"line":14,"column":4},"end":{"line":14,"column":46}},"3":{"start":{"line":16,"column":13},"end":{"line":19,"column":4}},"4":{"start":{"line":20,"column":2},"end":{"line":25,"column":5}},"5":{"start":{"line":26,"column":2},"end":{"line":26,"column":12}},"6":{"start":{"line":30,"column":17},"end":{"line":30,"column":78}},"7":{"start":{"line":31,"column":2},"end":{"line":38,"column":3}},"8":{"start":{"line":32,"column":4},"end":{"line":37,"column":5}},"9":{"start":{"line":33,"column":6},"end":{"line":33,"column":38}},"10":{"start":{"line":35,"column":6},"end":{"line":35,"column":73}},"11":{"start":{"line":36,"column":6},"end":{"line":36,"column":18}},"12":{"start":{"line":39,"column":27},"end":{"line":39,"column":96}},"13":{"start":{"line":40,"column":2},"end":{"line":45,"column":3}},"14":{"start":{"line":41,"column":25},"end":{"line":41,"column":60}},"15":{"start":{"line":42,"column":4},"end":{"line":42,"column":65}},"16":{"start":{"line":43,"column":4},"end":{"line":43,"column":41}},"17":{"start":{"line":44,"column":4},"end":{"line":44,"column":24}},"18":{"start":{"line":46,"column":2},"end":{"line":46,"column":14}},"19":{"start":{"line":50,"column":2},"end":{"line":54,"column":4}},"20":{"start":{"line":58,"column":13},"end":{"line":58,"column":27}},"21":{"start":{"line":59,"column":2},"end":{"line":59,"column":23}},"22":{"start":{"line":63,"column":13},"end":{"line":63,"column":27}},"23":{"start":{"line":64,"column":2},"end":{"line":64,"column":35}},"24":{"start":{"line":68,"column":13},"end":{"line":68,"column":27}},"25":{"start":{"line":69,"column":23},"end":{"line":71,"column":3}},"26":{"start":{"line":72,"column":22},"end":{"line":72,"column":73}},"27":{"start":{"line":73,"column":23},"end":{"line":87,"column":3}},"28":{"start":{"line":88,"column":2},"end":{"line":88,"column":39}},"29":{"start":{"line":92,"column":13},"end":{"line":92,"column":27}},"30":{"start":{"line":93,"column":16},"end":{"line":93,"column":35}},"31":{"start":{"line":95,"column":2},"end":{"line":97,"column":3}},"32":{"start":{"line":96,"column":4},"end":{"line":96,"column":37}},"33":{"start":{"line":99,"column":2},"end":{"line":105,"column":5}},"34":{"start":{"line":107,"column":2},"end":{"line":109,"column":3}},"35":{"start":{"line":108,"column":4},"end":{"line":108,"column":53}},"36":{"start":{"line":111,"column":2},"end":{"line":111,"column":32}},"37":{"start":{"line":115,"column":13},"end":{"line":115,"column":27}},"38":{"start":{"line":116,"column":16},"end":{"line":116,"column":35}},"39":{"start":{"line":117,"column":2},"end":{"line":117,"column":51}},"40":{"start":{"line":118,"column":2},"end":{"line":118,"column":42}},"41":{"start":{"line":119,"column":2},"end":{"line":119,"column":32}},"42":{"start":{"line":123,"column":13},"end":{"line":123,"column":27}},"43":{"start":{"line":124,"column":16},"end":{"line":124,"column":35}},"44":{"start":{"line":125,"column":2},"end":{"line":125,"column":78}},"45":{"start":{"line":126,"column":2},"end":{"line":126,"column":35}},"46":{"start":{"line":127,"column":2},"end":{"line":127,"column":32}},"47":{"start":{"line":131,"column":13},"end":{"line":131,"column":27}},"48":{"start":{"line":132,"column":16},"end":{"line":132,"column":35}},"49":{"start":{"line":133,"column":20},"end":{"line":133,"column":84}},"50":{"start":{"line":133,"column":68},"end":{"line":133,"column":83}},"51":{"start":{"line":134,"column":2},"end":{"line":144,"column":3}},"52":{"start":{"line":135,"column":4},"end":{"line":135,"column":63}},"53":{"start":{"line":136,"column":4},"end":{"line":142,"column":7}},"54":{"start":{"line":143,"column":4},"end":{"line":143,"column":34}}},"fnMap":{"0":{"name":"initDB","decl":{"start":{"line":12,"column":15},"end":{"line":12,"column":21}},"loc":{"start":{"line":12,"column":24},"end":{"line":27,"column":1}},"line":12},"1":{"name":"_getState","decl":{"start":{"line":29,"column":15},"end":{"line":29,"column":24}},"loc":{"start":{"line":29,"column":29},"end":{"line":47,"column":1}},"line":29},"2":{"name":"_updateState","decl":{"start":{"line":49,"column":15},"end":{"line":49,"column":27}},"loc":{"start":{"line":49,"column":39},"end":{"line":55,"column":1}},"line":49},"3":{"name":"getState","decl":{"start":{"line":57,"column":22},"end":{"line":57,"column":30}},"loc":{"start":{"line":57,"column":33},"end":{"line":60,"column":1}},"line":57},"4":{"name":"updateState","decl":{"start":{"line":62,"column":22},"end":{"line":62,"column":33}},"loc":{"start":{"line":62,"column":44},"end":{"line":65,"column":1}},"line":62},"5":{"name":"initializeProject","decl":{"start":{"line":67,"column":22},"end":{"line":67,"column":39}},"loc":{"start":{"line":67,"column":46},"end":{"line":89,"column":1}},"line":67},"6":{"name":"updateStatus","decl":{"start":{"line":91,"column":22},"end":{"line":91,"column":34}},"loc":{"start":{"line":91,"column":84},"end":{"line":112,"column":1}},"line":91},"7":{"name":"pauseProject","decl":{"start":{"line":114,"column":22},"end":{"line":114,"column":34}},"loc":{"start":{"line":114,"column":37},"end":{"line":120,"column":1}},"line":114},"8":{"name":"resumeProject","decl":{"start":{"line":122,"column":22},"end":{"line":122,"column":35}},"loc":{"start":{"line":122,"column":38},"end":{"line":128,"column":1}},"line":122},"9":{"name":"updateTaskStatus","decl":{"start":{"line":130,"column":22},"end":{"line":130,"column":38}},"loc":{"start":{"line":130,"column":62},"end":{"line":145,"column":1}},"line":130},"10":{"name":"(anonymous_10)","decl":{"start":{"line":133,"column":61},"end":{"line":133,"column":62}},"loc":{"start":{"line":133,"column":68},"end":{"line":133,"column":83}},"line":133}},"branchMap":{"0":{"loc":{"start":{"line":8,"column":2},"end":{"line":10,"column":52}},"type":"cond-expr","locations":[{"start":{"line":9,"column":6},"end":{"line":9,"column":16}},{"start":{"line":10,"column":6},"end":{"line":10,"column":52}}],"line":8},"1":{"loc":{"start":{"line":13,"column":2},"end":{"line":15,"column":3}},"type":"if","locations":[{"start":{"line":13,"column":2},"end":{"line":15,"column":3}},{"start":{},"end":{}}],"line":13},"2":{"loc":{"start":{"line":31,"column":2},"end":{"line":38,"column":3}},"type":"if","locations":[{"start":{"line":31,"column":2},"end":{"line":38,"column":3}},{"start":{},"end":{}}],"line":31},"3":{"loc":{"start":{"line":40,"column":2},"end":{"line":45,"column":3}},"type":"if","locations":[{"start":{"line":40,"column":2},"end":{"line":45,"column":3}},{"start":{},"end":{}}],"line":40},"4":{"loc":{"start":{"line":91,"column":57},"end":{"line":91,"column":80}},"type":"default-arg","locations":[{"start":{"line":91,"column":76},"end":{"line":91,"column":80}}],"line":91},"5":{"loc":{"start":{"line":95,"column":2},"end":{"line":97,"column":3}},"type":"if","locations":[{"start":{"line":95,"column":2},"end":{"line":97,"column":3}},{"start":{},"end":{}}],"line":95},"6":{"loc":{"start":{"line":104,"column":13},"end":{"line":104,"column":56}},"type":"binary-expr","locations":[{"start":{"line":104,"column":13},"end":{"line":104,"column":20}},{"start":{"line":104,"column":24},"end":{"line":104,"column":56}}],"line":104},"7":{"loc":{"start":{"line":107,"column":2},"end":{"line":109,"column":3}},"type":"if","locations":[{"start":{"line":107,"column":2},"end":{"line":109,"column":3}},{"start":{},"end":{}}],"line":107},"8":{"loc":{"start":{"line":107,"column":6},"end":{"line":107,"column":82}},"type":"binary-expr","locations":[{"start":{"line":107,"column":6},"end":{"line":107,"column":22}},{"start":{"line":107,"column":26},"end":{"line":107,"column":82}}],"line":107},"9":{"loc":{"start":{"line":125,"column":25},"end":{"line":125,"column":77}},"type":"binary-expr","locations":[{"start":{"line":125,"column":25},"end":{"line":125,"column":50}},{"start":{"line":125,"column":54},"end":{"line":125,"column":77}}],"line":125},"10":{"loc":{"start":{"line":134,"column":2},"end":{"line":144,"column":3}},"type":"if","locations":[{"start":{"line":134,"column":2},"end":{"line":144,"column":3}},{"start":{},"end":{}}],"line":134},"11":{"loc":{"start":{"line":134,"column":6},"end":{"line":134,"column":49}},"type":"binary-expr","locations":[{"start":{"line":134,"column":6},"end":{"line":134,"column":22}},{"start":{"line":134,"column":26},"end":{"line":134,"column":49}}],"line":134}},"s":{"0":3,"1":9,"2":0,"3":9,"4":9,"5":9,"6":7,"7":7,"8":0,"9":0,"10":0,"11":0,"12":7,"13":7,"14":6,"15":6,"16":0,"17":0,"18":1,"19":2,"20":2,"21":2,"22":1,"23":1,"24":1,"25":1,"26":1,"27":1,"28":1,"29":2,"30":2,"31":0,"32":0,"33":0,"34":0,"35":0,"36":0,"37":1,"38":1,"39":0,"40":0,"41":0,"42":2,"43":2,"44":0,"45":0,"46":0,"47":0,"48":0,"49":0,"50":0,"51":0,"52":0,"53":0,"54":0},"f":{"0":9,"1":7,"2":2,"3":2,"4":1,"5":1,"6":2,"7":1,"8":2,"9":0,"10":0},"b":{"0":[3,0],"1":[0,9],"2":[0,7],"3":[6,1],"4":[1],"5":[0,0],"6":[0,0],"7":[0,0],"8":[0,0],"9":[0,0],"10":[0,0],"11":[0,0]},"_coverageSchema":"1a1c01bbd47fc00a2c39e90264f33305004495a9","hash":"1675f8d70874a45ded26d0e45cf0015b58449fcd"}
,"/app/engine/tool_executor.js": {"path":"/app/engine/tool_executor.js","statementMap":{"0":{"start":{"line":15,"column":23},"end":{"line":15,"column":98}},"1":{"start":{"line":17,"column":22},"end":{"line":22,"column":1}},"2":{"start":{"line":23,"column":20},"end":{"line":23,"column":24}},"3":{"start":{"line":26,"column":2},"end":{"line":28,"column":3}},"4":{"start":{"line":27,"column":4},"end":{"line":27,"column":25}},"5":{"start":{"line":29,"column":22},"end":{"line":29,"column":62}},"6":{"start":{"line":31,"column":20},"end":{"line":31,"column":74}},"7":{"start":{"line":32,"column":2},"end":{"line":34,"column":3}},"8":{"start":{"line":33,"column":4},"end":{"line":33,"column":81}},"9":{"start":{"line":35,"column":2},"end":{"line":35,"column":42}},"10":{"start":{"line":36,"column":2},"end":{"line":36,"column":23}},"11":{"start":{"line":41,"column":4},"end":{"line":41,"column":19}},"12":{"start":{"line":42,"column":4},"end":{"line":42,"column":40}},"13":{"start":{"line":47,"column":17},"end":{"line":83,"column":3}},"14":{"start":{"line":49,"column":25},"end":{"line":49,"column":53}},"15":{"start":{"line":51,"column":6},"end":{"line":56,"column":7}},"16":{"start":{"line":52,"column":21},"end":{"line":52,"column":65}},"17":{"start":{"line":53,"column":8},"end":{"line":53,"column":51}},"18":{"start":{"line":54,"column":8},"end":{"line":54,"column":23}},"19":{"start":{"line":55,"column":8},"end":{"line":55,"column":42}},"20":{"start":{"line":58,"column":6},"end":{"line":81,"column":7}},"21":{"start":{"line":61,"column":10},"end":{"line":61,"column":46}},"22":{"start":{"line":62,"column":10},"end":{"line":62,"column":33}},"23":{"start":{"line":66,"column":10},"end":{"line":66,"column":25}},"24":{"start":{"line":67,"column":10},"end":{"line":67,"column":34}},"25":{"start":{"line":70,"column":10},"end":{"line":70,"column":41}},"26":{"start":{"line":73,"column":10},"end":{"line":77,"column":20}},"27":{"start":{"line":80,"column":10},"end":{"line":80,"column":57}},"28":{"start":{"line":85,"column":20},"end":{"line":92,"column":3}},"29":{"start":{"line":87,"column":23},"end":{"line":87,"column":97}},"30":{"start":{"line":88,"column":6},"end":{"line":88,"column":49}},"31":{"start":{"line":89,"column":6},"end":{"line":89,"column":45}},"32":{"start":{"line":90,"column":6},"end":{"line":90,"column":60}},"33":{"start":{"line":94,"column":19},"end":{"line":103,"column":3}},"34":{"start":{"line":105,"column":2},"end":{"line":162,"column":4}},"35":{"start":{"line":106,"column":4},"end":{"line":161,"column":5}},"36":{"start":{"line":107,"column":23},"end":{"line":107,"column":42}},"37":{"start":{"line":108,"column":26},"end":{"line":108,"column":71}},"38":{"start":{"line":108,"column":54},"end":{"line":108,"column":70}},"39":{"start":{"line":109,"column":6},"end":{"line":111,"column":7}},"40":{"start":{"line":110,"column":8},"end":{"line":110,"column":73}},"41":{"start":{"line":113,"column":26},"end":{"line":115,"column":7}},"42":{"start":{"line":114,"column":8},"end":{"line":114,"column":79}},"43":{"start":{"line":116,"column":6},"end":{"line":118,"column":7}},"44":{"start":{"line":117,"column":8},"end":{"line":117,"column":100}},"45":{"start":{"line":121,"column":6},"end":{"line":129,"column":7}},"46":{"start":{"line":122,"column":8},"end":{"line":122,"column":52}},"47":{"start":{"line":124,"column":8},"end":{"line":128,"column":10}},"48":{"start":{"line":131,"column":36},"end":{"line":131,"column":55}},"49":{"start":{"line":132,"column":6},"end":{"line":134,"column":7}},"50":{"start":{"line":133,"column":8},"end":{"line":133,"column":57}},"51":{"start":{"line":136,"column":21},"end":{"line":136,"column":50}},"52":{"start":{"line":137,"column":26},"end":{"line":137,"column":59}},"53":{"start":{"line":138,"column":23},"end":{"line":138,"column":63}},"54":{"start":{"line":140,"column":21},"end":{"line":140,"column":65}},"55":{"start":{"line":142,"column":6},"end":{"line":144,"column":7}},"56":{"start":{"line":143,"column":8},"end":{"line":143,"column":25}},"57":{"start":{"line":145,"column":6},"end":{"line":145,"column":45}},"58":{"start":{"line":147,"column":22},"end":{"line":147,"column":48}},"59":{"start":{"line":149,"column":6},"end":{"line":149,"column":78}},"60":{"start":{"line":149,"column":40},"end":{"line":149,"column":78}},"61":{"start":{"line":150,"column":6},"end":{"line":150,"column":92}},"62":{"start":{"line":150,"column":50},"end":{"line":150,"column":92}},"63":{"start":{"line":152,"column":6},"end":{"line":154,"column":7}},"64":{"start":{"line":153,"column":8},"end":{"line":153,"column":20}},"65":{"start":{"line":156,"column":6},"end":{"line":160,"column":8}},"66":{"start":{"line":166,"column":2},"end":{"line":168,"column":3}},"67":{"start":{"line":167,"column":4},"end":{"line":167,"column":25}}},"fnMap":{"0":{"name":"getManifest","decl":{"start":{"line":25,"column":15},"end":{"line":25,"column":26}},"loc":{"start":{"line":25,"column":29},"end":{"line":37,"column":1}},"line":25},"1":{"name":"(anonymous_1)","decl":{"start":{"line":40,"column":2},"end":{"line":40,"column":3}},"loc":{"start":{"line":40,"column":23},"end":{"line":43,"column":3}},"line":40},"2":{"name":"createExecutor","decl":{"start":{"line":46,"column":16},"end":{"line":46,"column":30}},"loc":{"start":{"line":46,"column":39},"end":{"line":163,"column":1}},"line":46},"3":{"name":"(anonymous_3)","decl":{"start":{"line":48,"column":20},"end":{"line":48,"column":21}},"loc":{"start":{"line":48,"column":43},"end":{"line":82,"column":5}},"line":48},"4":{"name":"(anonymous_4)","decl":{"start":{"line":86,"column":21},"end":{"line":86,"column":22}},"loc":{"start":{"line":86,"column":45},"end":{"line":91,"column":5}},"line":86},"5":{"name":"execute","decl":{"start":{"line":105,"column":24},"end":{"line":105,"column":31}},"loc":{"start":{"line":105,"column":57},"end":{"line":162,"column":3}},"line":105},"6":{"name":"(anonymous_6)","decl":{"start":{"line":108,"column":47},"end":{"line":108,"column":48}},"loc":{"start":{"line":108,"column":54},"end":{"line":108,"column":70}},"line":108},"7":{"name":"(anonymous_7)","decl":{"start":{"line":113,"column":57},"end":{"line":113,"column":58}},"loc":{"start":{"line":114,"column":8},"end":{"line":114,"column":79}},"line":114},"8":{"name":"_resetManifestCache","decl":{"start":{"line":165,"column":16},"end":{"line":165,"column":35}},"loc":{"start":{"line":165,"column":38},"end":{"line":169,"column":1}},"line":165}},"branchMap":{"0":{"loc":{"start":{"line":26,"column":2},"end":{"line":28,"column":3}},"type":"if","locations":[{"start":{"line":26,"column":2},"end":{"line":28,"column":3}},{"start":{},"end":{}}],"line":26},"1":{"loc":{"start":{"line":32,"column":2},"end":{"line":34,"column":3}},"type":"if","locations":[{"start":{"line":32,"column":2},"end":{"line":34,"column":3}},{"start":{},"end":{}}],"line":32},"2":{"loc":{"start":{"line":51,"column":6},"end":{"line":56,"column":7}},"type":"if","locations":[{"start":{"line":51,"column":6},"end":{"line":56,"column":7}},{"start":{},"end":{}}],"line":51},"3":{"loc":{"start":{"line":58,"column":6},"end":{"line":81,"column":7}},"type":"switch","locations":[{"start":{"line":59,"column":8},"end":{"line":59,"column":21}},{"start":{"line":60,"column":8},"end":{"line":62,"column":33}},{"start":{"line":64,"column":8},"end":{"line":64,"column":22}},{"start":{"line":65,"column":8},"end":{"line":67,"column":34}},{"start":{"line":69,"column":8},"end":{"line":70,"column":41}},{"start":{"line":72,"column":8},"end":{"line":77,"column":20}},{"start":{"line":79,"column":8},"end":{"line":80,"column":57}}],"line":58},"4":{"loc":{"start":{"line":109,"column":6},"end":{"line":111,"column":7}},"type":"if","locations":[{"start":{"line":109,"column":6},"end":{"line":111,"column":7}},{"start":{},"end":{}}],"line":109},"5":{"loc":{"start":{"line":113,"column":27},"end":{"line":113,"column":50}},"type":"binary-expr","locations":[{"start":{"line":113,"column":27},"end":{"line":113,"column":44}},{"start":{"line":113,"column":48},"end":{"line":113,"column":50}}],"line":113},"6":{"loc":{"start":{"line":114,"column":8},"end":{"line":114,"column":79}},"type":"cond-expr","locations":[{"start":{"line":114,"column":27},"end":{"line":114,"column":62}},{"start":{"line":114,"column":65},"end":{"line":114,"column":79}}],"line":114},"7":{"loc":{"start":{"line":116,"column":6},"end":{"line":118,"column":7}},"type":"if","locations":[{"start":{"line":116,"column":6},"end":{"line":118,"column":7}},{"start":{},"end":{}}],"line":116},"8":{"loc":{"start":{"line":132,"column":6},"end":{"line":134,"column":7}},"type":"if","locations":[{"start":{"line":132,"column":6},"end":{"line":134,"column":7}},{"start":{},"end":{}}],"line":132},"9":{"loc":{"start":{"line":138,"column":23},"end":{"line":138,"column":63}},"type":"cond-expr","locations":[{"start":{"line":138,"column":37},"end":{"line":138,"column":54}},{"start":{"line":138,"column":57},"end":{"line":138,"column":63}}],"line":138},"10":{"loc":{"start":{"line":142,"column":6},"end":{"line":144,"column":7}},"type":"if","locations":[{"start":{"line":142,"column":6},"end":{"line":144,"column":7}},{"start":{},"end":{}}],"line":142},"11":{"loc":{"start":{"line":149,"column":6},"end":{"line":149,"column":78}},"type":"if","locations":[{"start":{"line":149,"column":6},"end":{"line":149,"column":78}},{"start":{},"end":{}}],"line":149},"12":{"loc":{"start":{"line":150,"column":6},"end":{"line":150,"column":92}},"type":"if","locations":[{"start":{"line":150,"column":6},"end":{"line":150,"column":92}},{"start":{},"end":{}}],"line":150},"13":{"loc":{"start":{"line":152,"column":6},"end":{"line":154,"column":7}},"type":"if","locations":[{"start":{"line":152,"column":6},"end":{"line":154,"column":7}},{"start":{},"end":{}}],"line":152},"14":{"loc":{"start":{"line":166,"column":2},"end":{"line":168,"column":3}},"type":"if","locations":[{"start":{"line":166,"column":2},"end":{"line":168,"column":3}},{"start":{},"end":{}}],"line":166}},"s":{"0":2,"1":2,"2":2,"3":10,"4":3,"5":7,"6":7,"7":7,"8":0,"9":7,"10":7,"11":1,"12":1,"13":13,"14":0,"15":0,"16":0,"17":0,"18":0,"19":0,"20":0,"21":0,"22":0,"23":0,"24":0,"25":0,"26":0,"27":0,"28":13,"29":0,"30":0,"31":0,"32":0,"33":13,"34":13,"35":10,"36":10,"37":10,"38":10,"39":10,"40":0,"41":10,"42":10,"43":10,"44":1,"45":9,"46":9,"47":5,"48":4,"49":4,"50":1,"51":3,"52":3,"53":3,"54":3,"55":2,"56":0,"57":2,"58":8,"59":8,"60":1,"61":8,"62":1,"63":8,"64":5,"65":3,"66":6,"67":6},"f":{"0":10,"1":1,"2":13,"3":0,"4":0,"5":10,"6":10,"7":10,"8":6},"b":{"0":[3,7],"1":[0,7],"2":[0,0],"3":[0,0,0,0,0,0,0],"4":[0,10],"5":[10,0],"6":[1,9],"7":[1,9],"8":[1,3],"9":[2,1],"10":[0,2],"11":[1,7],"12":[1,7],"13":[5,3],"14":[6,0]},"_coverageSchema":"1a1c01bbd47fc00a2c39e90264f33305004495a9","hash":"de8faf5cc83a1fe44db5bb65d12763bc547276bd"}
,"/app/installer/precheck.js": {"path":"/app/installer/precheck.js","statementMap":{"0":{"start":{"line":8,"column":2},"end":{"line":19,"column":3}},"1":{"start":{"line":9,"column":4},"end":{"line":18,"column":5}},"2":{"start":{"line":10,"column":6},"end":{"line":10,"column":54}},"3":{"start":{"line":11,"column":6},"end":{"line":11,"column":29}},"4":{"start":{"line":13,"column":6},"end":{"line":17,"column":8}},"5":{"start":{"line":20,"column":2},"end":{"line":20,"column":37}},"6":{"start":{"line":23,"column":15},"end":{"line":35,"column":1}},"7":{"start":{"line":24,"column":54},"end":{"line":24,"column":85}},"8":{"start":{"line":25,"column":43},"end":{"line":25,"column":83}},"9":{"start":{"line":28,"column":43},"end":{"line":28,"column":86}},"10":{"start":{"line":38,"column":2},"end":{"line":49,"column":3}},"11":{"start":{"line":39,"column":4},"end":{"line":48,"column":7}},"12":{"start":{"line":40,"column":6},"end":{"line":47,"column":9}},"13":{"start":{"line":41,"column":8},"end":{"line":44,"column":9}},"14":{"start":{"line":42,"column":10},"end":{"line":42,"column":51}},"15":{"start":{"line":43,"column":10},"end":{"line":43,"column":17}},"16":{"start":{"line":45,"column":22},"end":{"line":45,"column":51}},"17":{"start":{"line":46,"column":8},"end":{"line":46,"column":51}},"18":{"start":{"line":50,"column":2},"end":{"line":63,"column":3}},"19":{"start":{"line":51,"column":4},"end":{"line":62,"column":5}},"20":{"start":{"line":52,"column":21},"end":{"line":52,"column":40}},"21":{"start":{"line":53,"column":6},"end":{"line":55,"column":7}},"22":{"start":{"line":54,"column":8},"end":{"line":54,"column":55}},"23":{"start":{"line":56,"column":6},"end":{"line":58,"column":7}},"24":{"start":{"line":57,"column":8},"end":{"line":57,"column":22}},"25":{"start":{"line":59,"column":6},"end":{"line":59,"column":29}},"26":{"start":{"line":61,"column":6},"end":{"line":61,"column":52}},"27":{"start":{"line":64,"column":2},"end":{"line":83,"column":3}},"28":{"start":{"line":65,"column":20},"end":{"line":77,"column":5}},"29":{"start":{"line":67,"column":8},"end":{"line":75,"column":11}},"30":{"start":{"line":68,"column":25},"end":{"line":68,"column":43}},"31":{"start":{"line":69,"column":10},"end":{"line":71,"column":13}},"32":{"start":{"line":70,"column":12},"end":{"line":70,"column":67}},"33":{"start":{"line":70,"column":31},"end":{"line":70,"column":65}},"34":{"start":{"line":72,"column":10},"end":{"line":74,"column":13}},"35":{"start":{"line":73,"column":12},"end":{"line":73,"column":48}},"36":{"start":{"line":78,"column":29},"end":{"line":78,"column":83}},"37":{"start":{"line":78,"column":51},"end":{"line":78,"column":63}},"38":{"start":{"line":78,"column":76},"end":{"line":78,"column":82}},"39":{"start":{"line":79,"column":4},"end":{"line":81,"column":5}},"40":{"start":{"line":80,"column":6},"end":{"line":80,"column":96}},"41":{"start":{"line":82,"column":4},"end":{"line":82,"column":27}},"42":{"start":{"line":84,"column":2},"end":{"line":84,"column":55}},"43":{"start":{"line":88,"column":18},"end":{"line":88,"column":20}},"44":{"start":{"line":89,"column":2},"end":{"line":95,"column":3}},"45":{"start":{"line":90,"column":4},"end":{"line":94,"column":5}},"46":{"start":{"line":91,"column":6},"end":{"line":91,"column":54}},"47":{"start":{"line":93,"column":6},"end":{"line":93,"column":67}},"48":{"start":{"line":96,"column":2},"end":{"line":96,"column":17}}},"fnMap":{"0":{"name":"checkWindowsPermissions","decl":{"start":{"line":7,"column":16},"end":{"line":7,"column":39}},"loc":{"start":{"line":7,"column":42},"end":{"line":21,"column":1}},"line":7},"1":{"name":"(anonymous_1)","decl":{"start":{"line":24,"column":47},"end":{"line":24,"column":48}},"loc":{"start":{"line":24,"column":54},"end":{"line":24,"column":85}},"line":24},"2":{"name":"(anonymous_2)","decl":{"start":{"line":25,"column":31},"end":{"line":25,"column":32}},"loc":{"start":{"line":25,"column":43},"end":{"line":25,"column":83}},"line":25},"3":{"name":"(anonymous_3)","decl":{"start":{"line":28,"column":11},"end":{"line":28,"column":12}},"loc":{"start":{"line":28,"column":43},"end":{"line":28,"column":86}},"line":28},"4":{"name":"performCheck","decl":{"start":{"line":37,"column":15},"end":{"line":37,"column":27}},"loc":{"start":{"line":37,"column":35},"end":{"line":85,"column":1}},"line":37},"5":{"name":"(anonymous_5)","decl":{"start":{"line":39,"column":23},"end":{"line":39,"column":24}},"loc":{"start":{"line":39,"column":36},"end":{"line":48,"column":5}},"line":39},"6":{"name":"(anonymous_6)","decl":{"start":{"line":40,"column":22},"end":{"line":40,"column":23}},"loc":{"start":{"line":40,"column":49},"end":{"line":47,"column":7}},"line":40},"7":{"name":"(anonymous_7)","decl":{"start":{"line":66,"column":22},"end":{"line":66,"column":23}},"loc":{"start":{"line":66,"column":32},"end":{"line":76,"column":7}},"line":66},"8":{"name":"(anonymous_8)","decl":{"start":{"line":67,"column":27},"end":{"line":67,"column":28}},"loc":{"start":{"line":67,"column":40},"end":{"line":75,"column":9}},"line":67},"9":{"name":"(anonymous_9)","decl":{"start":{"line":69,"column":30},"end":{"line":69,"column":31}},"loc":{"start":{"line":69,"column":36},"end":{"line":71,"column":11}},"line":69},"10":{"name":"(anonymous_10)","decl":{"start":{"line":70,"column":25},"end":{"line":70,"column":26}},"loc":{"start":{"line":70,"column":31},"end":{"line":70,"column":65}},"line":70},"11":{"name":"(anonymous_11)","decl":{"start":{"line":72,"column":29},"end":{"line":72,"column":30}},"loc":{"start":{"line":72,"column":35},"end":{"line":74,"column":11}},"line":72},"12":{"name":"(anonymous_12)","decl":{"start":{"line":78,"column":44},"end":{"line":78,"column":45}},"loc":{"start":{"line":78,"column":51},"end":{"line":78,"column":63}},"line":78},"13":{"name":"(anonymous_13)","decl":{"start":{"line":78,"column":69},"end":{"line":78,"column":70}},"loc":{"start":{"line":78,"column":76},"end":{"line":78,"column":82}},"line":78},"14":{"name":"runPreChecks","decl":{"start":{"line":87,"column":22},"end":{"line":87,"column":34}},"loc":{"start":{"line":87,"column":37},"end":{"line":97,"column":1}},"line":87}},"branchMap":{"0":{"loc":{"start":{"line":8,"column":2},"end":{"line":19,"column":3}},"type":"if","locations":[{"start":{"line":8,"column":2},"end":{"line":19,"column":3}},{"start":{},"end":{}}],"line":8},"1":{"loc":{"start":{"line":28,"column":18},"end":{"line":28,"column":38}},"type":"default-arg","locations":[{"start":{"line":28,"column":25},"end":{"line":28,"column":38}}],"line":28},"2":{"loc":{"start":{"line":38,"column":2},"end":{"line":49,"column":3}},"type":"if","locations":[{"start":{"line":38,"column":2},"end":{"line":49,"column":3}},{"start":{},"end":{}}],"line":38},"3":{"loc":{"start":{"line":41,"column":8},"end":{"line":44,"column":9}},"type":"if","locations":[{"start":{"line":41,"column":8},"end":{"line":44,"column":9}},{"start":{},"end":{}}],"line":41},"4":{"loc":{"start":{"line":50,"column":2},"end":{"line":63,"column":3}},"type":"if","locations":[{"start":{"line":50,"column":2},"end":{"line":63,"column":3}},{"start":{},"end":{}}],"line":50},"5":{"loc":{"start":{"line":53,"column":6},"end":{"line":55,"column":7}},"type":"if","locations":[{"start":{"line":53,"column":6},"end":{"line":55,"column":7}},{"start":{},"end":{}}],"line":53},"6":{"loc":{"start":{"line":56,"column":6},"end":{"line":58,"column":7}},"type":"if","locations":[{"start":{"line":56,"column":6},"end":{"line":58,"column":7}},{"start":{},"end":{}}],"line":56},"7":{"loc":{"start":{"line":56,"column":10},"end":{"line":56,"column":67}},"type":"binary-expr","locations":[{"start":{"line":56,"column":10},"end":{"line":56,"column":16}},{"start":{"line":56,"column":20},"end":{"line":56,"column":46}},{"start":{"line":56,"column":50},"end":{"line":56,"column":67}}],"line":56},"8":{"loc":{"start":{"line":64,"column":2},"end":{"line":83,"column":3}},"type":"if","locations":[{"start":{"line":64,"column":2},"end":{"line":83,"column":3}},{"start":{},"end":{}}],"line":64},"9":{"loc":{"start":{"line":79,"column":4},"end":{"line":81,"column":5}},"type":"if","locations":[{"start":{"line":79,"column":4},"end":{"line":81,"column":5}},{"start":{},"end":{}}],"line":79}},"s":{"0":3,"1":2,"2":2,"3":1,"4":1,"5":1,"6":1,"7":0,"8":0,"9":0,"10":0,"11":0,"12":0,"13":0,"14":0,"15":0,"16":0,"17":0,"18":0,"19":0,"20":0,"21":0,"22":0,"23":0,"24":0,"25":0,"26":0,"27":0,"28":0,"29":0,"30":0,"31":0,"32":0,"33":0,"34":0,"35":0,"36":0,"37":0,"38":0,"39":0,"40":0,"41":0,"42":0,"43":0,"44":0,"45":0,"46":0,"47":0,"48":0},"f":{"0":3,"1":0,"2":0,"3":0,"4":0,"5":0,"6":0,"7":0,"8":0,"9":0,"10":0,"11":0,"12":0,"13":0,"14":0},"b":{"0":[2,1],"1":[0],"2":[0,0],"3":[0,0],"4":[0,0],"5":[0,0],"6":[0,0],"7":[0,0,0],"8":[0,0],"9":[0,0]},"_coverageSchema":"1a1c01bbd47fc00a2c39e90264f33305004495a9","hash":"b79bbc8c72f283c08c0563c5804b74cfc48d176e"}
,"/app/services/code_intelligence_service.js": {"path":"/app/services/code_intelligence_service.js","statementMap":{"0":{"start":{"line":15,"column":29},"end":{"line":40,"column":1}},"1":{"start":{"line":16,"column":13},"end":{"line":16,"column":16}},"2":{"start":{"line":17,"column":2},"end":{"line":17,"column":36}},"3":{"start":{"line":19,"column":2},"end":{"line":39,"column":4}},"4":{"start":{"line":20,"column":20},"end":{"line":37,"column":5}},"5":{"start":{"line":22,"column":8},"end":{"line":27,"column":9}},"6":{"start":{"line":23,"column":10},"end":{"line":25,"column":11}},"7":{"start":{"line":24,"column":12},"end":{"line":24,"column":49}},"8":{"start":{"line":26,"column":10},"end":{"line":26,"column":33}},"9":{"start":{"line":28,"column":8},"end":{"line":32,"column":9}},"10":{"start":{"line":31,"column":10},"end":{"line":31,"column":33}},"11":{"start":{"line":34,"column":8},"end":{"line":34,"column":31}},"12":{"start":{"line":44,"column":4},"end":{"line":44,"column":23}},"13":{"start":{"line":45,"column":4},"end":{"line":45,"column":26}},"14":{"start":{"line":46,"column":4},"end":{"line":46,"column":24}},"15":{"start":{"line":47,"column":4},"end":{"line":47,"column":65}},"16":{"start":{"line":51,"column":4},"end":{"line":51,"column":29}},"17":{"start":{"line":51,"column":22},"end":{"line":51,"column":29}},"18":{"start":{"line":53,"column":4},"end":{"line":57,"column":7}},"19":{"start":{"line":54,"column":25},"end":{"line":54,"column":46}},"20":{"start":{"line":59,"column":4},"end":{"line":62,"column":53}},"21":{"start":{"line":60,"column":27},"end":{"line":60,"column":47}},"22":{"start":{"line":61,"column":30},"end":{"line":61,"column":51}},"23":{"start":{"line":62,"column":30},"end":{"line":62,"column":51}},"24":{"start":{"line":66,"column":4},"end":{"line":66,"column":42}},"25":{"start":{"line":66,"column":35},"end":{"line":66,"column":42}},"26":{"start":{"line":71,"column":4},"end":{"line":71,"column":42}},"27":{"start":{"line":71,"column":35},"end":{"line":71,"column":42}},"28":{"start":{"line":76,"column":4},"end":{"line":76,"column":42}},"29":{"start":{"line":76,"column":35},"end":{"line":76,"column":42}},"30":{"start":{"line":81,"column":25},"end":{"line":81,"column":47}},"31":{"start":{"line":83,"column":4},"end":{"line":88,"column":5}},"32":{"start":{"line":84,"column":6},"end":{"line":84,"column":79}},"33":{"start":{"line":85,"column":6},"end":{"line":85,"column":43}},"34":{"start":{"line":86,"column":6},"end":{"line":86,"column":27}},"35":{"start":{"line":87,"column":6},"end":{"line":87,"column":13}},"36":{"start":{"line":91,"column":6},"end":{"line":91,"column":85}},"37":{"start":{"line":93,"column":4},"end":{"line":112,"column":5}},"38":{"start":{"line":99,"column":6},"end":{"line":103,"column":8}},"39":{"start":{"line":105,"column":6},"end":{"line":111,"column":7}},"40":{"start":{"line":106,"column":8},"end":{"line":108,"column":10}},"41":{"start":{"line":110,"column":8},"end":{"line":110,"column":91}},"42":{"start":{"line":116,"column":4},"end":{"line":118,"column":5}},"43":{"start":{"line":117,"column":6},"end":{"line":117,"column":16}},"44":{"start":{"line":119,"column":4},"end":{"line":143,"column":5}},"45":{"start":{"line":120,"column":22},"end":{"line":120,"column":43}},"46":{"start":{"line":121,"column":21},"end":{"line":123,"column":7}},"47":{"start":{"line":124,"column":6},"end":{"line":124,"column":28}},"48":{"start":{"line":126,"column":6},"end":{"line":128,"column":7}},"49":{"start":{"line":127,"column":8},"end":{"line":127,"column":63}},"50":{"start":{"line":130,"column":21},"end":{"line":130,"column":38}},"51":{"start":{"line":131,"column":6},"end":{"line":137,"column":7}},"52":{"start":{"line":132,"column":8},"end":{"line":136,"column":10}},"53":{"start":{"line":138,"column":6},"end":{"line":138,"column":16}},"54":{"start":{"line":141,"column":6},"end":{"line":141,"column":89}},"55":{"start":{"line":142,"column":6},"end":{"line":142,"column":50}},"56":{"start":{"line":147,"column":4},"end":{"line":147,"column":46}},"57":{"start":{"line":147,"column":22},"end":{"line":147,"column":46}},"58":{"start":{"line":148,"column":4},"end":{"line":157,"column":5}},"59":{"start":{"line":150,"column":8},"end":{"line":152,"column":64}},"60":{"start":{"line":153,"column":6},"end":{"line":156,"column":8}},"61":{"start":{"line":159,"column":4},"end":{"line":161,"column":5}},"62":{"start":{"line":160,"column":6},"end":{"line":160,"column":75}},"63":{"start":{"line":163,"column":4},"end":{"line":184,"column":5}},"64":{"start":{"line":163,"column":23},"end":{"line":163,"column":24}},"65":{"start":{"line":164,"column":6},"end":{"line":183,"column":7}},"66":{"start":{"line":165,"column":24},"end":{"line":165,"column":45}},"67":{"start":{"line":166,"column":8},"end":{"line":166,"column":38}},"68":{"start":{"line":167,"column":8},"end":{"line":167,"column":30}},"69":{"start":{"line":170,"column":8},"end":{"line":170,"column":47}},"70":{"start":{"line":172,"column":8},"end":{"line":172,"column":67}},"71":{"start":{"line":174,"column":8},"end":{"line":179,"column":9}},"72":{"start":{"line":175,"column":10},"end":{"line":178,"column":12}},"73":{"start":{"line":180,"column":22},"end":{"line":180,"column":58}},"74":{"start":{"line":181,"column":8},"end":{"line":181,"column":96}},"75":{"start":{"line":182,"column":8},"end":{"line":182,"column":32}},"76":{"start":{"line":188,"column":4},"end":{"line":188,"column":46}},"77":{"start":{"line":188,"column":22},"end":{"line":188,"column":46}},"78":{"start":{"line":189,"column":4},"end":{"line":194,"column":5}},"79":{"start":{"line":190,"column":6},"end":{"line":192,"column":7}},"80":{"start":{"line":191,"column":8},"end":{"line":191,"column":81}},"81":{"start":{"line":193,"column":6},"end":{"line":193,"column":16}},"82":{"start":{"line":196,"column":20},"end":{"line":196,"column":41}},"83":{"start":{"line":197,"column":4},"end":{"line":202,"column":5}},"84":{"start":{"line":198,"column":21},"end":{"line":198,"column":53}},"85":{"start":{"line":199,"column":6},"end":{"line":199,"column":63}},"86":{"start":{"line":199,"column":44},"end":{"line":199,"column":61}},"87":{"start":{"line":201,"column":6},"end":{"line":201,"column":28}},"88":{"start":{"line":206,"column":4},"end":{"line":206,"column":30}},"89":{"start":{"line":206,"column":23},"end":{"line":206,"column":30}},"90":{"start":{"line":207,"column":4},"end":{"line":217,"column":5}},"91":{"start":{"line":208,"column":6},"end":{"line":208,"column":70}},"92":{"start":{"line":209,"column":6},"end":{"line":209,"column":70}},"93":{"start":{"line":212,"column":6},"end":{"line":216,"column":7}},"94":{"start":{"line":213,"column":8},"end":{"line":215,"column":10}},"95":{"start":{"line":221,"column":4},"end":{"line":221,"column":54}},"96":{"start":{"line":225,"column":4},"end":{"line":229,"column":7}}},"fnMap":{"0":{"name":"(anonymous_0)","decl":{"start":{"line":15,"column":29},"end":{"line":15,"column":30}},"loc":{"start":{"line":15,"column":35},"end":{"line":40,"column":1}},"line":15},"1":{"name":"(anonymous_1)","decl":{"start":{"line":20,"column":13},"end":{"line":20,"column":14}},"loc":{"start":{"line":20,"column":20},"end":{"line":37,"column":5}},"line":20},"2":{"name":"(anonymous_2)","decl":{"start":{"line":21,"column":11},"end":{"line":21,"column":12}},"loc":{"start":{"line":21,"column":28},"end":{"line":35,"column":7}},"line":21},"3":{"name":"(anonymous_3)","decl":{"start":{"line":36,"column":13},"end":{"line":36,"column":14}},"loc":{"start":{"line":36,"column":25},"end":{"line":36,"column":27}},"line":36},"4":{"name":"(anonymous_4)","decl":{"start":{"line":38,"column":11},"end":{"line":38,"column":12}},"loc":{"start":{"line":38,"column":23},"end":{"line":38,"column":25}},"line":38},"5":{"name":"(anonymous_5)","decl":{"start":{"line":43,"column":2},"end":{"line":43,"column":3}},"loc":{"start":{"line":43,"column":16},"end":{"line":48,"column":3}},"line":43},"6":{"name":"(anonymous_6)","decl":{"start":{"line":50,"column":2},"end":{"line":50,"column":3}},"loc":{"start":{"line":50,"column":47},"end":{"line":63,"column":3}},"line":50},"7":{"name":"(anonymous_7)","decl":{"start":{"line":54,"column":15},"end":{"line":54,"column":16}},"loc":{"start":{"line":54,"column":25},"end":{"line":54,"column":46}},"line":54},"8":{"name":"(anonymous_8)","decl":{"start":{"line":60,"column":17},"end":{"line":60,"column":18}},"loc":{"start":{"line":60,"column":27},"end":{"line":60,"column":47}},"line":60},"9":{"name":"(anonymous_9)","decl":{"start":{"line":61,"column":20},"end":{"line":61,"column":21}},"loc":{"start":{"line":61,"column":30},"end":{"line":61,"column":51}},"line":61},"10":{"name":"(anonymous_10)","decl":{"start":{"line":62,"column":20},"end":{"line":62,"column":21}},"loc":{"start":{"line":62,"column":30},"end":{"line":62,"column":51}},"line":62},"11":{"name":"(anonymous_11)","decl":{"start":{"line":65,"column":2},"end":{"line":65,"column":3}},"loc":{"start":{"line":65,"column":28},"end":{"line":68,"column":3}},"line":65},"12":{"name":"(anonymous_12)","decl":{"start":{"line":70,"column":2},"end":{"line":70,"column":3}},"loc":{"start":{"line":70,"column":29},"end":{"line":73,"column":3}},"line":70},"13":{"name":"(anonymous_13)","decl":{"start":{"line":75,"column":2},"end":{"line":75,"column":3}},"loc":{"start":{"line":75,"column":29},"end":{"line":78,"column":3}},"line":75},"14":{"name":"(anonymous_14)","decl":{"start":{"line":80,"column":2},"end":{"line":80,"column":3}},"loc":{"start":{"line":80,"column":21},"end":{"line":113,"column":3}},"line":80},"15":{"name":"(anonymous_15)","decl":{"start":{"line":115,"column":2},"end":{"line":115,"column":3}},"loc":{"start":{"line":115,"column":33},"end":{"line":144,"column":3}},"line":115},"16":{"name":"(anonymous_16)","decl":{"start":{"line":146,"column":2},"end":{"line":146,"column":3}},"loc":{"start":{"line":146,"column":54},"end":{"line":185,"column":3}},"line":146},"17":{"name":"(anonymous_17)","decl":{"start":{"line":187,"column":2},"end":{"line":187,"column":3}},"loc":{"start":{"line":187,"column":33},"end":{"line":203,"column":3}},"line":187},"18":{"name":"(anonymous_18)","decl":{"start":{"line":199,"column":32},"end":{"line":199,"column":33}},"loc":{"start":{"line":199,"column":44},"end":{"line":199,"column":61}},"line":199},"19":{"name":"(anonymous_19)","decl":{"start":{"line":205,"column":2},"end":{"line":205,"column":3}},"loc":{"start":{"line":205,"column":36},"end":{"line":218,"column":3}},"line":205},"20":{"name":"(anonymous_20)","decl":{"start":{"line":220,"column":2},"end":{"line":220,"column":3}},"loc":{"start":{"line":220,"column":25},"end":{"line":222,"column":3}},"line":220},"21":{"name":"(anonymous_21)","decl":{"start":{"line":224,"column":2},"end":{"line":224,"column":3}},"loc":{"start":{"line":224,"column":38},"end":{"line":230,"column":3}},"line":224},"22":{"name":"(anonymous_22)","decl":{"start":{"line":232,"column":2},"end":{"line":232,"column":3}},"loc":{"start":{"line":232,"column":42},"end":{"line":234,"column":3}},"line":232},"23":{"name":"(anonymous_23)","decl":{"start":{"line":236,"column":2},"end":{"line":236,"column":3}},"loc":{"start":{"line":236,"column":53},"end":{"line":238,"column":3}},"line":236},"24":{"name":"(anonymous_24)","decl":{"start":{"line":240,"column":2},"end":{"line":240,"column":3}},"loc":{"start":{"line":240,"column":41},"end":{"line":242,"column":3}},"line":240},"25":{"name":"(anonymous_25)","decl":{"start":{"line":244,"column":2},"end":{"line":244,"column":3}},"loc":{"start":{"line":244,"column":35},"end":{"line":246,"column":3}},"line":244},"26":{"name":"(anonymous_26)","decl":{"start":{"line":248,"column":2},"end":{"line":248,"column":3}},"loc":{"start":{"line":248,"column":38},"end":{"line":250,"column":3}},"line":248},"27":{"name":"(anonymous_27)","decl":{"start":{"line":252,"column":2},"end":{"line":252,"column":3}},"loc":{"start":{"line":252,"column":44},"end":{"line":254,"column":3}},"line":252},"28":{"name":"(anonymous_28)","decl":{"start":{"line":256,"column":2},"end":{"line":256,"column":3}},"loc":{"start":{"line":256,"column":42},"end":{"line":258,"column":3}},"line":256}},"branchMap":{"0":{"loc":{"start":{"line":22,"column":8},"end":{"line":27,"column":9}},"type":"if","locations":[{"start":{"line":22,"column":8},"end":{"line":27,"column":9}},{"start":{},"end":{}}],"line":22},"1":{"loc":{"start":{"line":23,"column":10},"end":{"line":25,"column":11}},"type":"if","locations":[{"start":{"line":23,"column":10},"end":{"line":25,"column":11}},{"start":{},"end":{}}],"line":23},"2":{"loc":{"start":{"line":28,"column":8},"end":{"line":32,"column":9}},"type":"if","locations":[{"start":{"line":28,"column":8},"end":{"line":32,"column":9}},{"start":{},"end":{}}],"line":28},"3":{"loc":{"start":{"line":51,"column":4},"end":{"line":51,"column":29}},"type":"if","locations":[{"start":{"line":51,"column":4},"end":{"line":51,"column":29}},{"start":{},"end":{}}],"line":51},"4":{"loc":{"start":{"line":66,"column":4},"end":{"line":66,"column":42}},"type":"if","locations":[{"start":{"line":66,"column":4},"end":{"line":66,"column":42}},{"start":{},"end":{}}],"line":66},"5":{"loc":{"start":{"line":71,"column":4},"end":{"line":71,"column":42}},"type":"if","locations":[{"start":{"line":71,"column":4},"end":{"line":71,"column":42}},{"start":{},"end":{}}],"line":71},"6":{"loc":{"start":{"line":76,"column":4},"end":{"line":76,"column":42}},"type":"if","locations":[{"start":{"line":76,"column":4},"end":{"line":76,"column":42}},{"start":{},"end":{}}],"line":76},"7":{"loc":{"start":{"line":83,"column":4},"end":{"line":88,"column":5}},"type":"if","locations":[{"start":{"line":83,"column":4},"end":{"line":88,"column":5}},{"start":{},"end":{}}],"line":83},"8":{"loc":{"start":{"line":91,"column":6},"end":{"line":91,"column":85}},"type":"binary-expr","locations":[{"start":{"line":91,"column":6},"end":{"line":91,"column":33}},{"start":{"line":91,"column":37},"end":{"line":91,"column":60}},{"start":{"line":91,"column":64},"end":{"line":91,"column":85}}],"line":91},"9":{"loc":{"start":{"line":93,"column":4},"end":{"line":112,"column":5}},"type":"if","locations":[{"start":{"line":93,"column":4},"end":{"line":112,"column":5}},{"start":{"line":104,"column":11},"end":{"line":112,"column":5}}],"line":93},"10":{"loc":{"start":{"line":94,"column":6},"end":{"line":97,"column":32}},"type":"binary-expr","locations":[{"start":{"line":94,"column":6},"end":{"line":94,"column":15}},{"start":{"line":95,"column":6},"end":{"line":95,"column":27}},{"start":{"line":96,"column":6},"end":{"line":96,"column":28}},{"start":{"line":97,"column":6},"end":{"line":97,"column":32}}],"line":94},"11":{"loc":{"start":{"line":105,"column":6},"end":{"line":111,"column":7}},"type":"if","locations":[{"start":{"line":105,"column":6},"end":{"line":111,"column":7}},{"start":{"line":109,"column":13},"end":{"line":111,"column":7}}],"line":105},"12":{"loc":{"start":{"line":116,"column":4},"end":{"line":118,"column":5}},"type":"if","locations":[{"start":{"line":116,"column":4},"end":{"line":118,"column":5}},{"start":{},"end":{}}],"line":116},"13":{"loc":{"start":{"line":116,"column":8},"end":{"line":116,"column":37}},"type":"binary-expr","locations":[{"start":{"line":116,"column":8},"end":{"line":116,"column":20}},{"start":{"line":116,"column":24},"end":{"line":116,"column":37}}],"line":116},"14":{"loc":{"start":{"line":126,"column":6},"end":{"line":128,"column":7}},"type":"if","locations":[{"start":{"line":126,"column":6},"end":{"line":128,"column":7}},{"start":{},"end":{}}],"line":126},"15":{"loc":{"start":{"line":131,"column":6},"end":{"line":137,"column":7}},"type":"if","locations":[{"start":{"line":131,"column":6},"end":{"line":137,"column":7}},{"start":{},"end":{}}],"line":131},"16":{"loc":{"start":{"line":146,"column":23},"end":{"line":146,"column":34}},"type":"default-arg","locations":[{"start":{"line":146,"column":33},"end":{"line":146,"column":34}}],"line":146},"17":{"loc":{"start":{"line":146,"column":36},"end":{"line":146,"column":52}},"type":"default-arg","locations":[{"start":{"line":146,"column":48},"end":{"line":146,"column":52}}],"line":146},"18":{"loc":{"start":{"line":147,"column":4},"end":{"line":147,"column":46}},"type":"if
[...]
{"line":57,"column":1}},"line":54},"2":{"name":"writeFile","decl":{"start":{"line":59,"column":22},"end":{"line":59,"column":31}},"loc":{"start":{"line":59,"column":61},"end":{"line":64,"column":1}},"line":59},"3":{"name":"listFiles","decl":{"start":{"line":66,"column":22},"end":{"line":66,"column":31}},"loc":{"start":{"line":66,"column":47},"end":{"line":69,"column":1}},"line":66}},"branchMap":{"0":{"loc":{"start":{"line":6,"column":25},"end":{"line":17,"column":1}},"type":"binary-expr","locations":[{"start":{"line":6,"column":25},"end":{"line":6,"column":53}},{"start":{"line":6,"column":57},"end":{"line":17,"column":1}}],"line":6},"1":{"loc":{"start":{"line":20,"column":2},"end":{"line":22,"column":3}},"type":"if","locations":[{"start":{"line":20,"column":2},"end":{"line":22,"column":3}},{"start":{},"end":{}}],"line":20},"2":{"loc":{"start":{"line":20,"column":6},"end":{"line":20,"column":47}},"type":"binary-expr","locations":[{"start":{"line":20,"column":6},"end":{"line":20,"column":15}},{"start":{"line":20,"column":19},"end":{"line":20,"column":47}}],"line":20},"3":{"loc":{"start":{"line":28,"column":2},"end":{"line":30,"column":3}},"type":"if","locations":[{"start":{"line":28,"column":2},"end":{"line":30,"column":3}},{"start":{},"end":{}}],"line":28},"4":{"loc":{"start":{"line":28,"column":6},"end":{"line":28,"column":60}},"type":"binary-expr","locations":[{"start":{"line":28,"column":6},"end":{"line":28,"column":31}},{"start":{"line":28,"column":35},"end":{"line":28,"column":60}}],"line":28},"5":{"loc":{"start":{"line":33,"column":18},"end":{"line":33,"column":57}},"type":"binary-expr","locations":[{"start":{"line":33,"column":18},"end":{"line":33,"column":45}},{"start":{"line":33,"column":49},"end":{"line":33,"column":57}}],"line":33},"6":{"loc":{"start":{"line":34,"column":2},"end":{"line":36,"column":3}},"type":"if","locations":[{"start":{"line":34,"column":2},"end":{"line":36,"column":3}},{"start":{},"end":{}}],"line":34},"7":{"loc":{"start":{"line":39,"column":2},"end":{"line":49,"column":3}},"type":"if","locations":[{"start":{"line":39,"column":2},"end":{"line":49,"column":3}},{"start":{},"end":{}}],"line":39},"8":{"loc":{"start":{"line":43,"column":6},"end":{"line":45,"column":7}},"type":"if","locations":[{"start":{"line":43,"column":6},"end":{"line":45,"column":7}},{"start":{},"end":{}}],"line":43}},"s":{"0":3,"1":8,"2":2,"3":6,"4":6,"5":6,"6":2,"7":4,"8":4,"9":2,"10":2,"11":2,"12":2,"13":0,"14":0,"15":0,"16":2,"17":0,"18":0,"19":0,"20":0,"21":0,"22":0,"23":0,"24":0},"f":{"0":8,"1":0,"2":0,"3":0},"b":{"0":[3,0],"1":[2,6],"2":[8,7],"3":[2,4],"4":[6,4],"5":[4,0],"6":[2,2],"7":[2,0],"8":[0,0]},"_coverageSchema":"1a1c01bbd47fc00a2c39e90264f33305004495a9","hash":"35636a3eab4039b419b160d48d3127a341904bcc"}
,"/app/tools/gemini_cli_tool.js": {"path":"/app/tools/gemini_cli_tool.js","statementMap":{"0":{"start":{"line":6,"column":2},"end":{"line":22,"column":5}},"1":{"start":{"line":7,"column":29},"end":{"line":7,"column":90}},"2":{"start":{"line":8,"column":17},"end":{"line":8,"column":72}},"3":{"start":{"line":9,"column":25},"end":{"line":9,"column":83}},"4":{"start":{"line":10,"column":4},"end":{"line":10,"column":97}},"5":{"start":{"line":10,"column":36},"end":{"line":10,"column":97}},"6":{"start":{"line":11,"column":18},"end":{"line":11,"column":61}},"7":{"start":{"line":12,"column":17},"end":{"line":12,"column":19}},"8":{"start":{"line":13,"column":15},"end":{"line":13,"column":17}},"9":{"start":{"line":14,"column":4},"end":{"line":14,"column":67}},"10":{"start":{"line":14,"column":39},"end":{"line":14,"column":64}},"11":{"start":{"line":15,"column":4},"end":{"line":15,"column":67}},"12":{"start":{"line":15,"column":39},"end":{"line":15,"column":64}},"13":{"start":{"line":16,"column":4},"end":{"line":20,"column":6}},"14":{"start":{"line":17,"column":6},"end":{"line":19,"column":32}},"15":{"start":{"line":21,"column":4},"end":{"line":21,"column":44}},"16":{"start":{"line":21,"column":31},"end":{"line":21,"column":42}}},"fnMap":{"0":{"name":"execute","decl":{"start":{"line":5,"column":16},"end":{"line":5,"column":23}},"loc":{"start":{"line":5,"column":49},"end":{"line":23,"column":1}},"line":5},"1":{"name":"(anonymous_1)","decl":{"start":{"line":6,"column":21},"end":{"line":6,"column":22}},"loc":{"start":{"line":6,"column":42},"end":{"line":22,"column":3}},"line":6},"2":{"name":"(anonymous_2)","decl":{"start":{"line":14,"column":28},"end":{"line":14,"column":29}},"loc":{"start":{"line":14,"column":39},"end":{"line":14,"column":64}},"line":14},"3":{"name":"(anonymous_3)","decl":{"start":{"line":15,"column":28},"end":{"line":15,"column":29}},"loc":{"start":{"line":15,"column":39},"end":{"line":15,"column":64}},"line":15},"4":{"name":"(anonymous_4)","decl":{"start":{"line":16,"column":22},"end":{"line":16,"column":23}},"loc":{"start":{"line":17,"column":6},"end":{"line":19,"column":32}},"line":17},"5":{"name":"(anonymous_5)","decl":{"start":{"line":21,"column":22},"end":{"line":21,"column":23}},"loc":{"start":{"line":21,"column":31},"end":{"line":21,"column":42}},"line":21}},"branchMap":{"0":{"loc":{"start":{"line":10,"column":4},"end":{"line":10,"column":97}},"type":"if","locations":[{"start":{"line":10,"column":4},"end":{"line":10,"column":97}},{"start":{},"end":{}}],"line":10},"1":{"loc":{"start":{"line":17,"column":6},"end":{"line":19,"column":32}},"type":"cond-expr","locations":[{"start":{"line":18,"column":10},"end":{"line":18,"column":77}},{"start":{"line":19,"column":10},"end":{"line":19,"column":32}}],"line":17}},"s":{"0":0,"1":0,"2":0,"3":0,"4":0,"5":0,"6":0,"7":0,"8":0,"9":0,"10":0,"11":0,"12":0,"13":0,"14":0,"15":0,"16":0},"f":{"0":0,"1":0,"2":0,"3":0,"4":0,"5":0},"b":{"0":[0,0],"1":[0,0]},"_coverageSchema":"1a1c01bbd47fc00a2c39e90264f33305004495a9","hash":"1fd60cf6f633b1f926de1c9c62e6f20928a07ec8"}
,"/app/tools/research.js": {"path":"/app/tools/research.js","statementMap":{"0":{"start":{"line":10,"column":2},"end":{"line":15,"column":3}},"1":{"start":{"line":11,"column":4},"end":{"line":13,"column":5}},"2":{"start":{"line":12,"column":6},"end":{"line":12,"column":72}},"3":{"start":{"line":14,"column":4},"end":{"line":14,"column":72}},"4":{"start":{"line":16,"column":2},"end":{"line":16,"column":19}},"5":{"start":{"line":21,"column":2},"end":{"line":78,"column":3}},"6":{"start":{"line":22,"column":19},"end":{"line":22,"column":39}},"7":{"start":{"line":23,"column":20},"end":{"line":37,"column":6}},"8":{"start":{"line":39,"column":24},"end":{"line":39,"column":44}},"9":{"start":{"line":40,"column":4},"end":{"line":40,"column":65}},"10":{"start":{"line":42,"column":26},"end":{"line":44,"column":6}},"11":{"start":{"line":46,"column":23},"end":{"line":48,"column":26}},"12":{"start":{"line":47,"column":19},"end":{"line":47,"column":60}},"13":{"start":{"line":50,"column":22},"end":{"line":61,"column":6}},"14":{"start":{"line":63,"column":24},"end":{"line":63,"column":64}},"15":{"start":{"line":63,"column":55},"end":{"line":63,"column":63}},"16":{"start":{"line":65,"column":4},"end":{"line":69,"column":6}},"17":{"start":{"line":71,"column":4},"end":{"line":71,"column":102}},"18":{"start":{"line":72,"column":4},"end":{"line":77,"column":6}}},"fnMap":{"0":{"name":"getFirecrawlClient","decl":{"start":{"line":9,"column":9},"end":{"line":9,"column":27}},"loc":{"start":{"line":9,"column":30},"end":{"line":17,"column":1}},"line":9},"1":{"name":"deep_dive","decl":{"start":{"line":19,"column":22},"end":{"line":19,"column":31}},"loc":{"start":{"line":19,"column":59},"end":{"line":80,"column":1}},"line":19},"2":{"name":"(anonymous_2)","decl":{"start":{"line":47,"column":11},"end":{"line":47,"column":12}},"loc":{"start":{"line":47,"column":19},"end":{"line":47,"column":60}},"line":47},"3":{"name":"(anonymous_3)","decl":{"start":{"line":63,"column":47},"end":{"line":63,"column":48}},"loc":{"start":{"line":63,"column":55},"end":{"line":63,"column":63}},"line":63}},"branchMap":{"0":{"loc":{"start":{"line":10,"column":2},"end":{"line":15,"column":3}},"type":"if","locations":[{"start":{"line":10,"column":2},"end":{"line":15,"column":3}},{"start":{},"end":{}}],"line":10},"1":{"loc":{"start":{"line":11,"column":4},"end":{"line":13,"column":5}},"type":"if","locations":[{"start":{"line":11,"column":4},"end":{"line":13,"column":5}},{"start":{},"end":{}}],"line":11},"2":{"loc":{"start":{"line":19,"column":41},"end":{"line":19,"column":55}},"type":"default-arg","locations":[{"start":{"line":19,"column":53},"end":{"line":19,"column":55}}],"line":19},"3":{"loc":{"start":{"line":31,"column":6},"end":{"line":31,"column":49}},"type":"binary-expr","locations":[{"start":{"line":31,"column":6},"end":{"line":31,"column":26}},{"start":{"line":31,"column":30},"end":{"line":31,"column":49}}],"line":31}},"s":{"0":0,"1":0,"2":0,"3":0,"4":0,"5":0,"6":0,"7":0,"8":0,"9":0,"10":0,"11":0,"12":0,"13":0,"14":0,"15":0,"16":0,"17":0,"18":0},"f":{"0":0,"1":0,"2":0,"3":0},"b":{"0":[0,0],"1":[0,0],"2":[0],"3":[0,0]},"_coverageSchema":"1a1c01bbd47fc00a2c39e90264f33305004495a9","hash":"896b60e9649a1a6a5a6f662eb65f3c0ac6aa72d6"}
,"/app/tools/shell.js": {"path":"/app/tools/shell.js","statementMap":{"0":{"start":{"line":4,"column":20},"end":{"line":4,"column":35}},"1":{"start":{"line":6,"column":2},"end":{"line":6,"column":56}},"2":{"start":{"line":6,"column":16},"end":{"line":6,"column":56}},"3":{"start":{"line":7,"column":20},"end":{"line":9,"column":3}},"4":{"start":{"line":8,"column":4},"end":{"line":8,"column":64}},"5":{"start":{"line":10,"column":2},"end":{"line":13,"column":6}},"6":{"start":{"line":11,"column":4},"end":{"line":13,"column":6}},"7":{"start":{"line":14,"column":2},"end":{"line":19,"column":3}},"8":{"start":{"line":15,"column":31},"end":{"line":15,"column":81}},"9":{"start":{"line":16,"column":4},"end":{"line":16,"column":54}},"10":{"start":{"line":18,"column":4},"end":{"line":18,"column":48}}},"fnMap":{"0":{"name":"execute","decl":{"start":{"line":5,"column":22},"end":{"line":5,"column":29}},"loc":{"start":{"line":5,"column":56},"end":{"line":20,"column":1}},"line":5},"1":{"name":"(anonymous_1)","decl":{"start":{"line":7,"column":70},"end":{"line":7,"column":71}},"loc":{"start":{"line":8,"column":4},"end":{"line":8,"column":64}},"line":8}},"branchMap":{"0":{"loc":{"start":{"line":6,"column":2},"end":{"line":6,"column":56}},"type":"if","locations":[{"start":{"line":6,"column":2},"end":{"line":6,"column":56}},{"start":{},"end":{}}],"line":6},"1":{"loc":{"start":{"line":7,"column":21},"end":{"line":7,"column":63}},"type":"binary-expr","locations":[{"start":{"line":7,"column":21},"end":{"line":7,"column":57}},{"start":{"line":7,"column":61},"end":{"line":7,"column":63}}],"line":7},"2":{"loc":{"start":{"line":10,"column":2},"end":{"line":13,"column":6}},"type":"if","locations":[{"start":{"line":10,"column":2},"end":{"line":13,"column":6}},{"start":{},"end":{}}],"line":10}},"s":{"0":2,"1":0,"2":0,"3":0,"4":0,"5":0,"6":0,"7":0,"8":0,"9":0,"10":0},"f":{"0":0,"1":0},"b":{"0":[0,0],"1":[0,0],"2":[0,0]},"_coverageSchema":"1a1c01bbd47fc00a2c39e90264f33305004495a9","hash":"578edf1cffbe0ebec2959d5548c118a3297796a4"}
,"/app/utils/errorHandler.js": {"path":"/app/utils/errorHandler.js","statementMap":{"0":{"start":{"line":6,"column":4},"end":{"line":6,"column":23}},"1":{"start":{"line":7,"column":4},"end":{"line":7,"column":35}},"2":{"start":{"line":8,"column":4},"end":{"line":8,"column":35}},"3":{"start":{"line":9,"column":4},"end":{"line":9,"column":43}},"4":{"start":{"line":10,"column":4},"end":{"line":10,"column":21}},"5":{"start":{"line":11,"column":4},"end":{"line":11,"column":30}},"6":{"start":{"line":17,"column":2},"end":{"line":25,"column":3}},"7":{"start":{"line":18,"column":22},"end":{"line":18,"column":52}},"8":{"start":{"line":19,"column":4},"end":{"line":19,"column":37}},"9":{"start":{"line":20,"column":4},"end":{"line":22,"column":5}},"10":{"start":{"line":21,"column":6},"end":{"line":21,"column":42}},"11":{"start":{"line":24,"column":4},"end":{"line":24,"column":33}},"12":{"start":{"line":28,"column":27},"end":{"line":34,"column":1}},"13":{"start":{"line":36,"column":30},"end":{"line":45,"column":1}},"14":{"start":{"line":48,"column":47},"end":{"line":48,"column":54}},"15":{"start":{"line":50,"column":2},"end":{"line":62,"column":4}},"16":{"start":{"line":51,"column":4},"end":{"line":61,"column":5}},"17":{"start":{"line":51,"column":23},"end":{"line":51,"column":24}},"18":{"start":{"line":52,"column":6},"end":{"line":60,"column":7}},"19":{"start":{"line":53,"column":8},"end":{"line":53,"column":33}},"20":{"start":{"line":55,"column":8},"end":{"line":57,"column":9}},"21":{"start":{"line":56,"column":10},"end":{"line":56,"column":22}},"22":{"start":{"line":58,"column":22},"end":{"line":58,"column":58}},"23":{"start":{"line":59,"column":8},"end":{"line":59,"column":67}},"24":{"start":{"line":59,"column":39},"end":{"line":59,"column":65}}},"fnMap":{"0":{"name":"(anonymous_0)","decl":{"start":{"line":5,"column":2},"end":{"line":5,"column":3}},"loc":{"start":{"line":5,"column":50},"end":{"line":12,"column":3}},"line":5},"1":{"name":"handleError","decl":{"start":{"line":16,"column":16},"end":{"line":16,"column":27}},"loc":{"start":{"line":16,"column":45},"end":{"line":26,"column":1}},"line":16},"2":{"name":"withRetry","decl":{"start":{"line":47,"column":16},"end":{"line":47,"column":25}},"loc":{"start":{"line":47,"column":44},"end":{"line":63,"column":1}},"line":47},"3":{"name":"(anonymous_3)","decl":{"start":{"line":50,"column":9},"end":{"line":50,"column":10}},"loc":{"start":{"line":50,"column":28},"end":{"line":62,"column":3}},"line":50},"4":{"name":"(anonymous_4)","decl":{"start":{"line":59,"column":26},"end":{"line":59,"column":27}},"loc":{"start":{"line":59,"column":39},"end":{"line":59,"column":65}},"line":59}},"branchMap":{"0":{"loc":{"start":{"line":17,"column":2},"end":{"line":25,"column":3}},"type":"if","locations":[{"start":{"line":17,"column":2},"end":{"line":25,"column":3}},{"start":{"line":23,"column":9},"end":{"line":25,"column":3}}],"line":17},"1":{"loc":{"start":{"line":20,"column":4},"end":{"line":22,"column":5}},"type":"if","locations":[{"start":{"line":20,"column":4},"end":{"line":22,"column":5}},{"start":{},"end":{}}],"line":20},"2":{"loc":{"start":{"line":47,"column":30},"end":{"line":47,"column":42}},"type":"default-arg","locations":[{"start":{"line":47,"column":40},"end":{"line":47,"column":42}}],"line":47},"3":{"loc":{"start":{"line":48,"column":10},"end":{"line":48,"column":24}},"type":"default-arg","locations":[{"start":{"line":48,"column":23},"end":{"line":48,"column":24}}],"line":48},"4":{"loc":{"start":{"line":48,"column":26},"end":{"line":48,"column":42}},"type":"default-arg","locations":[{"start":{"line":48,"column":38},"end":{"line":48,"column":42}}],"line":48},"5":{"loc":{"start":{"line":55,"column":8},"end":{"line":57,"column":9}},"type":"if","locations":[{"start":{"line":55,"column":8},"end":{"line":57,"column":9}},{"start":{},"end":{}}],"line":55},"6":{"loc":{"start":{"line":55,"column":12},"end":{"line":55,"column":56}},"type":"binary-expr","locations":[{"start":{"line":55,"column":12},"end":{"line":55,"column":34}},{"start":{"line":55,"column":38},"end":{"line":55,"column":56}}],"line":55}},"s":{"0":9,"1":9,"2":9,"3":9,"4":9,"5":9,"6":0,"7":0,"8":0,"9":0,"10":0,"11":0,"12":4,"13":4,"14":2,"15":2,"16":2,"17":2,"18":4,"19":4,"20":3,"21":1,"22":2,"23":2,"24":2},"f":{"0":9,"1":0,"2":2,"3":2,"4":2},"b":{"0":[0,0],"1":[0,0],"2":[0],"3":[0],"4":[1],"5":[1,2],"6":[3,3]},"_coverageSchema":"1a1c01bbd47fc00a2c39e90264f33305004495a9","hash":"925734fe7e0d7484215a8e036d4441321065aa31"}
,"/app/utils/localization.js": {"path":"/app/utils/localization.js","statementMap":{"0":{"start":{"line":1,"column":23},"end":{"line":15,"column":1}},"1":{"start":{"line":18,"column":2},"end":{"line":18,"column":70}},"2":{"start":{"line":23,"column":2},"end":{"line":27,"column":4}}},"fnMap":{"0":{"name":"t","decl":{"start":{"line":17,"column":16},"end":{"line":17,"column":17}},"loc":{"start":{"line":17,"column":36},"end":{"line":19,"column":1}},"line":17},"1":{"name":"localizeError","decl":{"start":{"line":22,"column":16},"end":{"line":22,"column":29}},"loc":{"start":{"line":22,"column":43},"end":{"line":28,"column":1}},"line":22}},"branchMap":{"0":{"loc":{"start":{"line":17,"column":23},"end":{"line":17,"column":34}},"type":"default-arg","locations":[{"start":{"line":17,"column":30},"end":{"line":17,"column":34}}],"line":17},"1":{"loc":{"start":{"line":18,"column":9},"end":{"line":18,"column":69}},"type":"binary-expr","locations":[{"start":{"line":18,"column":9},"end":{"line":18,"column":36}},{"start":{"line":18,"column":40},"end":{"line":18,"column":62}},{"start":{"line":18,"column":66},"end":{"line":18,"column":69}}],"line":18}},"s":{"0":5,"1":8,"2":2},"f":{"0":8,"1":2},"b":{"0":[2],"1":[8,3,2]},"_coverageSchema":"1a1c01bbd47fc00a2c39e90264f33305004495a9","hash":"1f63be90dd72f31912728707165ee053900d7650"}
,"/app/utils/queryCache.js": {"path":"/app/utils/queryCache.js","statementMap":{"0":{"start":{"line":3,"column":14},"end":{"line":6,"column":2}},"1":{"start":{"line":9,"column":2},"end":{"line":17,"column":4}},"2":{"start":{"line":10,"column":21},"end":{"line":10,"column":53}},"3":{"start":{"line":11,"column":19},"end":{"line":11,"column":38}},"4":{"start":{"line":12,"column":4},"end":{"line":12,"column":30}},"5":{"start":{"line":12,"column":16},"end":{"line":12,"column":30}},"6":{"start":{"line":14,"column":19},"end":{"line":14,"column":41}},"7":{"start":{"line":15,"column":4},"end":{"line":15,"column":32}},"8":{"start":{"line":16,"column":4},"end":{"line":16,"column":18}}},"fnMap":{"0":{"name":"cachedQuery","decl":{"start":{"line":8,"column":16},"end":{"line":8,"column":27}},"loc":{"start":{"line":8,"column":42},"end":{"line":18,"column":1}},"line":8},"1":{"name":"(anonymous_1)","decl":{"start":{"line":9,"column":9},"end":{"line":9,"column":10}},"loc":{"start":{"line":9,"column":28},"end":{"line":17,"column":3}},"line":9}},"branchMap":{"0":{"loc":{"start":{"line":12,"column":4},"end":{"line":12,"column":30}},"type":"if","locations":[{"start":{"line":12,"column":4},"end":{"line":12,"column":30}},{"start":{},"end":{}}],"line":12}},"s":{"0":3,"1":3,"2":0,"3":0,"4":0,"5":0,"6":0,"7":0,"8":0},"f":{"0":3,"1":0},"b":{"0":[0,0]},"_coverageSchema":"1a1c01bbd47fc00a2c39e90264f33305004495a9","hash":"582f3cef4c1c3098d5fcbcffb44409fa4d62bb69"}
,"/app/utils/sanitization.js": {"path":"/app/utils/sanitization.js","statementMap":{"0":{"start":{"line":1,"column":23},"end":{"line":1,"column":65}},"1":{"start":{"line":5,"column":2},"end":{"line":7,"column":3}},"2":{"start":{"line":6,"column":4},"end":{"line":6,"column":46}},"3":{"start":{"line":10,"column":2},"end":{"line":18,"column":9}},"4":{"start":{"line":11,"column":4},"end":{"line":16,"column":5}},"5":{"start":{"line":13,"column":6},"end":{"line":13,"column":52}},"6":{"start":{"line":15,"column":6},"end":{"line":15,"column":28}},"7":{"start":{"line":17,"column":4},"end":{"line":17,"column":20}}},"fnMap":{"0":{"name":"sanitizeToolCall","decl":{"start":{"line":3,"column":16},"end":{"line":3,"column":32}},"loc":{"start":{"line":3,"column":49},"end":{"line":19,"column":1}},"line":3},"1":{"name":"(anonymous_1)","decl":{"start":{"line":10,"column":37},"end":{"line":10,"column":38}},"loc":{"start":{"line":10,"column":65},"end":{"line":18,"column":3}},"line":10}},"branchMap":{"0":{"loc":{"start":{"line":5,"column":2},"end":{"line":7,"column":3}},"type":"if","locations":[{"start":{"line":5,"column":2},"end":{"line":7,"column":3}},{"start":{},"end":{}}],"line":5},"1":{"loc":{"start":{"line":11,"column":4},"end":{"line":16,"column":5}},"type":"if","locations":[{"start":{"line":11,"column":4},"end":{"line":16,"column":5}},{"start":{"line":14,"column":11},"end":{"line":16,"column":5}}],"line":11}},"s":{"0":3,"1":13,"2":6,"3":7,"4":7,"5":6,"6":1,"7":7},"f":{"0":13,"1":7},"b":{"0":[6,7],"1":[6,1]},"_coverageSchema":"1a1c01bbd47fc00a2c39e90264f33305004495a9","hash":"16e27dc52eeb4052b4ad251c45e6252b135d2eeb"}
}
