TN:
SF:stigmergy.config.js
FNF:0
FNH:0
DA:4,19
LF:1
LH:1
BRF:0
BRH:0
end_of_record
TN:
SF:ai/providers.js
FN:9,_resetProviderInstances
FN:13,getModelForTier
FNF:2
FNH:2
FNDA:5,_resetProviderInstances
FNDA:16,getModelForTier
DA:6,14
DA:10,5
DA:14,16
DA:15,16
DA:16,0
DA:19,16
DA:21,16
DA:22,0
DA:25,16
DA:26,16
DA:28,16
DA:29,0
DA:33,16
DA:35,16
DA:36,7
DA:38,7
DA:39,7
DA:40,7
DA:45,7
DA:48,16
DA:50,16
DA:51,16
LF:22
LH:19
BRDA:13,0,0,0
BRDA:15,1,0,0
BRDA:15,1,1,16
BRDA:21,2,0,0
BRDA:21,2,1,16
BRDA:21,3,0,16
BRDA:21,3,1,16
BRDA:28,4,0,0
BRDA:28,4,1,16
BRDA:35,5,0,7
BRDA:35,5,1,9
BRDA:39,6,0,7
BRDA:39,6,1,0
BRF:13
BRH:8
end_of_record
TN:
SF:cli/commands/install.js
FN:7,findProjectRoot
FN:19,install
FNF:2
FNH:2
FNDA:1,findProjectRoot
FNDA:1,install
DA:8,1
DA:9,1
DA:10,5
DA:11,5
DA:12,1
DA:14,4
DA:16,0
DA:20,1
DA:21,1
DA:24,1
DA:26,1
DA:27,0
DA:28,0
DA:31,1
DA:33,1
DA:34,1
DA:35,1
DA:38,1
DA:39,1
DA:41,1
DA:43,1
DA:44,1
DA:45,1
DA:46,1
DA:47,1
DA:48,0
DA:49,0
DA:53,1
DA:54,1
DA:56,1
DA:57,1
DA:58,1
DA:59,1
DA:60,1
LF:34
LH:29
BRDA:11,0,0,1
BRDA:11,0,1,4
BRDA:24,1,0,1
BRDA:24,1,1,0
BRDA:26,2,0,0
BRDA:26,2,1,1
BRDA:26,3,0,1
BRDA:26,3,1,1
BRDA:33,4,0,1
BRDA:33,4,1,0
BRDA:44,5,0,1
BRDA:44,5,1,0
BRDA:47,6,0,0
BRDA:47,6,1,1
BRF:14
BRH:9
end_of_record
TN:
SF:cli/commands/install_helpers.js
FN:4,configureIde
FNF:1
FNH:1
FNDA:1,configureIde
DA:5,1
DA:6,1
DA:9,1
DA:10,1
LF:4
LH:4
BRF:0
BRH:0
end_of_record
TN:
SF:cli/commands/validate.js
FN:7,getCorePath
FN:35,validateAgents
FN:112,main
FNF:3
FNH:2
FNDA:6,getCorePath
FNDA:6,validateAgents
FNDA:0,main
DA:8,6
DA:9,6
DA:10,0
DA:12,6
DA:15,4
DA:36,6
DA:38,6
DA:39,6
DA:41,6
DA:43,1
DA:44,1
DA:45,0
DA:46,0
DA:48,1
DA:54,5
DA:55,5
DA:56,5
DA:58,5
DA:59,6
DA:60,0
DA:63,6
DA:64,6
DA:66,6
DA:67,1
DA:68,1
DA:69,1
DA:72,5
DA:73,0
DA:76,5
DA:77,5
DA:78,4
DA:81,3
DA:82,3
DA:83,1
DA:86,1
DA:88,2
DA:92,2
DA:93,1
DA:95,1
DA:97,2
DA:101,5
DA:102,4
DA:108,1
DA:109,1
DA:113,0
DA:114,0
DA:115,0
DA:116,0
DA:121,4
DA:122,0
LF:50
LH:40
BRDA:8,0,0,0
BRDA:8,0,1,6
BRDA:9,1,0,0
BRDA:9,1,1,6
BRDA:9,2,0,6
BRDA:9,2,1,0
BRDA:41,3,0,1
BRDA:41,3,1,5
BRDA:44,4,0,0
BRDA:44,4,1,1
BRDA:59,5,0,0
BRDA:59,5,1,6
BRDA:59,6,0,6
BRDA:59,6,1,0
BRDA:59,6,2,0
BRDA:66,7,0,1
BRDA:66,7,1,5
BRDA:72,8,0,0
BRDA:72,8,1,5
BRDA:72,9,0,5
BRDA:72,9,1,0
BRDA:81,10,0,3
BRDA:81,10,1,0
BRDA:82,11,0,1
BRDA:82,11,1,2
BRDA:92,12,0,1
BRDA:92,12,1,1
BRDA:101,13,0,4
BRDA:101,13,1,1
BRDA:114,14,0,0
BRDA:114,14,1,0
BRDA:121,15,0,0
BRDA:121,15,1,4
BRF:33
BRH:20
end_of_record
TN:
SF:engine/agent_performance.js
FN:10,(anonymous_0)
FN:15,(anonymous_1)
FN:32,(anonymous_2)
FN:64,(anonymous_3)
FN:131,(anonymous_4)
FN:145,(anonymous_5)
FN:164,(anonymous_6)
FN:189,(anonymous_7)
FN:199,(anonymous_8)
FN:210,(anonymous_9)
FN:217,(anonymous_10)
FN:230,(anonymous_11)
FN:242,(anonymous_12)
FNF:13
FNH:2
FNDA:2,(anonymous_0)
FNDA:2,(anonymous_1)
FNDA:0,(anonymous_2)
FNDA:0,(anonymous_3)
FNDA:0,(anonymous_4)
FNDA:0,(anonymous_5)
FNDA:0,(anonymous_6)
FNDA:0,(anonymous_7)
FNDA:0,(anonymous_8)
FNDA:0,(anonymous_9)
FNDA:0,(anonymous_10)
FNDA:0,(anonymous_11)
FNDA:0,(anonymous_12)
DA:11,2
DA:12,2
DA:16,2
DA:19,2
DA:20,2
DA:21,0
DA:33,0
DA:34,0
DA:36,0
DA:52,0
DA:53,0
DA:56,0
DA:58,0
DA:65,0
DA:66,0
DA:69,0
DA:70,0
DA:79,0
DA:80,0
DA:81,0
DA:84,0
DA:86,0
DA:88,0
DA:90,0
DA:91,0
DA:92,0
DA:95,0
DA:96,0
DA:104,0
DA:105,0
DA:106,0
DA:108,0
DA:110,0
DA:112,0
DA:115,0
DA:116,0
DA:124,0
DA:125,0
DA:128,0
DA:129,0
DA:131,0
DA:132,0
DA:133,0
DA:134,0
DA:135,0
DA:139,0
DA:142,0
DA:143,0
DA:145,0
DA:146,0
DA:147,0
DA:148,0
DA:149,0
DA:150,0
DA:155,0
DA:156,0
DA:158,0
DA:165,0
DA:168,0
DA:169,0
DA:170,0
DA:173,0
DA:174,0
DA:179,0
DA:180,0
DA:183,0
DA:190,0
DA:191,0
DA:193,0
DA:200,0
DA:201,0
DA:203,0
DA:204,0
DA:211,0
DA:212,0
DA:214,0
DA:217,0
DA:218,0
DA:219,0
DA:230,0
DA:231,0
DA:232,0
DA:242,0
LF:83
LH:5
BRDA:20,0,0,0
BRDA:20,0,1,2
BRDA:69,1,0,0
BRDA:69,1,1,0
BRDA:81,2,0,0
BRDA:81,2,1,0
BRDA:95,3,0,0
BRDA:95,3,1,0
BRDA:106,4,0,0
BRDA:106,4,1,0
BRDA:115,5,0,0
BRDA:115,5,1,0
BRDA:132,6,0,0
BRDA:132,6,1,0
BRDA:139,7,0,0
BRDA:139,7,1,0
BRDA:146,8,0,0
BRDA:146,8,1,0
BRDA:148,9,0,0
BRDA:148,9,1,0
BRDA:168,10,0,0
BRDA:168,10,1,0
BRDA:169,11,0,0
BRDA:169,11,1,0
BRDA:169,12,0,0
BRDA:169,12,1,0
BRDA:173,13,0,0
BRDA:173,13,1,0
BRDA:173,14,0,0
BRDA:173,14,1,0
BRDA:179,15,0,0
BRDA:179,15,1,0
BRDA:193,16,0,0
BRDA:193,16,1,0
BRDA:204,17,0,0
BRDA:204,17,1,0
BRDA:218,18,0,0
BRDA:218,18,1,0
BRDA:218,19,0,0
BRDA:218,19,1,0
BRDA:231,20,0,0
BRDA:231,20,1,0
BRF:42
BRH:1
end_of_record
TN:
SF:engine/context_enhancer.js
FN:5,extractSymbolsFromTask
FN:18,getContextForSymbols
FN:22,(anonymous_2)
FN:34,(anonymous_3)
FN:50,enhance
FNF:5
FNH:5
FNDA:4,extractSymbolsFromTask
FNDA:5,getContextForSymbols
FNDA:4,(anonymous_2)
FNDA:1,(anonymous_3)
FNDA:2,enhance
DA:3,5
DA:6,4
DA:7,4
DA:9,4
DA:10,7
DA:11,7
DA:12,4
DA:15,4
DA:19,5
DA:20,1
DA:22,4
DA:23,4
DA:24,4
DA:25,3
DA:26,3
DA:27,3
DA:28,2
DA:30,1
DA:32,3
DA:33,1
DA:34,1
DA:35,1
DA:38,2
DA:40,3
DA:42,1
DA:43,1
DA:46,4
DA:47,4
DA:51,2
DA:52,2
DA:53,2
DA:54,1
DA:55,1
DA:56,1
DA:57,1
DA:58,1
DA:66,1
DA:70,5
LF:38
LH:38
BRDA:10,0,0,7
BRDA:10,0,1,3
BRDA:10,0,2,0
BRDA:10,0,3,0
BRDA:11,1,0,4
BRDA:11,1,1,3
BRDA:11,2,0,7
BRDA:11,2,1,7
BRDA:19,3,0,1
BRDA:19,3,1,4
BRDA:27,4,0,2
BRDA:27,4,1,1
BRDA:27,5,0,3
BRDA:27,5,1,3
BRDA:28,6,0,2
BRDA:28,6,1,1
BRDA:32,7,0,1
BRDA:32,7,1,2
BRDA:32,8,0,3
BRDA:32,8,1,3
BRDA:53,9,0,1
BRDA:53,9,1,1
BRF:22
BRH:20
end_of_record
TN:
SF:engine/dashboard.js
FN:8,(anonymous_0)
FNF:1
FNH:0
FNDA:0,(anonymous_0)
DA:6,2
DA:8,2
DA:9,0
DA:10,0
DA:11,0
DA:12,0
DA:14,0
DA:18,2
LF:8
LH:3
BRF:0
BRH:0
end_of_record
TN:
SF:engine/error_handling.js
FN:20,(anonymous_0)
FN:39,(anonymous_1)
FNF:2
FNH:2
FNDA:2,(anonymous_0)
FNDA:2,(anonymous_1)
DA:6,1
DA:21,2
DA:22,2
DA:23,2
DA:24,2
DA:25,2
DA:40,2
DA:41,0
DA:45,2
DA:46,2
DA:47,2
DA:49,2
DA:50,1
DA:51,1
DA:52,1
DA:53,0
DA:54,0
DA:55,1
DA:56,0
DA:57,0
DA:60,2
DA:61,2
DA:63,2
LF:23
LH:18
BRDA:20,0,0,0
BRDA:39,1,0,2
BRDA:40,2,0,0
BRDA:40,2,1,2
BRDA:49,3,0,1
BRDA:49,3,1,1
BRDA:49,4,0,2
BRDA:49,4,1,1
BRDA:52,5,0,0
BRDA:52,5,1,1
BRDA:55,6,0,0
BRDA:55,6,1,1
BRDA:60,7,0,2
BRDA:60,7,1,2
BRF:14
BRH:10
end_of_record
TN:
SF:engine/execution_graph.js
FN:9,(anonymous_0)
FN:14,createExecutionGraph
FN:18,(anonymous_2)
FN:25,(anonymous_3)
FN:31,(anonymous_4)
FN:37,(anonymous_5)
FN:49,(anonymous_6)
FN:66,(anonymous_7)
FN:76,(anonymous_8)
FNF:9
FNH:8
FNDA:0,(anonymous_0)
FNDA:3,createExecutionGraph
FNDA:4,(anonymous_2)
FNDA:3,(anonymous_3)
FNDA:1,(anonymous_4)
FNDA:4,(anonymous_5)
FNDA:1,(anonymous_6)
FNDA:4,(anonymous_7)
FNDA:4,(anonymous_8)
DA:4,1
DA:9,0
DA:15,3
DA:18,3
DA:19,4
DA:20,4
DA:21,4
DA:22,4
DA:25,3
DA:26,3
DA:27,3
DA:28,3
DA:31,3
DA:32,1
DA:33,1
DA:34,1
DA:37,3
DA:38,4
DA:39,4
DA:43,4
DA:44,4
DA:45,4
DA:46,4
DA:49,3
DA:50,1
DA:51,1
DA:53,1
DA:54,1
DA:57,3
DA:58,3
DA:59,3
DA:60,3
DA:61,3
DA:64,3
DA:66,3
DA:67,4
DA:68,1
DA:70,3
DA:73,3
DA:74,3
DA:76,3
DA:77,4
DA:78,3
DA:80,1
DA:83,3
DA:86,3
LF:46
LH:45
BRDA:9,0,0,0
BRDA:9,0,1,0
BRDA:9,1,0,0
BRDA:9,1,1,0
BRDA:22,2,0,1
BRDA:22,2,1,3
BRDA:39,3,0,1
BRDA:39,3,1,3
BRDA:45,4,0,3
BRDA:45,4,1,1
BRDA:67,5,0,1
BRDA:67,5,1,3
BRDA:77,6,0,3
BRDA:77,6,1,1
BRF:14
BRH:10
end_of_record
TN:
SF:engine/llm_adapter.js
FN:19,getCachedFile
FN:31,getSharedContext
FN:54,getCompletion
FN:101,getSystemPrompt
FN:114,clearFileCache
FN:124,decomposeGoal
FNF:6
FNH:4
FNDA:0,getCachedFile
FNDA:0,getSharedContext
FNDA:6,getCompletion
FNDA:1,getSystemPrompt
FNDA:1,clearFileCache
FNDA:1,decomposeGoal
DA:10,4
DA:17,4
DA:20,0
DA:21,0
DA:23,0
DA:24,0
DA:25,0
DA:26,0
DA:28,0
DA:32,0
DA:43,0
DA:44,0
DA:45,0
DA:46,0
DA:47,0
DA:48,0
DA:51,0
DA:55,6
DA:56,6
DA:57,6
DA:59,6
DA:60,6
DA:62,6
DA:64,6
DA:65,6
DA:70,5
DA:71,5
DA:72,0
DA:75,5
DA:76,1
DA:77,1
DA:80,4
DA:81,4
DA:82,4
DA:83,1
DA:85,3
DA:87,1
DA:93,1
DA:94,1
DA:102,1
DA:115,1
DA:116,1
DA:128,1
DA:129,1
LF:44
LH:28
BRDA:20,0,0,0
BRDA:20,0,1,0
BRDA:23,1,0,0
BRDA:23,1,1,0
BRDA:47,2,0,0
BRDA:47,2,1,0
BRDA:59,3,0,6
BRDA:59,3,1,0
BRDA:71,4,0,0
BRDA:71,4,1,5
BRDA:71,5,0,5
BRDA:71,5,1,1
BRDA:71,5,2,1
BRDA:75,6,0,1
BRDA:75,6,1,4
BRDA:82,7,0,1
BRDA:82,7,1,3
BRF:17
BRH:9
end_of_record
TN:
SF:engine/neo4j_validator.js
FN:4,(anonymous_0)
FNF:1
FNH:0
FNDA:0,(anonymous_0)
DA:5,0
DA:7,0
DA:8,0
DA:13,0
DA:14,0
DA:15,0
DA:16,0
DA:18,0
DA:19,0
DA:21,0
LF:10
LH:0
BRDA:9,0,0,0
BRDA:9,0,1,0
BRDA:10,1,0,0
BRDA:10,1,1,0
BRF:4
BRH:0
end_of_record
TN:
SF:engine/planning_graph.js
FN:13,createPlanningGraph
FN:17,(anonymous_1)
FN:24,(anonymous_2)
FN:31,(anonymous_3)
FNF:4
FNH:4
FNDA:1,createPlanningGraph
FNDA:1,(anonymous_1)
FNDA:1,(anonymous_2)
FNDA:1,(anonymous_3)
DA:5,1
DA:14,1
DA:17,1
DA:18,1
DA:20,1
DA:21,1
DA:24,1
DA:25,1
DA:26,1
DA:27,1
DA:28,1
DA:31,1
DA:32,1
DA:33,1
DA:34,1
DA:35,1
DA:38,1
DA:39,1
DA:40,1
DA:43,1
DA:44,1
DA:45,1
DA:46,1
DA:49,1
LF:24
LH:24
BRF:0
BRH:0
end_of_record
TN:
SF:engine/research_graph.js
FN:10,(anonymous_0)
FN:10,(anonymous_1)
FN:11,(anonymous_2)
FN:11,(anonymous_3)
FN:12,(anonymous_4)
FN:12,(anonymous_5)
FN:13,(anonymous_6)
FN:13,(anonymous_7)
FN:14,(anonymous_8)
FN:14,(anonymous_9)
FN:15,(anonymous_10)
FN:15,(anonymous_11)
FN:19,getFirecrawlClient
FN:29,generateSearchQuery
FN:51,executeSearch
FN:58,(anonymous_15)
FN:63,synthesizeResults
FN:77,reflection_node
FN:104,shouldContinue
FN:108,generateReport
FNF:20
FNH:20
FNDA:2,(anonymous_0)
FNDA:3,(anonymous_1)
FNDA:2,(anonymous_2)
FNDA:3,(anonymous_3)
FNDA:3,(anonymous_4)
FNDA:3,(anonymous_5)
FNDA:3,(anonymous_6)
FNDA:3,(anonymous_7)
FNDA:3,(anonymous_8)
FNDA:3,(anonymous_9)
FNDA:3,(anonymous_10)
FNDA:3,(anonymous_11)
FNDA:3,getFirecrawlClient
FNDA:3,generateSearchQuery
FNDA:3,executeSearch
FNDA:3,(anonymous_15)
FNDA:3,synthesizeResults
FNDA:3,reflection_node
FNDA:3,shouldContinue
FNDA:2,generateReport
DA:9,1
DA:10,3
DA:11,3
DA:12,3
DA:13,3
DA:14,3
DA:15,3
DA:20,3
DA:21,1
DA:22,0
DA:24,1
DA:26,3
DA:30,3
DA:31,3
DA:34,3
DA:35,2
DA:36,2
DA:41,2
DA:42,2
DA:47,1
DA:48,1
DA:52,3
DA:53,3
DA:54,3
DA:55,3
DA:56,3
DA:57,3
DA:58,3
DA:60,3
DA:64,3
DA:65,3
DA:66,3
DA:67,3
DA:72,3
DA:74,3
DA:78,3
DA:79,3
DA:80,3
DA:82,3
DA:92,3
DA:93,2
DA:94,2
DA:96,1
DA:100,1
DA:105,3
DA:109,2
DA:110,2
DA:111,2
DA:114,1
DA:115,1
DA:116,1
DA:117,1
DA:118,1
DA:119,1
DA:121,1
DA:122,1
DA:123,1
DA:124,1
DA:126,1
DA:131,1
DA:132,1
LF:61
LH:60
BRDA:20,0,0,1
BRDA:20,0,1,2
BRDA:21,1,0,0
BRDA:21,1,1,1
BRDA:30,2,0,0
BRDA:30,3,0,0
BRDA:34,4,0,2
BRDA:34,4,1,1
BRDA:35,5,0,2
BRDA:35,5,1,2
BRDA:92,6,0,2
BRDA:92,6,1,1
BRDA:105,7,0,2
BRDA:105,7,1,1
BRF:14
BRH:11
end_of_record
TN:
SF:engine/server.js
FN:20,geminiHealthCheck
FN:32,(anonymous_1)
FN:49,(anonymous_2)
FN:51,(anonymous_3)
FN:60,(anonymous_4)
FN:62,(anonymous_5)
FN:75,(anonymous_6)
FN:105,(anonymous_7)
FN:123,(anonymous_8)
FN:125,(anonymous_9)
FN:130,(anonymous_10)
FN:133,(anonymous_11)
FN:138,(anonymous_12)
FN:139,(anonymous_13)
FN:143,(anonymous_14)
FN:153,(anonymous_15)
FNF:16
FNH:14
FNDA:0,geminiHealthCheck
FNDA:3,(anonymous_1)
FNDA:3,(anonymous_2)
FNDA:3,(anonymous_3)
FNDA:3,(anonymous_4)
FNDA:1,(anonymous_5)
FNDA:1,(anonymous_6)
FNDA:2,(anonymous_7)
FNDA:2,(anonymous_8)
FNDA:2,(anonymous_9)
FNDA:2,(anonymous_10)
FNDA:1,(anonymous_11)
FNDA:3,(anonymous_12)
FNDA:3,(anonymous_13)
FNDA:2,(anonymous_14)
FNDA:0,(anonymous_15)
DA:18,2
DA:21,0
DA:22,0
DA:23,0
DA:25,0
DA:29,2
DA:33,3
DA:34,3
DA:35,3
DA:37,3
DA:38,3
DA:39,3
DA:40,3
DA:42,3
DA:43,3
DA:45,3
DA:46,3
DA:50,3
DA:51,3
DA:52,3
DA:56,3
DA:61,3
DA:62,3
DA:63,1
DA:64,1
DA:65,1
DA:66,1
DA:67,1
DA:69,0
DA:70,0
DA:76,1
DA:78,1
DA:79,1
DA:80,0
DA:82,1
DA:85,1
DA:86,1
DA:87,0
DA:89,1
DA:90,1
DA:91,1
DA:95,0
DA:96,0
DA:97,0
DA:99,0
DA:102,0
DA:106,2
DA:108,2
DA:109,2
DA:112,2
DA:113,2
DA:115,2
DA:116,2
DA:117,1
DA:118,1
DA:124,2
DA:125,2
DA:126,2
DA:127,2
DA:128,2
DA:130,2
DA:134,1
DA:135,1
DA:139,3
DA:140,3
DA:141,2
DA:143,3
DA:144,2
DA:145,2
DA:151,2
DA:152,0
DA:153,0
DA:154,0
DA:155,0
DA:157,0
DA:158,0
LF:76
LH:57
BRDA:32,0,0,3
BRDA:32,1,0,3
BRDA:79,2,0,0
BRDA:79,2,1,1
BRDA:86,3,0,0
BRDA:86,3,1,1
BRDA:90,4,0,1
BRDA:90,4,1,0
BRDA:96,5,0,0
BRDA:96,5,1,0
BRDA:108,6,0,2
BRDA:108,6,1,0
BRDA:108,7,0,2
BRDA:108,7,1,2
BRDA:108,7,2,2
BRDA:116,8,0,1
BRDA:116,8,1,1
BRDA:124,9,0,2
BRDA:124,9,1,2
BRDA:140,10,0,2
BRDA:140,10,1,1
BRDA:151,11,0,0
BRDA:151,11,1,2
BRDA:154,12,0,0
BRDA:154,12,1,0
BRF:25
BRH:16
end_of_record
TN:
SF:engine/state_manager.js
FN:5,getState
FN:9,updateState
FN:13,initializeProject
FN:18,updateStatus
FN:23,transitionToState
FN:32,updateTaskStatus
FN:34,(anonymous_6)
FNF:7
FNH:7
FNDA:3,getState
FNDA:1,updateState
FNDA:1,initializeProject
FNDA:3,updateStatus
FNDA:2,transitionToState
FNDA:2,updateTaskStatus
FNDA:3,(anonymous_6)
DA:6,3
DA:10,1
DA:14,1
DA:15,1
DA:19,3
DA:20,3
DA:24,2
DA:25,2
DA:26,1
DA:28,1
DA:33,2
DA:34,3
DA:36,2
DA:37,1
DA:38,1
DA:40,1
DA:58,1
LF:17
LH:17
BRDA:25,0,0,1
BRDA:25,0,1,1
BRDA:36,1,0,1
BRDA:36,1,1,1
BRDA:36,2,0,2
BRDA:36,2,1,1
BRF:6
BRH:6
end_of_record
TN:
SF:engine/tool_executor.js
FN:23,getCorePath
FN:32,getManifest
FN:41,_resetManifestCache
FN:45,createExecutor
FN:58,(anonymous_4)
FN:67,execute
FN:76,(anonymous_6)
FNF:7
FNH:5
FNDA:3,getCorePath
FNDA:0,getManifest
FNDA:3,_resetManifestCache
FNDA:4,createExecutor
FNDA:0,(anonymous_4)
FNDA:3,execute
FNDA:3,(anonymous_6)
DA:24,3
DA:25,3
DA:27,0
DA:30,3
DA:33,0
DA:34,0
DA:35,0
DA:36,0
DA:37,0
DA:38,0
DA:42,3
DA:46,4
DA:59,0
DA:60,0
DA:62,0
DA:67,4
DA:68,3
DA:69,3
DA:70,3
DA:71,3
DA:72,3
DA:73,3
DA:75,3
DA:76,3
DA:77,3
DA:78,1
DA:84,2
DA:85,1
DA:87,1
DA:88,0
DA:91,1
DA:93,1
DA:100,1
DA:101,1
DA:104,2
DA:105,2
DA:112,2
LF:37
LH:26
BRDA:24,0,0,3
BRDA:24,0,1,0
BRDA:24,1,0,3
BRDA:24,1,1,3
BRDA:33,2,0,0
BRDA:33,2,1,0
BRDA:59,3,0,0
BRDA:59,3,1,0
BRDA:59,4,0,0
BRDA:59,4,1,0
BRDA:75,5,0,3
BRDA:75,5,1,0
BRDA:77,6,0,1
BRDA:77,6,1,2
BRDA:87,7,0,0
BRDA:87,7,1,1
BRDA:87,8,0,1
BRDA:87,8,1,1
BRDA:100,9,0,0
BRDA:100,9,1,1
BRF:20
BRH:10
end_of_record
TN:
SF:engine/verification_system.js
FN:8,extractKeyTerms
FN:19,verifyCodebaseContains
FN:42,verifyMilestone
FNF:3
FNH:3
FNDA:2,extractKeyTerms
FNDA:2,verifyCodebaseContains
FNDA:1,verifyMilestone
DA:9,2
DA:16,2
DA:20,2
DA:21,2
DA:22,2
DA:24,2
DA:25,3
DA:26,3
DA:27,4
DA:28,4
DA:29,3
DA:30,3
DA:31,3
DA:32,3
DA:35,3
DA:36,0
DA:39,2
DA:43,1
DA:44,1
DA:45,1
DA:46,1
DA:48,1
DA:49,0
DA:52,1
DA:53,1
DA:55,1
DA:59,1
DA:61,1
DA:65,1
DA:67,1
DA:68,1
DA:70,1
DA:79,0
LF:33
LH:30
BRDA:28,0,0,3
BRDA:28,0,1,1
BRDA:35,1,0,0
BRDA:35,1,1,3
BRDA:48,2,0,0
BRDA:48,2,1,1
BRDA:48,3,0,1
BRDA:48,3,1,1
BRDA:67,4,0,1
BRDA:67,4,1,1
BRDA:68,5,0,1
BRDA:68,5,1,0
BRF:12
BRH:9
end_of_record
TN:
SF:scripts/test-neo4j.js
FN:3,testNeo4j
FNF:1
FNH:1
FNDA:2,testNeo4j
DA:4,2
DA:5,2
DA:6,2
DA:7,2
DA:9,2
DA:10,1
DA:11,1
DA:13,1
DA:14,1
DA:17,0
DA:18,0
LF:11
LH:9
BRDA:9,0,0,1
BRDA:9,0,1,1
BRF:2
BRH:2
end_of_record
TN:
SF:services/code_intelligence_service.js
FN:7,(anonymous_0)
FN:12,(anonymous_1)
FN:26,(anonymous_2)
FN:52,(anonymous_3)
FNF:4
FNH:4
FNDA:14,(anonymous_0)
FNDA:10,(anonymous_1)
FNDA:8,(anonymous_2)
FNDA:1,(anonymous_3)
DA:8,14
DA:9,14
DA:13,10
DA:14,10
DA:15,0
DA:16,0
DA:18,10
DA:19,2
DA:27,8
DA:28,0
DA:30,8
DA:31,8
DA:32,8
DA:33,3
DA:34,5
DA:35,3
DA:36,3
DA:40,2
DA:41,2
DA:42,1
DA:44,1
DA:45,1
DA:46,1
DA:48,0
DA:53,1
DA:56,0
LF:26
LH:21
BRDA:14,0,0,0
BRDA:14,0,1,10
BRDA:18,1,0,2
BRDA:18,1,1,8
BRDA:18,2,0,10
BRDA:18,2,1,4
BRDA:18,2,2,2
BRDA:27,3,0,0
BRDA:27,3,1,8
BRDA:30,4,0,8
BRDA:30,4,1,0
BRDA:32,5,0,3
BRDA:32,5,1,5
BRDA:32,6,0,8
BRDA:32,6,1,6
BRDA:34,7,0,3
BRDA:34,7,1,2
BRDA:44,8,0,1
BRDA:44,8,1,0
BRDA:53,9,0,1
BRDA:53,9,1,0
BRF:21
BRH:16
end_of_record
TN:
SF:services/core_backup.js
FN:10,(anonymous_0)
FN:14,(anonymous_1)
FN:26,(anonymous_2)
FN:28,(anonymous_3)
FN:39,(anonymous_4)
FN:40,(anonymous_5)
FN:47,(anonymous_6)
FNF:7
FNH:7
FNDA:17,(anonymous_0)
FNDA:3,(anonymous_1)
FNDA:4,(anonymous_2)
FNDA:36,(anonymous_3)
FNDA:2,(anonymous_4)
FNDA:2,(anonymous_5)
FNDA:5,(anonymous_6)
DA:6,6
DA:7,6
DA:11,17
DA:15,3
DA:16,3
DA:17,2
DA:18,2
DA:19,2
DA:20,2
DA:21,2
DA:22,2
DA:23,2
DA:27,4
DA:28,36
DA:29,4
DA:31,2
DA:33,2
DA:34,2
DA:35,6
DA:40,2
DA:41,2
DA:42,1
DA:43,1
DA:44,1
DA:48,5
DA:49,5
DA:50,1
DA:53,3
DA:54,3
DA:56,1
DA:59,2
DA:60,2
DA:61,1
DA:63,1
DA:69,1
DA:77,6
LF:36
LH:36
BRDA:16,0,0,1
BRDA:16,0,1,2
BRDA:29,1,0,2
BRDA:29,1,1,2
BRDA:41,2,0,1
BRDA:41,2,1,1
BRDA:49,3,0,1
BRDA:49,3,1,3
BRDA:54,4,0,1
BRDA:54,4,1,2
BRF:10
BRH:10
end_of_record
TN:
SF:services/model_monitoring.js
FN:6,appendLog
FN:12,trackTaskSuccess
FN:16,trackToolUsage
FNF:3
FNH:2
FNDA:3,appendLog
FNDA:0,trackTaskSuccess
FNDA:3,trackToolUsage
DA:4,3
DA:7,3
DA:8,3
DA:9,3
DA:13,0
DA:17,3
LF:6
LH:5
BRF:0
BRH:0
end_of_record
TN:
SF:src/bootstrap/system_validator.js
FN:11,(anonymous_0)
FN:15,(anonymous_1)
FN:22,(anonymous_2)
FN:31,(anonymous_3)
FN:39,(anonymous_4)
FNF:5
FNH:0
FNDA:0,(anonymous_0)
FNDA:0,(anonymous_1)
FNDA:0,(anonymous_2)
FNDA:0,(anonymous_3)
FNDA:0,(anonymous_4)
DA:12,0
DA:16,0
DA:17,0
DA:22,0
DA:23,0
DA:24,0
DA:26,0
DA:28,0
DA:32,0
DA:33,0
DA:34,0
DA:36,0
DA:40,0
DA:41,0
DA:42,0
DA:43,0
DA:45,0
DA:46,0
DA:47,0
DA:49,0
DA:50,0
DA:51,0
DA:53,0
LF:23
LH:0
BRDA:23,0,0,0
BRDA:23,0,1,0
BRDA:33,1,0,0
BRDA:33,1,1,0
BRDA:42,2,0,0
BRDA:42,2,1,0
BRDA:46,3,0,0
BRDA:46,3,1,0
BRF:8
BRH:0
end_of_record
TN:
SF:src/infrastructure/state/GraphStateManager.js
FN:7,(anonymous_0)
FN:13,(anonymous_1)
FN:30,(anonymous_2)
FN:40,(anonymous_3)
FN:46,(anonymous_4)
FNF:5
FNH:1
FNDA:3,(anonymous_0)
FNDA:0,(anonymous_1)
FNDA:0,(anonymous_2)
FNDA:0,(anonymous_3)
FNDA:0,(anonymous_4)
DA:8,3
DA:9,3
DA:10,3
DA:15,0
DA:16,0
DA:17,0
DA:21,0
DA:23,0
DA:25,0
DA:26,0
DA:32,0
DA:42,0
DA:43,0
DA:47,0
LF:14
LH:3
BRDA:15,0,0,0
BRDA:15,0,1,0
BRDA:25,1,0,0
BRDA:25,1,1,0
BRDA:30,2,0,0
BRF:5
BRH:0
end_of_record
TN:
SF:tools/archon_tool.js
FN:10,healthCheck
FN:22,query
FNF:2
FNH:2
FNDA:3,healthCheck
FNDA:2,query
DA:4,3
DA:11,3
DA:12,3
DA:13,1
DA:14,1
DA:16,0
DA:18,2
DA:23,2
DA:25,2
DA:26,1
DA:27,1
DA:28,1
DA:29,1
DA:31,0
DA:32,0
DA:35,1
DA:36,1
LF:17
LH:14
BRDA:13,0,0,1
BRDA:13,0,1,0
BRDA:13,1,0,1
BRDA:13,1,1,1
BRDA:25,2,0,1
BRDA:25,2,1,1
BRF:6
BRH:5
end_of_record
TN:
SF:tools/business_verification.js
FN:7,generate_financial_projections
FN:29,perform_business_valuation
FNF:2
FNH:2
FNDA:1,generate_financial_projections
FNDA:1,perform_business_valuation
DA:8,1
DA:26,1
DA:30,1
DA:44,1
LF:4
LH:4
BRF:0
BRH:0
end_of_record
TN:
SF:tools/code_intelligence.js
FN:8,findUsages
FN:12,(anonymous_1)
FN:16,getModuleDependencies
FN:20,calculateCKMetrics
FN:28,get_full_codebase_context
FN:44,(anonymous_5)
FN:49,(anonymous_6)
FN:70,validate_tech_stack
FNF:8
FNH:8
FNDA:1,findUsages
FNDA:1,(anonymous_1)
FNDA:1,getModuleDependencies
FNDA:1,calculateCKMetrics
FNDA:3,get_full_codebase_context
FNDA:2,(anonymous_5)
FNDA:1,(anonymous_6)
FNDA:1,validate_tech_stack
DA:2,12
DA:9,1
DA:12,12
DA:13,1
DA:17,1
DA:21,1
DA:29,3
DA:37,3
DA:38,3
DA:39,2
DA:40,1
DA:43,1
DA:44,1
DA:45,2
DA:46,2
DA:47,2
DA:48,2
DA:49,1
DA:50,1
DA:53,1
DA:56,1
DA:58,1
DA:59,1
DA:71,1
DA:72,1
DA:87,1
LF:26
LH:26
BRDA:39,0,0,1
BRDA:39,0,1,1
BRDA:48,1,0,1
BRDA:48,1,1,1
BRDA:48,2,0,2
BRDA:48,2,1,2
BRF:6
BRH:6
end_of_record
TN:
SF:tools/core_tools.js
FN:14,backup
FN:27,validate
FN:44,applyPatch
FN:62,restore
FN:70,createSystemControlTools
FN:72,(anonymous_5)
FN:77,(anonymous_6)
FN:81,(anonymous_7)
FN:85,(anonymous_8)
FNF:9
FNH:9
FNDA:2,backup
FNDA:2,validate
FNDA:2,applyPatch
FNDA:2,restore
FNDA:8,createSystemControlTools
FNDA:1,(anonymous_5)
FNDA:1,(anonymous_6)
FNDA:1,(anonymous_7)
FNDA:1,(anonymous_8)
DA:15,2
DA:16,2
DA:17,2
DA:18,1
DA:20,1
DA:28,2
DA:29,2
DA:30,2
DA:31,1
DA:33,1
DA:45,2
DA:46,2
DA:47,2
DA:50,2
DA:51,1
DA:54,1
DA:55,1
DA:63,2
DA:64,1
DA:66,1
DA:71,8
DA:73,1
DA:74,1
DA:75,1
DA:78,1
DA:79,1
DA:82,1
DA:83,1
DA:86,1
DA:87,1
LF:30
LH:30
BRDA:17,0,0,1
BRDA:17,0,1,1
BRDA:30,1,0,1
BRDA:30,1,1,1
BRDA:50,2,0,1
BRDA:50,2,1,1
BRDA:63,3,0,1
BRDA:63,3,1,1
BRF:8
BRH:8
end_of_record
TN:
SF:tools/file_system.js
FN:19,resolvePath
FN:54,readFile
FN:59,writeFile
FN:66,listFiles
FN:71,appendFile
FNF:5
FNH:3
FNDA:6,resolvePath
FNDA:2,readFile
FNDA:0,writeFile
FNDA:0,listFiles
FNDA:4,appendFile
DA:6,4
DA:20,6
DA:21,0
DA:24,6
DA:25,6
DA:28,6
DA:29,0
DA:33,6
DA:34,6
DA:35,0
DA:39,6
DA:40,0
DA:41,0
DA:42,0
DA:43,0
DA:44,0
DA:51,6
DA:55,2
DA:56,2
DA:60,0
DA:61,0
DA:62,0
DA:63,0
DA:67,0
DA:68,0
DA:72,4
DA:73,4
DA:75,4
DA:76,4
LF:29
LH:15
BRDA:6,0,0,4
BRDA:6,0,1,4
BRDA:20,1,0,0
BRDA:20,1,1,6
BRDA:20,2,0,6
BRDA:20,2,1,6
BRDA:28,3,0,0
BRDA:28,3,1,6
BRDA:28,4,0,6
BRDA:28,4,1,6
BRDA:33,5,0,6
BRDA:33,5,1,0
BRDA:34,6,0,0
BRDA:34,6,1,6
BRDA:39,7,0,0
BRDA:39,7,1,6
BRDA:43,8,0,0
BRDA:43,8,1,0
BRF:18
BRH:11
end_of_record
TN:
SF:tools/guardian_tool.js
FN:6,(anonymous_0)
FN:16,(anonymous_1)
FNF:2
FNH:2
FNDA:6,(anonymous_0)
FNDA:2,(anonymous_1)
DA:6,6
DA:17,2
DA:18,1
DA:23,1
DA:26,1
DA:53,1
DA:54,1
DA:55,1
DA:58,0
DA:59,0
LF:10
LH:8
BRDA:17,0,0,1
BRDA:17,0,1,1
BRDA:17,1,0,2
BRDA:17,1,1,2
BRDA:17,1,2,1
BRDA:53,2,0,1
BRDA:53,2,1,0
BRDA:53,3,0,1
BRDA:53,3,1,1
BRF:9
BRH:8
end_of_record
TN:
SF:tools/qa_tools.js
FN:9,verify_requirements
FN:18,verify_architecture
FN:27,run_tests_and_check_coverage
FNF:3
FNH:3
FNDA:1,verify_requirements
FNDA:1,verify_architecture
FNDA:4,run_tests_and_check_coverage
DA:7,4
DA:10,1
DA:15,1
DA:19,1
DA:24,1
DA:28,4
DA:29,4
DA:30,3
DA:31,3
DA:32,3
DA:33,3
DA:34,1
DA:36,2
DA:38,1
LF:14
LH:14
BRDA:27,0,0,4
BRDA:27,1,0,2
BRDA:32,2,0,2
BRDA:32,2,1,1
BRDA:33,3,0,1
BRDA:33,3,1,2
BRF:6
BRH:6
end_of_record
TN:
SF:tools/research.js
FN:16,healthCheck
FN:25,getResearchPrompt
FN:39,getFirecrawlClient
FN:49,deep_dive
FN:58,(anonymous_4)
FN:78,(anonymous_5)
FN:124,(anonymous_6)
FN:142,(anonymous_7)
FN:169,analyze_user_feedback
FN:197,_resetCache
FNF:10
FNH:10
FNDA:3,healthCheck
FNDA:3,getResearchPrompt
FNDA:2,getFirecrawlClient
FNDA:3,deep_dive
FNDA:1,(anonymous_4)
FNDA:1,(anonymous_5)
FNDA:1,(anonymous_6)
FNDA:1,(anonymous_7)
FNDA:1,analyze_user_feedback
FNDA:4,_resetCache
DA:12,6
DA:17,3
DA:18,3
DA:19,1
DA:21,2
DA:26,3
DA:27,3
DA:28,3
DA:29,3
DA:30,0
DA:32,3
DA:33,3
DA:35,3
DA:36,3
DA:40,2
DA:41,2
DA:42,0
DA:44,2
DA:46,1
DA:50,3
DA:52,3
DA:53,1
DA:54,1
DA:55,1
DA:57,1
DA:58,1
DA:61,1
DA:78,1
DA:80,1
DA:86,0
DA:95,2
DA:98,2
DA:99,2
DA:100,1
DA:116,1
DA:117,1
DA:119,1
DA:123,1
DA:124,1
DA:127,1
DA:142,1
DA:144,1
DA:150,1
DA:154,1
DA:170,1
DA:171,1
DA:194,1
DA:198,4
LF:48
LH:45
BRDA:19,0,0,1
BRDA:19,0,1,1
BRDA:29,1,0,0
BRDA:29,1,1,3
BRDA:40,2,0,2
BRDA:40,2,1,0
BRDA:41,3,0,0
BRDA:41,3,1,2
BRDA:49,4,0,3
BRDA:52,5,0,1
BRDA:52,5,1,2
BRDA:58,6,0,1
BRDA:58,6,1,1
BRDA:108,7,0,1
BRDA:108,7,1,1
BRF:15
BRH:12
end_of_record
TN:
SF:tools/shell.js
FN:5,execute
FN:7,(anonymous_1)
FNF:2
FNH:2
FNDA:5,execute
FNDA:6,(anonymous_1)
DA:4,4
DA:6,5
DA:7,4
DA:8,6
DA:10,4
DA:11,1
DA:14,3
DA:15,3
DA:16,2
DA:18,1
LF:10
LH:10
BRDA:6,0,0,1
BRDA:6,0,1,4
BRDA:7,1,0,4
BRDA:7,1,1,0
BRDA:10,2,0,1
BRDA:10,2,1,3
BRF:6
BRH:5
end_of_record
TN:
SF:tools/swarm_intelligence_tools.js
FN:4,get_failure_patterns
FN:9,(anonymous_1)
FN:11,(anonymous_2)
FN:12,(anonymous_3)
FN:16,(anonymous_4)
FN:25,getBestAgentForTask
FNF:6
FNH:5
FNDA:3,get_failure_patterns
FNDA:6,(anonymous_1)
FNDA:6,(anonymous_2)
FNDA:8,(anonymous_3)
FNDA:4,(anonymous_4)
FNDA:0,getBestAgentForTask
DA:5,3
DA:6,3
DA:7,3
DA:8,3
DA:9,6
DA:10,2
DA:11,2
DA:12,8
DA:13,6
DA:15,2
DA:16,4
DA:17,2
DA:19,0
DA:20,0
DA:26,0
DA:27,0
LF:16
LH:12
BRDA:8,0,0,1
BRDA:8,0,1,2
BRDA:10,1,0,0
BRDA:10,1,1,2
BRDA:12,2,0,6
BRDA:12,2,1,0
BRDA:12,3,0,8
BRDA:12,3,1,6
BRDA:15,4,0,0
BRDA:15,4,1,2
BRDA:16,5,0,4
BRDA:16,5,1,0
BRDA:19,6,0,0
BRDA:19,6,1,0
BRF:14
BRH:8
end_of_record
TN:
SF:utils/errorHandler.js
FN:11,(anonymous_0)
FN:21,(anonymous_1)
FNF:2
FNH:2
FNDA:2,(anonymous_0)
FNDA:2,(anonymous_1)
DA:3,3
DA:12,2
DA:13,2
DA:14,2
DA:15,2
DA:16,2
DA:22,2
DA:23,1
DA:24,1
DA:25,1
DA:26,1
LF:11
LH:11
BRDA:11,0,0,2
BRDA:21,1,0,0
BRDA:22,2,0,1
BRDA:22,2,1,1
BRDA:24,3,0,0
BRDA:24,3,1,1
BRF:6
BRH:4
end_of_record
TN:
SF:utils/localization.js
FN:17,t
FN:22,localizeError
FNF:2
FNH:0
FNDA:0,t
FNDA:0,localizeError
DA:1,1
DA:18,0
DA:23,0
LF:3
LH:1
BRDA:17,0,0,0
BRDA:18,1,0,0
BRDA:18,1,1,0
BRDA:18,1,2,0
BRF:4
BRH:0
end_of_record
TN:
SF:utils/queryCache.js
FN:8,cachedQuery
FN:9,(anonymous_1)
FNF:2
FNH:1
FNDA:4,cachedQuery
FNDA:0,(anonymous_1)
DA:3,4
DA:9,4
DA:10,0
DA:11,0
DA:12,0
DA:14,0
DA:15,0
DA:16,0
LF:8
LH:2
BRDA:12,0,0,0
BRDA:12,0,1,0
BRF:2
BRH:0
end_of_record
TN:
SF:utils/sanitization.js
FN:29,sanitizeToolCall
FNF:1
FNH:1
FNDA:2,sanitizeToolCall
DA:5,3
DA:30,2
DA:31,2
DA:32,0
DA:35,2
DA:36,2
DA:37,2
DA:40,1
LF:8
LH:7
BRDA:31,0,0,0
BRDA:31,0,1,2
BRF:2
BRH:1
end_of_record
