TN:
SF:stigmergy.config.js
FNF:0
FNH:0
DA:3,5
LF:1
LH:1
BRF:0
BRH:0
end_of_record
TN:
SF:ai/providers.js
FN:4,getModel
FN:31,systemPrompt
FNF:2
FNH:1
FNDA:4,getModel
FNDA:0,systemPrompt
DA:5,4
DA:7,4
DA:8,2
DA:13,2
DA:17,2
DA:18,1
DA:21,2
DA:26,2
DA:28,2
DA:32,0
DA:33,0
LF:11
LH:9
BRDA:7,0,0,2
BRDA:7,0,1,2
BRDA:7,1,0,4
BRDA:7,1,1,3
BRDA:17,2,0,1
BRDA:17,2,1,1
BRDA:23,3,0,1
BRDA:23,3,1,1
BRF:8
BRH:8
end_of_record
TN:
SF:engine/context_enhancer.js
FN:3,extractSymbolsFromTask
FN:16,getContextForSymbols
FN:20,(anonymous_2)
FN:32,(anonymous_3)
FN:48,enhance
FNF:5
FNH:0
FNDA:0,extractSymbolsFromTask
FNDA:0,getContextForSymbols
FNDA:0,(anonymous_2)
FNDA:0,(anonymous_3)
FNDA:0,enhance
DA:4,0
DA:5,0
DA:7,0
DA:8,0
DA:9,0
DA:10,0
DA:13,0
DA:17,0
DA:18,0
DA:20,0
DA:21,0
DA:22,0
DA:23,0
DA:24,0
DA:25,0
DA:26,0
DA:28,0
DA:30,0
DA:31,0
DA:32,0
DA:33,0
DA:36,0
DA:38,0
DA:40,0
DA:41,0
DA:44,0
DA:45,0
DA:49,0
DA:50,0
DA:51,0
DA:52,0
DA:53,0
DA:54,0
DA:55,0
DA:56,0
DA:64,0
LF:36
LH:0
BRDA:8,0,0,0
BRDA:8,0,1,0
BRDA:8,0,2,0
BRDA:9,1,0,0
BRDA:9,1,1,0
BRDA:17,2,0,0
BRDA:17,2,1,0
BRDA:25,3,0,0
BRDA:25,3,1,0
BRDA:25,4,0,0
BRDA:25,4,1,0
BRDA:26,5,0,0
BRDA:26,5,1,0
BRDA:30,6,0,0
BRDA:30,6,1,0
BRDA:30,7,0,0
BRDA:30,7,1,0
BRDA:51,8,0,0
BRDA:51,8,1,0
BRF:19
BRH:0
end_of_record
TN:
SF:engine/dashboard.js
FN:7,(anonymous_0)
FN:14,(anonymous_1)
FNF:2
FNH:2
FNDA:1,(anonymous_0)
FNDA:2,(anonymous_1)
DA:5,1
DA:7,1
DA:8,1
DA:9,1
DA:11,1
DA:12,1
DA:13,1
DA:14,2
DA:17,1
DA:26,0
DA:30,1
LF:11
LH:10
BRDA:11,0,0,1
BRDA:11,0,1,0
BRDA:14,1,0,2
BRDA:14,1,1,1
BRDA:22,2,0,1
BRDA:22,2,1,0
BRF:6
BRH:4
end_of_record
TN:
SF:engine/llm_adapter.js
FN:18,getCachedFile
FN:30,getSharedContext
FN:53,getCompletion
FN:110,getSystemPrompt
FN:123,clearFileCache
FNF:5
FNH:0
FNDA:0,getCachedFile
FNDA:0,getSharedContext
FNDA:0,getCompletion
FNDA:0,getSystemPrompt
FNDA:0,clearFileCache
DA:9,2
DA:16,2
DA:19,0
DA:20,0
DA:22,0
DA:23,0
DA:24,0
DA:25,0
DA:27,0
DA:31,0
DA:42,0
DA:43,0
DA:44,0
DA:45,0
DA:46,0
DA:47,0
DA:50,0
DA:54,0
DA:55,0
DA:58,0
DA:59,0
DA:60,0
DA:62,0
DA:64,0
DA:65,0
DA:66,0
DA:67,0
DA:70,0
DA:71,0
DA:72,0
DA:73,0
DA:74,0
DA:75,0
DA:79,0
DA:80,0
DA:81,0
DA:84,0
DA:88,0
DA:90,0
DA:91,0
DA:93,0
DA:94,0
DA:95,0
DA:98,0
DA:99,0
DA:100,0
DA:103,0
DA:105,0
DA:106,0
DA:111,0
DA:124,0
DA:125,0
LF:52
LH:2
BRDA:19,0,0,0
BRDA:19,0,1,0
BRDA:22,1,0,0
BRDA:22,1,1,0
BRDA:46,2,0,0
BRDA:46,2,1,0
BRDA:54,3,0,0
BRDA:54,3,1,0
BRDA:66,4,0,0
BRDA:66,4,1,0
BRDA:71,5,0,0
BRDA:71,5,1,0
BRDA:73,6,0,0
BRDA:73,6,1,0
BRDA:79,7,0,0
BRDA:79,7,1,0
BRDA:94,8,0,0
BRDA:94,8,1,0
BRDA:94,9,0,0
BRDA:94,9,1,0
BRDA:94,9,2,0
BRDA:98,10,0,0
BRDA:98,10,1,0
BRF:23
BRH:0
end_of_record
TN:
SF:engine/server.js
FN:23,(anonymous_0)
FN:32,(anonymous_1)
FN:33,(anonymous_2)
FN:43,(anonymous_3)
FN:59,(anonymous_4)
FN:73,(anonymous_5)
FN:131,(anonymous_6)
FN:144,(anonymous_7)
FN:168,(anonymous_8)
FN:172,(anonymous_9)
FN:188,(anonymous_10)
FN:198,(anonymous_11)
FN:205,(anonymous_12)
FN:213,main
FN:248,(anonymous_14)
FNF:15
FNH:5
FNDA:7,(anonymous_0)
FNDA:7,(anonymous_1)
FNDA:1,(anonymous_2)
FNDA:1,(anonymous_3)
FNDA:4,(anonymous_4)
FNDA:0,(anonymous_5)
FNDA:0,(anonymous_6)
FNDA:0,(anonymous_7)
FNDA:0,(anonymous_8)
FNDA:0,(anonymous_9)
FNDA:0,(anonymous_10)
FNDA:0,(anonymous_11)
FNDA:0,(anonymous_12)
FNDA:0,main
FNDA:0,(anonymous_14)
DA:18,1
DA:19,1
DA:20,1
DA:24,7
DA:25,7
DA:26,7
DA:27,7
DA:28,7
DA:29,7
DA:33,7
DA:34,1
DA:35,1
DA:43,7
DA:44,1
DA:45,1
DA:54,1
DA:57,7
DA:59,7
DA:60,4
DA:61,4
DA:62,0
DA:64,4
DA:65,4
DA:66,0
DA:68,4
DA:74,0
DA:75,0
DA:76,0
DA:78,0
DA:93,0
DA:104,0
DA:105,0
DA:132,0
DA:134,0
DA:135,0
DA:138,0
DA:139,0
DA:141,0
DA:145,0
DA:146,0
DA:148,0
DA:154,0
DA:155,0
DA:156,0
DA:157,0
DA:158,0
DA:160,0
DA:169,0
DA:173,0
DA:174,0
DA:178,0
DA:179,0
DA:181,0
DA:182,0
DA:183,0
DA:184,0
DA:186,0
DA:188,0
DA:191,0
DA:192,0
DA:194,0
DA:199,0
DA:200,0
DA:201,0
DA:202,0
DA:206,0
DA:207,0
DA:208,0
DA:209,0
DA:214,0
DA:215,0
DA:218,0
DA:221,0
DA:223,0
DA:224,0
DA:225,0
DA:229,0
DA:230,0
DA:231,0
DA:234,0
DA:235,0
DA:236,0
DA:237,0
DA:239,0
DA:240,0
DA:243,0
DA:244,0
DA:246,0
DA:248,0
DA:249,0
DA:250,0
DA:251,0
DA:252,0
DA:258,1
DA:259,0
LF:95
LH:24
BRDA:37,0,0,0
BRDA:37,0,1,1
BRDA:50,1,0,1
BRDA:50,1,1,0
BRDA:54,2,0,1
BRDA:54,2,1,0
BRDA:61,3,0,0
BRDA:61,3,1,4
BRDA:61,4,0,4
BRDA:61,4,1,4
BRDA:75,5,0,0
BRDA:75,5,1,0
BRDA:76,6,0,0
BRDA:76,6,1,0
BRDA:83,7,0,0
BRDA:83,7,1,0
BRDA:86,8,0,0
BRDA:86,8,1,0
BRDA:90,9,0,0
BRDA:90,9,1,0
BRDA:98,10,0,0
BRDA:98,10,1,0
BRDA:104,11,0,0
BRDA:104,11,1,0
BRDA:131,12,0,0
BRDA:134,13,0,0
BRDA:134,13,1,0
BRDA:134,14,0,0
BRDA:134,14,1,0
BRDA:138,15,0,0
BRDA:138,15,1,0
BRDA:154,16,0,0
BRDA:154,16,1,0
BRDA:184,17,0,0
BRDA:184,17,1,0
BRDA:199,18,0,0
BRDA:199,18,1,0
BRDA:206,19,0,0
BRDA:206,19,1,0
BRDA:208,20,0,0
BRDA:208,20,1,0
BRDA:224,21,0,0
BRDA:224,21,1,0
BRDA:230,22,0,0
BRDA:230,22,1,0
BRDA:246,23,0,0
BRDA:246,23,1,0
BRDA:251,24,0,0
BRDA:251,24,1,0
BRDA:258,25,0,0
BRDA:258,25,1,1
BRF:51
BRH:7
end_of_record
TN:
SF:engine/state_manager.js
FN:12,initDB
FN:29,_getState
FN:49,_updateState
FN:57,getState
FN:62,updateState
FN:67,initializeProject
FN:91,updateStatus
FN:114,pauseProject
FN:122,resumeProject
FN:130,updateTaskStatus
FN:133,(anonymous_10)
FNF:11
FNH:9
FNDA:9,initDB
FNDA:7,_getState
FNDA:2,_updateState
FNDA:2,getState
FNDA:1,updateState
FNDA:1,initializeProject
FNDA:2,updateStatus
FNDA:1,pauseProject
FNDA:2,resumeProject
FNDA:0,updateTaskStatus
FNDA:0,(anonymous_10)
DA:8,3
DA:13,9
DA:14,0
DA:16,9
DA:20,9
DA:26,9
DA:30,7
DA:31,7
DA:32,0
DA:33,0
DA:35,0
DA:36,0
DA:39,7
DA:40,7
DA:41,6
DA:42,6
DA:43,0
DA:44,0
DA:46,1
DA:50,2
DA:58,2
DA:59,2
DA:63,1
DA:64,1
DA:68,1
DA:69,1
DA:72,1
DA:73,1
DA:88,1
DA:92,2
DA:93,2
DA:95,0
DA:96,0
DA:99,0
DA:107,0
DA:108,0
DA:111,0
DA:115,1
DA:116,1
DA:117,0
DA:118,0
DA:119,0
DA:123,2
DA:124,2
DA:125,0
DA:126,0
DA:127,0
DA:131,0
DA:132,0
DA:133,0
DA:134,0
DA:135,0
DA:136,0
DA:143,0
LF:54
LH:28
BRDA:8,0,0,3
BRDA:8,0,1,0
BRDA:13,1,0,0
BRDA:13,1,1,9
BRDA:31,2,0,0
BRDA:31,2,1,7
BRDA:40,3,0,6
BRDA:40,3,1,1
BRDA:91,4,0,1
BRDA:95,5,0,0
BRDA:95,5,1,0
BRDA:104,6,0,0
BRDA:104,6,1,0
BRDA:107,7,0,0
BRDA:107,7,1,0
BRDA:107,8,0,0
BRDA:107,8,1,0
BRDA:125,9,0,0
BRDA:125,9,1,0
BRDA:134,10,0,0
BRDA:134,10,1,0
BRDA:134,11,0,0
BRDA:134,11,1,0
BRF:23
BRH:6
end_of_record
TN:
SF:engine/tool_executor.js
FN:25,getManifest
FN:40,(anonymous_1)
FN:46,createExecutor
FN:48,(anonymous_3)
FN:86,(anonymous_4)
FN:105,execute
FN:108,(anonymous_6)
FN:113,(anonymous_7)
FN:165,_resetManifestCache
FNF:9
FNH:7
FNDA:10,getManifest
FNDA:1,(anonymous_1)
FNDA:13,createExecutor
FNDA:0,(anonymous_3)
FNDA:0,(anonymous_4)
FNDA:10,execute
FNDA:10,(anonymous_6)
FNDA:10,(anonymous_7)
FNDA:6,_resetManifestCache
DA:15,2
DA:17,2
DA:23,2
DA:26,10
DA:27,3
DA:29,7
DA:31,7
DA:32,7
DA:33,0
DA:35,7
DA:36,7
DA:41,1
DA:42,1
DA:47,13
DA:49,0
DA:51,0
DA:52,0
DA:53,0
DA:54,0
DA:55,0
DA:58,0
DA:61,0
DA:62,0
DA:66,0
DA:67,0
DA:70,0
DA:73,0
DA:80,0
DA:85,13
DA:87,0
DA:88,0
DA:89,0
DA:90,0
DA:94,13
DA:105,13
DA:106,10
DA:107,10
DA:108,10
DA:109,10
DA:110,0
DA:113,10
DA:114,10
DA:116,10
DA:117,1
DA:121,9
DA:122,9
DA:124,5
DA:131,4
DA:132,4
DA:133,1
DA:136,3
DA:137,3
DA:138,3
DA:140,3
DA:142,2
DA:143,0
DA:145,2
DA:147,8
DA:149,8
DA:150,8
DA:152,8
DA:153,5
DA:156,3
DA:166,6
DA:167,6
LF:65
LH:44
BRDA:26,0,0,3
BRDA:26,0,1,7
BRDA:32,1,0,0
BRDA:32,1,1,7
BRDA:51,2,0,0
BRDA:51,2,1,0
BRDA:58,3,0,0
BRDA:58,3,1,0
BRDA:58,3,2,0
BRDA:58,3,3,0
BRDA:58,3,4,0
BRDA:58,3,5,0
BRDA:58,3,6,0
BRDA:109,4,0,0
BRDA:109,4,1,10
BRDA:113,5,0,10
BRDA:113,5,1,0
BRDA:114,6,0,1
BRDA:114,6,1,9
BRDA:116,7,0,1
BRDA:116,7,1,9
BRDA:132,8,0,1
BRDA:132,8,1,3
BRDA:138,9,0,2
BRDA:138,9,1,1
BRDA:142,10,0,0
BRDA:142,10,1,2
BRDA:149,11,0,1
BRDA:149,11,1,7
BRDA:150,12,0,1
BRDA:150,12,1,7
BRDA:152,13,0,5
BRDA:152,13,1,3
BRDA:166,14,0,6
BRDA:166,14,1,0
BRF:35
BRH:21
end_of_record
TN:
SF:installer/precheck.js
FN:7,checkWindowsPermissions
FN:24,(anonymous_1)
FN:25,(anonymous_2)
FN:28,(anonymous_3)
FN:37,performCheck
FN:39,(anonymous_5)
FN:40,(anonymous_6)
FN:66,(anonymous_7)
FN:67,(anonymous_8)
FN:69,(anonymous_9)
FN:70,(anonymous_10)
FN:72,(anonymous_11)
FN:78,(anonymous_12)
FN:78,(anonymous_13)
FN:87,runPreChecks
FNF:15
FNH:1
FNDA:3,checkWindowsPermissions
FNDA:0,(anonymous_1)
FNDA:0,(anonymous_2)
FNDA:0,(anonymous_3)
FNDA:0,performCheck
FNDA:0,(anonymous_5)
FNDA:0,(anonymous_6)
FNDA:0,(anonymous_7)
FNDA:0,(anonymous_8)
FNDA:0,(anonymous_9)
FNDA:0,(anonymous_10)
FNDA:0,(anonymous_11)
FNDA:0,(anonymous_12)
FNDA:0,(anonymous_13)
FNDA:0,runPreChecks
DA:8,3
DA:9,2
DA:10,2
DA:11,1
DA:13,1
DA:20,1
DA:23,1
DA:24,0
DA:25,0
DA:28,0
DA:38,0
DA:39,0
DA:40,0
DA:41,0
DA:42,0
DA:43,0
DA:45,0
DA:46,0
DA:50,0
DA:51,0
DA:52,0
DA:53,0
DA:54,0
DA:56,0
DA:57,0
DA:59,0
DA:61,0
DA:64,0
DA:65,0
DA:67,0
DA:68,0
DA:69,0
DA:70,0
DA:72,0
DA:73,0
DA:78,0
DA:79,0
DA:80,0
DA:82,0
DA:84,0
DA:88,0
DA:89,0
DA:90,0
DA:91,0
DA:93,0
DA:96,0
LF:46
LH:7
BRDA:8,0,0,2
BRDA:8,0,1,1
BRDA:28,1,0,0
BRDA:38,2,0,0
BRDA:38,2,1,0
BRDA:41,3,0,0
BRDA:41,3,1,0
BRDA:50,4,0,0
BRDA:50,4,1,0
BRDA:53,5,0,0
BRDA:53,5,1,0
BRDA:56,6,0,0
BRDA:56,6,1,0
BRDA:56,7,0,0
BRDA:56,7,1,0
BRDA:56,7,2,0
BRDA:64,8,0,0
BRDA:64,8,1,0
BRDA:79,9,0,0
BRDA:79,9,1,0
BRF:20
BRH:2
end_of_record
TN:
SF:services/code_intelligence_service.js
FN:15,(anonymous_0)
FN:20,(anonymous_1)
FN:21,(anonymous_2)
FN:36,(anonymous_3)
FN:38,(anonymous_4)
FN:43,(anonymous_5)
FN:50,(anonymous_6)
FN:54,(anonymous_7)
FN:60,(anonymous_8)
FN:61,(anonymous_9)
FN:62,(anonymous_10)
FN:65,(anonymous_11)
FN:70,(anonymous_12)
FN:75,(anonymous_13)
FN:80,(anonymous_14)
FN:115,(anonymous_15)
FN:146,(anonymous_16)
FN:187,(anonymous_17)
FN:199,(anonymous_18)
FN:205,(anonymous_19)
FN:220,(anonymous_20)
FN:224,(anonymous_21)
FN:232,(anonymous_22)
FN:236,(anonymous_23)
FN:240,(anonymous_24)
FN:244,(anonymous_25)
FN:248,(anonymous_26)
FN:252,(anonymous_27)
FN:256,(anonymous_28)
FNF:29
FNH:4
FNDA:0,(anonymous_0)
FNDA:0,(anonymous_1)
FNDA:0,(anonymous_2)
FNDA:0,(anonymous_3)
FNDA:0,(anonymous_4)
FNDA:2,(anonymous_5)
FNDA:0,(anonymous_6)
FNDA:0,(anonymous_7)
FNDA:0,(anonymous_8)
FNDA:0,(anonymous_9)
FNDA:0,(anonymous_10)
FNDA:0,(anonymous_11)
FNDA:0,(anonymous_12)
FNDA:0,(anonymous_13)
FNDA:2,(anonymous_14)
FNDA:3,(anonymous_15)
FNDA:0,(anonymous_16)
FNDA:3,(anonymous_17)
FNDA:0,(anonymous_18)
FNDA:0,(anonymous_19)
FNDA:0,(anonymous_20)
FNDA:0,(anonymous_21)
FNDA:0,(anonymous_22)
FNDA:0,(anonymous_23)
FNDA:0,(anonymous_24)
FNDA:0,(anonymous_25)
FNDA:0,(anonymous_26)
FNDA:0,(anonymous_27)
FNDA:0,(anonymous_28)
DA:15,2
DA:16,0
DA:17,0
DA:19,0
DA:20,0
DA:22,0
DA:23,0
DA:24,0
DA:26,0
DA:28,0
DA:31,0
DA:34,0
DA:44,2
DA:45,2
DA:46,2
DA:47,2
DA:51,0
DA:53,0
DA:54,0
DA:59,0
DA:60,0
DA:61,0
DA:62,0
DA:66,0
DA:71,0
DA:76,0
DA:81,2
DA:83,2
DA:84,0
DA:85,0
DA:86,0
DA:87,0
DA:91,2
DA:93,2
DA:99,2
DA:105,0
DA:106,0
DA:110,0
DA:116,3
DA:117,0
DA:119,3
DA:120,3
DA:121,3
DA:124,2
DA:126,2
DA:127,0
DA:130,2
DA:131,2
DA:132,1
DA:138,1
DA:141,1
DA:142,1
DA:147,0
DA:148,0
DA:150,0
DA:153,0
DA:159,0
DA:160,0
DA:163,0
DA:164,0
DA:165,0
DA:166,0
DA:167,0
DA:170,0
DA:172,0
DA:174,0
DA:175,0
DA:180,0
DA:181,0
DA:182,0
DA:188,3
DA:189,3
DA:190,0
DA:191,0
DA:193,0
DA:196,3
DA:197,3
DA:198,3
DA:199,3
DA:201,3
DA:206,0
DA:207,0
DA:208,0
DA:209,0
DA:212,0
DA:213,0
DA:221,0
DA:225,0
LF:88
LH:29
BRDA:22,0,0,0
BRDA:22,0,1,0
BRDA:23,1,0,0
BRDA:23,1,1,0
BRDA:28,2,0,0
BRDA:28,2,1,0
BRDA:51,3,0,0
BRDA:51,3,1,0
BRDA:66,4,0,0
BRDA:66,4,1,0
BRDA:71,5,0,0
BRDA:71,5,1,0
BRDA:76,6,0,0
BRDA:76,6,1,0
BRDA:83,7,0,0
BRDA:83,7,1,2
BRDA:91,8,0,2
BRDA:91,8,1,2
BRDA:91,8,2,0
BRDA:93,9,0,2
BRDA:93,9,1,0
BRDA:94,10,0,2
BRDA:94,10,1,2
BRDA:94,10,2,2
BRDA:94,10,3,2
BRDA:105,11,0,0
BRDA:105,11,1,0
BRDA:116,12,0,0
BRDA:116,12,1,3
BRDA:116,13,0,3
BRDA:116,13,1,3
BRDA:126,14,0,0
BRDA:126,14,1,2
BRDA:131,15,0,1
BRDA:131,15,1,1
BRDA:146,16,0,0
BRDA:146,17,0,0
BRDA:147,18,0,0
BRDA:147,18,1,0
BRDA:148,19,0,0
BRDA:148,19,1,0
BRDA:150,20,0,0
BRDA:150,20,1,0
BRDA:159,21,0,0
BRDA:159,21,1,0
BRDA:174,22,0,0
BRDA:174,22,1,0
BRDA:188,23,0,2
BRDA:188,23,1,1
BRDA:189,24,0,0
BRDA:189,24,1,3
BRDA:190,25,0,0
BRDA:190,25,1,0
BRDA:206,26,0,0
BRDA:206,26,1,0
BRDA:212,27,0,0
BRDA:212,27,1,0
BRF:57
BRH:17
end_of_record
TN:
SF:tools/business_tools.js
FN:8,generateFinancialProjections
FN:30,calculateDCF
FN:46,designTokenomics
FNF:3
FNH:0
FNDA:0,generateFinancialProjections
FNDA:0,calculateDCF
FNDA:0,designTokenomics
DA:10,0
DA:20,0
DA:36,0
DA:37,0
DA:47,0
DA:60,0
LF:6
LH:0
BRDA:32,0,0,0
BRDA:33,1,0,0
BRF:2
BRH:0
end_of_record
TN:
SF:tools/code_intelligence.js
FN:4,findUsages
FN:8,(anonymous_1)
FN:12,getModuleDependencies
FN:16,calculateCKMetrics
FN:24,get_full_codebase_context
FN:40,(anonymous_5)
FN:45,(anonymous_6)
FNF:7
FNH:0
FNDA:0,findUsages
FNDA:0,(anonymous_1)
FNDA:0,getModuleDependencies
FNDA:0,calculateCKMetrics
FNDA:0,get_full_codebase_context
FNDA:0,(anonymous_5)
FNDA:0,(anonymous_6)
DA:5,0
DA:8,3
DA:9,0
DA:13,0
DA:17,0
DA:25,0
DA:33,0
DA:34,0
DA:35,0
DA:36,0
DA:39,0
DA:40,0
DA:41,0
DA:42,0
DA:43,0
DA:44,0
DA:45,0
DA:46,0
DA:49,0
DA:52,0
DA:54,0
DA:55,0
LF:22
LH:1
BRDA:35,0,0,0
BRDA:35,0,1,0
BRDA:44,1,0,0
BRDA:44,1,1,0
BRDA:44,2,0,0
BRDA:44,2,1,0
BRF:6
BRH:0
end_of_record
TN:
SF:tools/file_system.js
FN:19,resolvePath
FN:54,readFile
FN:59,writeFile
FN:66,listFiles
FNF:4
FNH:1
FNDA:8,resolvePath
FNDA:0,readFile
FNDA:0,writeFile
FNDA:0,listFiles
DA:6,3
DA:20,8
DA:21,2
DA:24,6
DA:25,6
DA:28,6
DA:29,2
DA:33,4
DA:34,4
DA:35,2
DA:39,2
DA:40,2
DA:41,2
DA:42,0
DA:43,0
DA:44,0
DA:51,2
DA:55,0
DA:56,0
DA:60,0
DA:61,0
DA:62,0
DA:63,0
DA:67,0
DA:68,0
LF:25
LH:14
BRDA:6,0,0,3
BRDA:6,0,1,0
BRDA:20,1,0,2
BRDA:20,1,1,6
BRDA:20,2,0,8
BRDA:20,2,1,7
BRDA:28,3,0,2
BRDA:28,3,1,4
BRDA:28,4,0,6
BRDA:28,4,1,4
BRDA:33,5,0,4
BRDA:33,5,1,0
BRDA:34,6,0,2
BRDA:34,6,1,2
BRDA:39,7,0,2
BRDA:39,7,1,0
BRDA:43,8,0,0
BRDA:43,8,1,0
BRF:18
BRH:13
end_of_record
TN:
SF:tools/gemini_cli_tool.js
FN:5,execute
FN:6,(anonymous_1)
FN:14,(anonymous_2)
FN:15,(anonymous_3)
FN:16,(anonymous_4)
FN:21,(anonymous_5)
FNF:6
FNH:0
FNDA:0,execute
FNDA:0,(anonymous_1)
FNDA:0,(anonymous_2)
FNDA:0,(anonymous_3)
FNDA:0,(anonymous_4)
FNDA:0,(anonymous_5)
DA:6,0
DA:7,0
DA:8,0
DA:9,0
DA:10,0
DA:11,0
DA:12,0
DA:13,0
DA:14,0
DA:15,0
DA:16,0
DA:17,0
DA:21,0
LF:13
LH:0
BRDA:10,0,0,0
BRDA:10,0,1,0
BRDA:17,1,0,0
BRDA:17,1,1,0
BRF:4
BRH:0
end_of_record
TN:
SF:tools/research.js
FN:9,getFirecrawlClient
FN:19,deep_dive
FN:47,(anonymous_2)
FN:63,(anonymous_3)
FNF:4
FNH:0
FNDA:0,getFirecrawlClient
FNDA:0,deep_dive
FNDA:0,(anonymous_2)
FNDA:0,(anonymous_3)
DA:10,0
DA:11,0
DA:12,0
DA:14,0
DA:16,0
DA:21,0
DA:22,0
DA:23,0
DA:39,0
DA:40,0
DA:42,0
DA:46,0
DA:47,0
DA:50,0
DA:63,0
DA:65,0
DA:71,0
DA:72,0
LF:18
LH:0
BRDA:10,0,0,0
BRDA:10,0,1,0
BRDA:11,1,0,0
BRDA:11,1,1,0
BRDA:19,2,0,0
BRDA:31,3,0,0
BRDA:31,3,1,0
BRF:7
BRH:0
end_of_record
TN:
SF:tools/shell.js
FN:5,execute
FN:7,(anonymous_1)
FNF:2
FNH:0
FNDA:0,execute
FNDA:0,(anonymous_1)
DA:4,2
DA:6,0
DA:7,0
DA:8,0
DA:10,0
DA:11,0
DA:14,0
DA:15,0
DA:16,0
DA:18,0
LF:10
LH:1
BRDA:6,0,0,0
BRDA:6,0,1,0
BRDA:7,1,0,0
BRDA:7,1,1,0
BRDA:10,2,0,0
BRDA:10,2,1,0
BRF:6
BRH:0
end_of_record
TN:
SF:utils/errorHandler.js
FN:5,(anonymous_0)
FN:16,handleError
FN:47,withRetry
FN:50,(anonymous_3)
FN:59,(anonymous_4)
FNF:5
FNH:4
FNDA:9,(anonymous_0)
FNDA:0,handleError
FNDA:2,withRetry
FNDA:2,(anonymous_3)
FNDA:2,(anonymous_4)
DA:6,9
DA:7,9
DA:8,9
DA:9,9
DA:10,9
DA:11,9
DA:17,0
DA:18,0
DA:19,0
DA:20,0
DA:21,0
DA:24,0
DA:28,4
DA:36,4
DA:48,2
DA:50,2
DA:51,2
DA:52,4
DA:53,4
DA:55,3
DA:56,1
DA:58,2
DA:59,2
LF:23
LH:17
BRDA:17,0,0,0
BRDA:17,0,1,0
BRDA:20,1,0,0
BRDA:20,1,1,0
BRDA:47,2,0,0
BRDA:48,3,0,0
BRDA:48,4,0,1
BRDA:55,5,0,1
BRDA:55,5,1,2
BRDA:55,6,0,3
BRDA:55,6,1,3
BRF:11
BRH:5
end_of_record
TN:
SF:utils/localization.js
FN:17,t
FN:22,localizeError
FNF:2
FNH:2
FNDA:8,t
FNDA:2,localizeError
DA:1,5
DA:18,8
DA:23,2
LF:3
LH:3
BRDA:17,0,0,2
BRDA:18,1,0,8
BRDA:18,1,1,3
BRDA:18,1,2,2
BRF:4
BRH:4
end_of_record
TN:
SF:utils/queryCache.js
FN:8,cachedQuery
FN:9,(anonymous_1)
FNF:2
FNH:1
FNDA:3,cachedQuery
FNDA:0,(anonymous_1)
DA:3,3
DA:9,3
DA:10,0
DA:11,0
DA:12,0
DA:14,0
DA:15,0
DA:16,0
LF:8
LH:2
BRDA:12,0,0,0
BRDA:12,0,1,0
BRF:2
BRH:0
end_of_record
TN:
SF:utils/sanitization.js
FN:3,sanitizeToolCall
FN:10,(anonymous_1)
FNF:2
FNH:2
FNDA:13,sanitizeToolCall
FNDA:7,(anonymous_1)
DA:1,3
DA:5,13
DA:6,6
DA:10,7
DA:11,7
DA:13,6
DA:15,1
DA:17,7
LF:8
LH:8
BRDA:5,0,0,6
BRDA:5,0,1,7
BRDA:11,1,0,6
BRDA:11,1,1,1
BRF:4
BRH:4
end_of_record
